2025-05-04 11:10:29,971 [INFO] Activator:176 - 


2025-05-04 11:10:29,975 [INFO] Activator:177 - !SESSION log4j initialized
2025-05-04 11:10:35,523 [ERROR] LogOutputStream:75 - [STDERR_REDIRECT] May 04, 2025 11:10:35 AM org.glassfish.grizzly.http.server.NetworkListener start
2025-05-04 11:10:35,523 [ERROR] LogOutputStream:75 - [STDERR_REDIRECT] INFO: Started listener bound to [localhost:16721]
2025-05-04 11:10:35,524 [ERROR] LogOutputStream:75 - [STDERR_REDIRECT] 
2025-05-04 11:10:35,525 [ERROR] LogOutputStream:75 - [STDERR_REDIRECT] May 04, 2025 11:10:35 AM org.glassfish.grizzly.http.server.HttpServer start
2025-05-04 11:10:35,525 [ERROR] LogOutputStream:75 - [STDERR_REDIRECT] INFO: [HttpServer] Started.
2025-05-04 11:10:35,526 [ERROR] LogOutputStream:75 - [STDERR_REDIRECT] 
2025-05-04 11:10:35,720 [INFO] LogOutputStream:77 - [STDOUT_REDIRECT] 
2025-05-04 11:10:37,470 [INFO] ApplicationProperties:184 - Using Application install path: C:\ST\STM32CubeIDE_1.17.0\STM32CubeIDE\plugins\com.st.stm32cube.common.mx_6.14.1.202504091515
2025-05-04 11:10:37,486 [INFO] DbMcusXml:78 - Set database path to: C:\ST\STM32CubeIDE_1.17.0\STM32CubeIDE\plugins\com.st.stm32cube.common.mx_6.14.1.202504091515\\db\/mcu/
2025-05-04 11:10:37,486 [INFO] ApiDb:274 - Set plugin database path to: C:\ST\STM32CubeIDE_1.17.0\STM32CubeIDE\plugins\com.st.stm32cube.common.mx_6.14.1.202504091515\\db\/plugins/boardmanager/
2025-05-04 11:10:37,486 [WARN] ApiDb:259 - Overriding images path with different value:  => C:\ST\STM32CubeIDE_1.17.0\STM32CubeIDE\plugins\com.st.stm32cube.common.mx_6.14.1.202504091515\\db\/plugins/mcufinder/images/
2025-05-04 11:10:37,494 [INFO] ApiDb:250 - Set database path to: C:\Users\rouse\.stmcufinder\plugins\mcufinder//mcu/
2025-05-04 11:10:37,495 [INFO] DbMcusAds:125 - Set database path to: C:\Users\rouse\.stmcufinder\plugins\mcufinder//mcu/
2025-05-04 11:10:37,497 [INFO] CrossReferenceDbSqlite:203 - Set database path to: C:\Users\rouse\.stmcufinder\plugins\mcufinder//mcu/cs/
2025-05-04 11:10:37,598 [INFO] RulesReader:64 - Compatibility file has been processed (302 Rules)
2025-05-04 11:10:37,667 [INFO] DbMcusXml:78 - Set database path to: C:\ST\STM32CubeIDE_1.17.0\STM32CubeIDE\plugins\com.st.stm32cube.common.mx_6.14.1.202504091515\\db\/mcu/
2025-05-04 11:10:37,667 [INFO] ApiDb:274 - Set plugin database path to: C:\ST\STM32CubeIDE_1.17.0\STM32CubeIDE\plugins\com.st.stm32cube.common.mx_6.14.1.202504091515\\db\/plugins/boardmanager/
2025-05-04 11:10:37,667 [INFO] ApiDb:261 - Set plugin images path to: C:\ST\STM32CubeIDE_1.17.0\STM32CubeIDE\plugins\com.st.stm32cube.common.mx_6.14.1.202504091515\\db\/plugins/mcufinder/images/
2025-05-04 11:10:37,667 [WARN] DbFile:41 - Overriding database path with different value: C:\Users\rouse\.stmcufinder\plugins\mcufinder/ => C:\Users\rouse\.stmcufinder\plugins\mcufinder
2025-05-04 11:10:37,667 [INFO] ApiDb:250 - Set database path to: C:\Users\rouse\.stmcufinder\plugins\mcufinder//mcu/
2025-05-04 11:10:37,668 [WARN] DbFile:41 - Overriding database path with different value: C:\Users\rouse\.stmcufinder\plugins\mcufinder/ => C:\Users\rouse\.stmcufinder\plugins\mcufinder
2025-05-04 11:10:37,668 [INFO] DbMcusAds:125 - Set database path to: C:\Users\rouse\.stmcufinder\plugins\mcufinder//mcu/
2025-05-04 11:10:37,668 [WARN] DbFile:41 - Overriding database path with different value: C:\Users\rouse\.stmcufinder\plugins\mcufinder/ => C:\Users\rouse\.stmcufinder\plugins\mcufinder
2025-05-04 11:10:37,668 [WARN] DbFile:41 - Overriding database path with different value: C:\Users\rouse\.stmcufinder\plugins\mcufinder/ => C:\Users\rouse\.stmcufinder\plugins\mcufinder
2025-05-04 11:10:37,668 [INFO] CrossReferenceDbSqlite:203 - Set database path to: C:\Users\rouse\.stmcufinder\plugins\mcufinder//mcu/cs/
2025-05-04 11:10:37,732 [INFO] MainPanel:272 - HeapMemory: 274726912
2025-05-04 11:10:37,842 [INFO] DbMcusXml:78 - Set database path to: C:\ST\STM32CubeIDE_1.17.0\STM32CubeIDE\plugins\com.st.stm32cube.common.mx_6.14.1.202504091515\\db\/mcu/
2025-05-04 11:10:37,842 [INFO] ApiDb:274 - Set plugin database path to: C:\ST\STM32CubeIDE_1.17.0\STM32CubeIDE\plugins\com.st.stm32cube.common.mx_6.14.1.202504091515\\db\/plugins/boardmanager/
2025-05-04 11:10:37,843 [INFO] ApiDb:261 - Set plugin images path to: C:\ST\STM32CubeIDE_1.17.0\STM32CubeIDE\plugins\com.st.stm32cube.common.mx_6.14.1.202504091515\\db\/plugins/mcufinder/images/
2025-05-04 11:10:37,843 [WARN] DbFile:41 - Overriding database path with different value: C:\Users\rouse\.stmcufinder\plugins\mcufinder/ => C:\Users\rouse\.stmcufinder\plugins\mcufinder
2025-05-04 11:10:37,843 [INFO] ApiDb:250 - Set database path to: C:\Users\rouse\.stmcufinder\plugins\mcufinder//mcu/
2025-05-04 11:10:37,843 [WARN] DbFile:41 - Overriding database path with different value: C:\Users\rouse\.stmcufinder\plugins\mcufinder/ => C:\Users\rouse\.stmcufinder\plugins\mcufinder
2025-05-04 11:10:37,843 [INFO] DbMcusAds:125 - Set database path to: C:\Users\rouse\.stmcufinder\plugins\mcufinder//mcu/
2025-05-04 11:10:37,843 [WARN] DbFile:41 - Overriding database path with different value: C:\Users\rouse\.stmcufinder\plugins\mcufinder/ => C:\Users\rouse\.stmcufinder\plugins\mcufinder
2025-05-04 11:10:37,843 [WARN] DbFile:41 - Overriding database path with different value: C:\Users\rouse\.stmcufinder\plugins\mcufinder/ => C:\Users\rouse\.stmcufinder\plugins\mcufinder
2025-05-04 11:10:37,843 [INFO] CrossReferenceDbSqlite:203 - Set database path to: C:\Users\rouse\.stmcufinder\plugins\mcufinder//mcu/cs/
2025-05-04 11:10:37,860 [INFO] ApplicationProperties:184 - Using Application install path: C:\ST\STM32CubeIDE_1.17.0\STM32CubeIDE\plugins\com.st.stm32cube.common.mx_6.14.1.202504091515
2025-05-04 11:10:37,861 [INFO] PluginManage:196 - Search for loadable plugins [exclusion list=, ]
2025-05-04 11:10:37,862 [INFO] PluginManage:310 - Check plugin analytics
2025-05-04 11:10:38,003 [INFO] AnalyticsPlugin:253 - Accepted Software Licenses: STM32CubeMX.6.14.0,STM32CubeMX.6.13.0
2025-05-04 11:10:38,003 [INFO] AnalyticsPlugin:255 - Accepted CMSIS Pack Licenses: 
2025-05-04 11:10:38,004 [INFO] AnalyticsPlugin:257 - Accepted Firmware Licenses: FW.C0.1.3.0
2025-05-04 11:10:38,005 [INFO] PluginManage:359 - Loaded plugin analytics (category:tool,tabindex:-1)
2025-05-04 11:10:38,006 [INFO] PluginManage:310 - Check plugin cadmodel
2025-05-04 11:10:38,011 [INFO] CADModel:105 - Init CAD model plugin
2025-05-04 11:10:38,011 [INFO] PluginManage:359 - Loaded plugin cadmodel (category:power,tabindex:5)
2025-05-04 11:10:38,011 [INFO] PluginManage:310 - Check plugin clock
2025-05-04 11:10:38,021 [INFO] PluginManage:359 - Loaded plugin clock (category:base,tabindex:2)
2025-05-04 11:10:38,021 [INFO] PluginManage:310 - Check plugin ddr
2025-05-04 11:10:38,024 [INFO] PluginManage:359 - Loaded plugin ddr (category:tool,tabindex:6)
2025-05-04 11:10:38,024 [INFO] PluginManage:310 - Check plugin filemanager
2025-05-04 11:10:38,141 [INFO] PluginManage:359 - Loaded plugin filemanager (category:base,tabindex:10)
2025-05-04 11:10:38,141 [INFO] PluginManage:310 - Check plugin ipmanager
2025-05-04 11:10:38,146 [INFO] PluginManage:359 - Loaded plugin ipmanager (category:base,tabindex:5)
2025-05-04 11:10:38,147 [INFO] PluginManage:310 - Check plugin lpbam
2025-05-04 11:10:38,153 [INFO] PluginManage:359 - Loaded plugin lpbam (category:base,tabindex:0)
2025-05-04 11:10:38,153 [INFO] PluginManage:310 - Check plugin memorymap
2025-05-04 11:10:38,163 [INFO] PluginManage:359 - Loaded plugin memorymap (category:base,tabindex:4)
2025-05-04 11:10:38,163 [INFO] PluginManage:310 - Check plugin pinoutandconfiguration
2025-05-04 11:10:38,170 [INFO] PluginManage:359 - Loaded plugin pinoutandconfiguration (category:base,tabindex:1)
2025-05-04 11:10:38,170 [INFO] PluginManage:310 - Check plugin pinoutconfig
2025-05-04 11:10:38,236 [WARN] SupportedApi:132 - Cannot load RTOS API schema: s4s-elt-must-match.1: The content of 'definitions' must match (annotation?, (simpleType | complexType)?, (unique | key | keyref)*)). A problem was found starting at: attribute.
2025-05-04 11:10:38,340 [INFO] PluginManage:359 - Loaded plugin pinoutconfig (category:base,tabindex:0)
2025-05-04 11:10:38,340 [INFO] PluginManage:310 - Check plugin power
2025-05-04 11:10:38,348 [INFO] PluginManage:359 - Loaded plugin power (category:power,tabindex:4)
2025-05-04 11:10:38,348 [INFO] PluginManage:310 - Check plugin projectmanager
2025-05-04 11:10:38,358 [INFO] PluginManage:359 - Loaded plugin projectmanager (category:projectmanager,tabindex:4)
2025-05-04 11:10:38,358 [INFO] PluginManage:310 - Check plugin rif
2025-05-04 11:10:38,366 [INFO] PluginManage:359 - Loaded plugin rif (category:base,tabindex:3)
2025-05-04 11:10:38,366 [INFO] PluginManage:310 - Check plugin thirdparty
2025-05-04 11:10:38,493 [WARN] IntegrityCheckThread:84 - waiting for thirdparty lock release [integrity check]
2025-05-04 11:10:38,493 [INFO] IntegrityCheckThread:86 - entering critical section [integrity check]
2025-05-04 11:10:38,493 [INFO] PluginManage:359 - Loaded plugin thirdparty (category:base,tabindex:-1)
2025-05-04 11:10:38,493 [INFO] ThirdPartyUpdaterWithRetryManager:70 - Updater plugin not ready yet. [1/15]
2025-05-04 11:10:38,493 [INFO] PluginManage:310 - Check plugin tools
2025-05-04 11:10:38,497 [INFO] PluginManage:359 - Loaded plugin tools (category:base,tabindex:7)
2025-05-04 11:10:38,497 [INFO] PluginManage:310 - Check plugin tutovideos
2025-05-04 11:10:38,654 [INFO] PluginManage:359 - Loaded plugin tutovideos (category:base,tabindex:-1)
2025-05-04 11:10:38,655 [INFO] PluginManage:310 - Check plugin updater
2025-05-04 11:10:38,672 [INFO] PluginManage:359 - Loaded plugin updater (category:base,tabindex:12)
2025-05-04 11:10:38,672 [INFO] PluginManage:310 - Check plugin userauth
2025-05-04 11:10:38,676 [INFO] UserAuth:118 - Init User Auth plugin
2025-05-04 11:10:38,676 [INFO] PluginManage:359 - Loaded plugin userauth (category:base,tabindex:14)
2025-05-04 11:10:38,676 [INFO] PluginManage:283 - PluginManage : Loaded plugins [18]
2025-05-04 11:10:38,850 [INFO] PinOutPanel:1589 - setPackage(No Configuration,No Configuration)
2025-05-04 11:10:38,927 [INFO] CADModel:165 - CPN selected for project level
2025-05-04 11:10:38,927 [INFO] CADModel:114 - Register for checkConnection events
2025-05-04 11:10:38,948 [INFO] IPUIPlugin:80 - create IPUIPlugin
2025-05-04 11:10:38,948 [INFO] PluginManager:220 - loadIPPluginJar : add adc
2025-05-04 11:10:38,952 [INFO] IPUIPlugin:80 - create IPUIPlugin
2025-05-04 11:10:38,952 [INFO] PluginManager:220 - loadIPPluginJar : add aes
2025-05-04 11:10:38,954 [INFO] IPUIPlugin:80 - create IPUIPlugin
2025-05-04 11:10:38,954 [INFO] PluginManager:220 - loadIPPluginJar : add can
2025-05-04 11:10:38,957 [INFO] IPUIPlugin:80 - create IPUIPlugin
2025-05-04 11:10:38,957 [INFO] PluginManager:220 - loadIPPluginJar : add comp
2025-05-04 11:10:38,959 [INFO] IPUIPlugin:80 - create IPUIPlugin
2025-05-04 11:10:38,959 [INFO] PluginManager:220 - loadIPPluginJar : add cryp
2025-05-04 11:10:38,962 [INFO] IPUIPlugin:80 - create IPUIPlugin
2025-05-04 11:10:38,962 [INFO] PluginManager:220 - loadIPPluginJar : add ddr_ctrl_phy
2025-05-04 11:10:38,964 [INFO] IPUIPlugin:80 - create IPUIPlugin
2025-05-04 11:10:38,964 [INFO] PluginManager:220 - loadIPPluginJar : add dfsdm
2025-05-04 11:10:38,970 [INFO] IPUIPlugin:80 - create IPUIPlugin
2025-05-04 11:10:38,970 [INFO] PluginManager:220 - loadIPPluginJar : add dma
2025-05-04 11:10:38,973 [INFO] IPUIPlugin:80 - create IPUIPlugin
2025-05-04 11:10:38,973 [INFO] PluginManager:220 - loadIPPluginJar : add dma3
2025-05-04 11:10:38,976 [INFO] IPUIPlugin:80 - create IPUIPlugin
2025-05-04 11:10:38,976 [INFO] PluginManager:220 - loadIPPluginJar : add extmemmanager
2025-05-04 11:10:38,978 [INFO] IPUIPlugin:80 - create IPUIPlugin
2025-05-04 11:10:38,978 [INFO] PluginManager:220 - loadIPPluginJar : add fatfs
2025-05-04 11:10:38,983 [INFO] IPUIPlugin:80 - create IPUIPlugin
2025-05-04 11:10:38,983 [INFO] PluginManager:220 - loadIPPluginJar : add fmc
2025-05-04 11:10:38,988 [INFO] IPUIPlugin:80 - create IPUIPlugin
2025-05-04 11:10:38,989 [INFO] PluginManager:220 - loadIPPluginJar : add freertos
2025-05-04 11:10:38,990 [INFO] IPUIPlugin:80 - create IPUIPlugin
2025-05-04 11:10:38,990 [INFO] PluginManager:220 - loadIPPluginJar : add genericplugin
2025-05-04 11:10:38,993 [INFO] IPUIPlugin:80 - create IPUIPlugin
2025-05-04 11:10:38,993 [INFO] PluginManager:220 - loadIPPluginJar : add gfxmmu
2025-05-04 11:10:38,999 [INFO] IPUIPlugin:80 - create IPUIPlugin
2025-05-04 11:10:38,999 [INFO] PluginManager:220 - loadIPPluginJar : add gic
2025-05-04 11:10:39,003 [INFO] IPUIPlugin:80 - create IPUIPlugin
2025-05-04 11:10:39,003 [INFO] PluginManager:220 - loadIPPluginJar : add gpio
2025-05-04 11:10:39,007 [INFO] IPUIPlugin:80 - create IPUIPlugin
2025-05-04 11:10:39,007 [INFO] PluginManager:220 - loadIPPluginJar : add gtzc
2025-05-04 11:10:39,009 [INFO] IPUIPlugin:80 - create IPUIPlugin
2025-05-04 11:10:39,010 [INFO] PluginManager:220 - loadIPPluginJar : add hash
2025-05-04 11:10:39,012 [INFO] IPUIPlugin:80 - create IPUIPlugin
2025-05-04 11:10:39,012 [INFO] PluginManager:220 - loadIPPluginJar : add i2c
2025-05-04 11:10:39,014 [INFO] IPUIPlugin:80 - create IPUIPlugin
2025-05-04 11:10:39,014 [INFO] PluginManager:220 - loadIPPluginJar : add i2s
2025-05-04 11:10:39,018 [INFO] IPUIPlugin:80 - create IPUIPlugin
2025-05-04 11:10:39,018 [INFO] PluginManager:220 - loadIPPluginJar : add i3c
2025-05-04 11:10:39,021 [INFO] IPUIPlugin:80 - create IPUIPlugin
2025-05-04 11:10:39,022 [INFO] PluginManager:220 - loadIPPluginJar : add ipddr
2025-05-04 11:10:39,029 [INFO] IPUIPlugin:80 - create IPUIPlugin
2025-05-04 11:10:39,029 [INFO] PluginManager:220 - loadIPPluginJar : add linkedlist
2025-05-04 11:10:39,031 [INFO] IPUIPlugin:80 - create IPUIPlugin
2025-05-04 11:10:39,032 [INFO] PluginManager:220 - loadIPPluginJar : add lorawan
2025-05-04 11:10:39,033 [INFO] IPUIPlugin:80 - create IPUIPlugin
2025-05-04 11:10:39,033 [INFO] PluginManager:220 - loadIPPluginJar : add ltdc
2025-05-04 11:10:39,038 [INFO] IPUIPlugin:80 - create IPUIPlugin
2025-05-04 11:10:39,038 [INFO] PluginManager:220 - loadIPPluginJar : add mdma
2025-05-04 11:10:39,041 [INFO] IPUIPlugin:80 - create IPUIPlugin
2025-05-04 11:10:39,041 [INFO] PluginManager:220 - loadIPPluginJar : add nvic
2025-05-04 11:10:39,042 [INFO] IPUIPlugin:80 - create IPUIPlugin
2025-05-04 11:10:39,043 [INFO] PluginManager:220 - loadIPPluginJar : add opamp
2025-05-04 11:10:39,045 [INFO] IPUIPlugin:80 - create IPUIPlugin
2025-05-04 11:10:39,045 [INFO] PluginManager:220 - loadIPPluginJar : add openamp
2025-05-04 11:10:39,048 [INFO] IPUIPlugin:80 - create IPUIPlugin
2025-05-04 11:10:39,048 [INFO] PluginManager:220 - loadIPPluginJar : add pdm2pcm
2025-05-04 11:10:39,053 [INFO] IPUIPlugin:80 - create IPUIPlugin
2025-05-04 11:10:39,054 [INFO] PluginManager:220 - loadIPPluginJar : add plateformsettings
2025-05-04 11:10:39,056 [INFO] IPUIPlugin:80 - create IPUIPlugin
2025-05-04 11:10:39,056 [INFO] PluginManager:220 - loadIPPluginJar : add quadspi
2025-05-04 11:10:39,057 [INFO] IPUIPlugin:80 - create IPUIPlugin
2025-05-04 11:10:39,057 [INFO] PluginManager:220 - loadIPPluginJar : add radio
2025-05-04 11:10:39,060 [INFO] IPUIPlugin:80 - create IPUIPlugin
2025-05-04 11:10:39,061 [INFO] PluginManager:220 - loadIPPluginJar : add resmgrutility
2025-05-04 11:10:39,063 [INFO] IPUIPlugin:80 - create IPUIPlugin
2025-05-04 11:10:39,063 [INFO] PluginManager:220 - loadIPPluginJar : add sai
2025-05-04 11:10:39,065 [INFO] IPUIPlugin:80 - create IPUIPlugin
2025-05-04 11:10:39,065 [INFO] PluginManager:220 - loadIPPluginJar : add spi
2025-05-04 11:10:39,069 [INFO] IPUIPlugin:80 - create IPUIPlugin
2025-05-04 11:10:39,069 [INFO] PluginManager:220 - loadIPPluginJar : add stm32_wpan
2025-05-04 11:10:39,071 [INFO] IPUIPlugin:80 - create IPUIPlugin
2025-05-04 11:10:39,071 [INFO] PluginManager:220 - loadIPPluginJar : add tim
2025-05-04 11:10:39,074 [INFO] IPUIPlugin:80 - create IPUIPlugin
2025-05-04 11:10:39,074 [INFO] PluginManager:220 - loadIPPluginJar : add touchsensing
2025-05-04 11:10:39,076 [INFO] IPUIPlugin:80 - create IPUIPlugin
2025-05-04 11:10:39,076 [INFO] PluginManager:220 - loadIPPluginJar : add tracer_emb
2025-05-04 11:10:39,078 [INFO] IPUIPlugin:80 - create IPUIPlugin
2025-05-04 11:10:39,079 [INFO] PluginManager:220 - loadIPPluginJar : add ts
2025-05-04 11:10:39,080 [INFO] IPUIPlugin:80 - create IPUIPlugin
2025-05-04 11:10:39,080 [INFO] PluginManager:220 - loadIPPluginJar : add tsc
2025-05-04 11:10:39,081 [INFO] IPUIPlugin:80 - create IPUIPlugin
2025-05-04 11:10:39,081 [INFO] PluginManager:220 - loadIPPluginJar : add ucpd
2025-05-04 11:10:39,084 [INFO] IPUIPlugin:80 - create IPUIPlugin
2025-05-04 11:10:39,084 [INFO] PluginManager:220 - loadIPPluginJar : add usart
2025-05-04 11:10:39,087 [INFO] IPUIPlugin:80 - create IPUIPlugin
2025-05-04 11:10:39,087 [INFO] PluginManager:220 - loadIPPluginJar : add usbx
2025-05-04 11:10:39,199 [FATAL] Updater:351 - Updater called before beeing initialized
2025-05-04 11:10:39,222 [INFO] RulesReader:64 - Compatibility file has been processed (302 Rules)
2025-05-04 11:10:39,230 [INFO] RulesReader:64 - Compatibility file has been processed (302 Rules)
2025-05-04 11:10:39,238 [INFO] CADModel:165 - CPN selected for project level
2025-05-04 11:10:39,238 [INFO] CADModel:114 - Register for checkConnection events
2025-05-04 11:10:39,238 [FATAL] Updater:351 - Updater called before beeing initialized
2025-05-04 11:10:39,238 [ERROR] CADModel:125 - Updater not yet initialized, retry later 
2025-05-04 11:10:39,362 [FATAL] Updater:351 - Updater called before beeing initialized
2025-05-04 11:10:39,363 [INFO] CADModel:165 - CPN selected for project level
2025-05-04 11:10:39,363 [INFO] CADModel:114 - Register for checkConnection events
2025-05-04 11:10:39,363 [FATAL] Updater:351 - Updater called before beeing initialized
2025-05-04 11:10:39,363 [ERROR] CADModel:125 - Updater not yet initialized, retry later 
2025-05-04 11:10:39,377 [FATAL] Updater:351 - Updater called before beeing initialized
2025-05-04 11:10:39,456 [FATAL] Updater:351 - Updater called before beeing initialized
2025-05-04 11:10:39,459 [INFO] DbMcusAds:53 - JSON generation date=Thu Mar 06 09:54:22 EST 2025 (1741272862078)
2025-05-04 11:10:39,460 [FATAL] Updater:351 - Updater called before beeing initialized
2025-05-04 11:10:39,498 [WARN] DetailPanel:346 - Failed to get advertising image, set to default
2025-05-04 11:10:39,709 [FATAL] Updater:351 - Updater called before beeing initialized
2025-05-04 11:10:39,711 [FATAL] Updater:351 - Updater called before beeing initialized
2025-05-04 11:10:39,711 [FATAL] Updater:351 - Updater called before beeing initialized
2025-05-04 11:10:39,711 [WARN] DetailPanel:346 - Failed to get advertising image, set to default
2025-05-04 11:10:39,712 [FATAL] Updater:351 - Updater called before beeing initialized
2025-05-04 11:10:39,751 [ERROR] Updater:1198 - MainUpdater not yet initialized. External WinMGr cannot be set.
2025-05-04 11:10:39,753 [INFO] Updater:1134 - Updater Version found : 6.14.1
2025-05-04 11:10:39,769 [INFO] ApplicationProperties:184 - Using Application install path: C:\ST\STM32CubeIDE_1.17.0\STM32CubeIDE\plugins\com.st.stm32cube.common.mx_6.14.1.202504091515
2025-05-04 11:10:41,334 [ERROR] LogOutputStream:75 - [STDERR_REDIRECT] May 04, 2025 11:10:41 AM java.util.prefs.WindowsPreferences <init>
2025-05-04 11:10:41,335 [ERROR] LogOutputStream:75 - [STDERR_REDIRECT] WARNING: Could not open/create prefs root node Software\JavaSoft\Prefs at root 0xffffffff80000002. Windows RegCreateKeyEx(...) returned error code 5.
2025-05-04 11:10:41,335 [ERROR] LogOutputStream:75 - [STDERR_REDIRECT] 
2025-05-04 11:10:41,495 [INFO] ThirdPartyUpdaterWithRetryManager:70 - Updater plugin not ready yet. [2/15]
2025-05-04 11:10:41,829 [INFO] MainUpdater:2872 - connection check result : 10
2025-05-04 11:10:41,830 [INFO] MainUpdater:289 - Updater Check For Update Now.
2025-05-04 11:10:41,830 [INFO] MicroXplorer:498 - Change Database Version : DB.6.0.141
2025-05-04 11:10:41,834 [INFO] McuFinderGlobals:63 - Set McuFinder mode to 2 (CubeIDE integrated)
2025-05-04 11:10:41,835 [INFO] UserAuth:484 - Internet connection configuration mode: 1
2025-05-04 11:10:41,869 [INFO] JxBrowserEngine:152 - Initiate JxBrowser Engine with user profile folder
2025-05-04 11:10:41,994 [INFO] CheckServerUpdateThread:120 - End of CheckServer Thread
2025-05-04 11:10:42,880 [INFO] WebApp:169 - Instantiating new browser for Auth
2025-05-04 11:10:43,417 [INFO] WebApp:463 - Apply proxy settings
2025-05-04 11:10:43,418 [INFO] WebApp:548 - Chromium requires no authentication
2025-05-04 11:10:43,424 [INFO] WebApp:491 - Direct internet connection detected
2025-05-04 11:10:43,440 [INFO] WebApp:894 - Register for checkConnection events
2025-05-04 11:10:43,441 [INFO] WebApp:463 - Apply proxy settings
2025-05-04 11:10:43,441 [INFO] WebApp:548 - Chromium requires no authentication
2025-05-04 11:10:43,441 [INFO] WebApp:491 - Direct internet connection detected
2025-05-04 11:10:43,554 [INFO] WebApp:191 - Connection restablished
2025-05-04 11:10:43,592 [INFO] WebApp:225 - Starting web application
2025-05-04 11:10:43,593 [INFO] WebApp:593 - Web application path used C:\ST\STM32CubeIDE_1.17.0\STM32CubeIDE\plugins\com.st.stm32cube.common.mx_6.14.1.202504091515\db\plugins\mcufinder\reactClient1\index.html
2025-05-04 11:10:43,651 [INFO] UserAuth:484 - Internet connection configuration mode: 1
2025-05-04 11:10:44,667 [WARN] PackLoader:240 - Cannot read IP mode file for STMicroelectronics.FP-SNS-MOTENVWB1.1.4.0
2025-05-04 11:10:44,673 [WARN] PackLoader:240 - Cannot read IP mode file for STMicroelectronics.FP-ATR-ASTRA1.2.0.2
2025-05-04 11:10:44,676 [WARN] PackLoader:240 - Cannot read IP mode file for STMicroelectronics.FP-ATR-ASTRA1.2.0.1
2025-05-04 11:10:44,680 [WARN] PackLoader:240 - Cannot read IP mode file for STMicroelectronics.X-CUBE-SMBUS.2.1.0
2025-05-04 11:10:44,685 [WARN] PackLoader:240 - Cannot read IP mode file for STMicroelectronics.X-CUBE-WB05N.1.1.0
2025-05-04 11:10:44,705 [WARN] PackLoader:240 - Cannot read IP mode file for STMicroelectronics.X-CUBE-AZRTOS-F7.1.1.0
2025-05-04 11:10:44,710 [WARN] PackLoader:240 - Cannot read IP mode file for STMicroelectronics.FP-SNS-FLIGHT1.5.0.2
2025-05-04 11:10:44,731 [WARN] PackLoader:240 - Cannot read IP mode file for Infineon.AIROC-Wi-Fi-Bluetooth-STM32.1.7.0
2025-05-04 11:10:44,739 [WARN] PackLoader:240 - Cannot read IP mode file for STMicroelectronics.X-CUBE-DISPLAY.3.0.0
2025-05-04 11:10:44,746 [WARN] PackLoader:240 - Cannot read IP mode file for STMicroelectronics.X-CUBE-BLE1.7.0.0
2025-05-04 11:10:44,750 [WARN] PackLoader:240 - Cannot read IP mode file for STMicroelectronics.X-CUBE-NFC10.1.0.0
2025-05-04 11:10:44,757 [WARN] PackLoader:240 - Cannot read IP mode file for STMicroelectronics.X-CUBE-BLEMGR.4.0.0
2025-05-04 11:10:44,763 [WARN] PackLoader:240 - Cannot read IP mode file for emotas.I-CUBE-CANOPEN.1.3.0
2025-05-04 11:10:44,767 [WARN] PackLoader:240 - Cannot read IP mode file for STMicroelectronics.X-CUBE-AI.10.0.0
2025-05-04 11:10:44,770 [WARN] PackLoader:240 - Cannot read IP mode file for STMicroelectronics.FP-SNS-SMARTAG2.1.2.0
2025-05-04 11:10:44,773 [WARN] PackLoader:240 - Cannot read IP mode file for STMicroelectronics.FP-SNS-FLIGHT1.5.1.0
2025-05-04 11:10:44,798 [WARN] PackLoader:240 - Cannot read IP mode file for STMicroelectronics.X-CUBE-MEMS1.11.1.0
2025-05-04 11:10:44,883 [INFO] LogOutputStream:77 - [STDOUT_REDIRECT] 1 : Invalid condition id : UX_CORESTACK_Condition cause : null
2025-05-04 11:10:44,884 [INFO] LogOutputStream:77 - [STDOUT_REDIRECT] 1 : Invalid condition id : UX_CORESTACK_Condition cause : null
2025-05-04 11:10:44,885 [INFO] LogOutputStream:77 - [STDOUT_REDIRECT] 1 : Invalid condition id : UX_CORESTACK_Condition cause : null
2025-05-04 11:10:44,886 [INFO] LogOutputStream:77 - [STDOUT_REDIRECT] 1 : Invalid condition id : UX_CORESTACK_Condition cause : null
2025-05-04 11:10:44,887 [INFO] LogOutputStream:77 - [STDOUT_REDIRECT] 1 : Invalid condition id : UX_CORESTACK_Condition cause : null
2025-05-04 11:10:44,890 [WARN] PackLoader:240 - Cannot read IP mode file for STMicroelectronics.X-CUBE-AZRTOS-WL.2.0.0
2025-05-04 11:10:44,897 [WARN] PackLoader:240 - Cannot read IP mode file for STMicroelectronics.FP-SNS-MOTENV1.5.0.0
2025-05-04 11:10:44,901 [WARN] PackLoader:240 - Cannot read IP mode file for wolfSSL.I-CUBE-wolfMQTT.1.19.0
2025-05-04 11:10:44,908 [WARN] PackLoader:240 - Cannot read IP mode file for WES.I-CUBE-Cesium.1.3.0
2025-05-04 11:10:44,914 [WARN] PackLoader:240 - Cannot read IP mode file for STMicroelectronics.X-CUBE-BLE2.3.3.0
2025-05-04 11:10:44,942 [WARN] PackLoader:240 - Cannot read IP mode file for STMicroelectronics.X-CUBE-NFC9.1.0.0
2025-05-04 11:10:44,948 [WARN] PackLoader:240 - Cannot read IP mode file for STMicroelectronics.X-CUBE-BLE1.7.1.0
2025-05-04 11:10:44,986 [WARN] PackLoader:240 - Cannot read IP mode file for STMicroelectronics.X-CUBE-MEMS1.11.2.0
2025-05-04 11:10:45,055 [WARN] PackLoader:240 - Cannot read IP mode file for STMicroelectronics.X-CUBE-AZRTOS-G0.1.1.0
2025-05-04 11:10:45,062 [WARN] PackLoader:240 - Cannot read IP mode file for STMicroelectronics.X-CUBE-SAFEA1.1.2.2
2025-05-04 11:10:45,066 [WARN] PackLoader:240 - Cannot read IP mode file for STMicroelectronics.X-CUBE-NFC4.3.0.0
2025-05-04 11:10:45,074 [WARN] PackLoader:240 - Cannot read IP mode file for EmbeddedOffice.I-CUBE-FS-RTOS.1.0.1
2025-05-04 11:10:45,079 [WARN] PackLoader:240 - Cannot read IP mode file for STMicroelectronics.X-CUBE-WB05N.2.0.0
2025-05-04 11:10:45,084 [WARN] PackLoader:240 - Cannot read IP mode file for STMicroelectronics.X-CUBE-TCPP.4.2.0
2025-05-04 11:10:45,089 [WARN] PackLoader:240 - Cannot read IP mode file for RealThread.X-CUBE-RT-Thread_Nano.4.1.1
2025-05-04 11:10:45,093 [WARN] PackLoader:240 - Cannot read IP mode file for STMicroelectronics.FP-ATR-SIGFOX1.3.2.0
2025-05-04 11:10:45,097 [WARN] ConditionMgr:438 - getConditionDescription Invalid condition id : Cortex-A Device cause : null
2025-05-04 11:10:45,108 [WARN] ConditionMgr:1044 - genDependencies : Invalid condition id : Cortex-A Device cause : null
2025-05-04 11:10:45,109 [WARN] ConditionMgr:1044 - genDependencies : Invalid condition id : Cortex-A Device cause : null
2025-05-04 11:10:45,109 [WARN] ConditionMgr:1044 - genDependencies : Invalid condition id : Cortex-A Device cause : null
2025-05-04 11:10:45,113 [WARN] PackLoader:240 - Cannot read IP mode file for STMicroelectronics.X-CUBE-EEPRMA1.5.1.0
2025-05-04 11:10:45,118 [WARN] PackLoader:240 - Cannot read IP mode file for wolfSSL.I-CUBE-wolfSSL.5.7.6
2025-05-04 11:10:45,122 [WARN] PackLoader:240 - Cannot read IP mode file for ITTIA_DB.I-CUBE-ITTIADB.8.9.0
2025-05-04 11:10:45,137 [WARN] PackLoader:240 - Cannot read IP mode file for SEGGER.I-CUBE-embOS.1.3.1
2025-05-04 11:10:45,156 [WARN] PackLoader:240 - Cannot read IP mode file for STMicroelectronics.X-CUBE-ALGOBUILD.1.4.0
2025-05-04 11:10:45,165 [WARN] PackLoader:240 - Cannot read IP mode file for STMicroelectronics.X-CUBE-AZRTOS-F4.1.1.0
2025-05-04 11:10:45,169 [WARN] PackLoader:240 - Cannot read IP mode file for Avnet-IotConnect.X-CUBE-IoTC-DA16k-PMOD.1.0.0
2025-05-04 11:10:45,173 [WARN] PackLoader:240 - Cannot read IP mode file for STMicroelectronics.X-CUBE-ISPU.2.1.0
2025-05-04 11:10:45,184 [WARN] PackLoader:240 - Cannot read IP mode file for STMicroelectronics.X-CUBE-AZRTOS-L5.2.0.0
2025-05-04 11:10:45,190 [WARN] PackLoader:240 - Cannot read IP mode file for STMicroelectronics.X-CUBE-NFC6.3.1.0
2025-05-04 11:10:45,194 [WARN] PackLoader:240 - Cannot read IP mode file for STMicroelectronics.X-CUBE-DPower.1.2.0
2025-05-04 11:10:45,198 [WARN] PackLoader:240 - Cannot read IP mode file for STMicroelectronics.X-CUBE-FREERTOS.1.3.0
2025-05-04 11:10:45,201 [WARN] PackLoader:240 - Cannot read IP mode file for STMicroelectronics.X-CUBE-NFC7.1.0.1
2025-05-04 11:10:45,205 [WARN] PackLoader:240 - Cannot read IP mode file for STMicroelectronics.X-CUBE-DPower.1.3.0
2025-05-04 11:10:45,213 [WARN] ConditionMgr:438 - getConditionDescription Invalid condition id : LAN8742 Phy interface Condition cause : null
2025-05-04 11:10:45,213 [WARN] PackLoader:240 - Cannot read IP mode file for STMicroelectronics.X-CUBE-AZRTOS-L4.2.0.0
2025-05-04 11:10:45,214 [WARN] ConditionMgr:1044 - genDependencies : Invalid condition id : LAN8742 Phy interface Condition cause : null
2025-05-04 11:10:45,214 [WARN] ConditionMgr:1044 - genDependencies : Invalid condition id : LAN8742 Phy interface Condition cause : null
2025-05-04 11:10:45,215 [WARN] ConditionMgr:1044 - genDependencies : Invalid condition id : LAN8742 Phy interface Condition cause : null
2025-05-04 11:10:45,221 [WARN] PackLoader:240 - Cannot read IP mode file for STMicroelectronics.X-CUBE-SFXS2LP1.4.0.0
2025-05-04 11:10:45,233 [WARN] PackLoader:240 - Cannot read IP mode file for STMicroelectronics.X-CUBE-AZRTOS-H7.3.3.0
2025-05-04 11:10:45,240 [WARN] ConditionMgr:438 - getConditionDescription Invalid condition id : UX DEVICE CLASS RTOS Condition cause : null
2025-05-04 11:10:45,240 [WARN] ConditionMgr:438 - getConditionDescription Invalid condition id : UX DEVICE CLASS RTOS Condition cause : null
2025-05-04 11:10:45,241 [WARN] PackLoader:240 - Cannot read IP mode file for STMicroelectronics.X-CUBE-AZRTOS-WB.2.0.0
2025-05-04 11:10:45,241 [WARN] ConditionMgr:1044 - genDependencies : Invalid condition id : UX DEVICE CLASS RTOS Condition cause : null
2025-05-04 11:10:45,241 [WARN] ConditionMgr:1044 - genDependencies : Invalid condition id : UX DEVICE CLASS RTOS Condition cause : null
2025-05-04 11:10:45,242 [WARN] ConditionMgr:1044 - genDependencies : Invalid condition id : UX DEVICE CLASS RTOS Condition cause : null
2025-05-04 11:10:45,242 [WARN] ConditionMgr:1044 - genDependencies : Invalid condition id : UX DEVICE CLASS RTOS Condition cause : null
2025-05-04 11:10:45,242 [WARN] ConditionMgr:1044 - genDependencies : Invalid condition id : UX DEVICE CLASS RTOS Condition cause : null
2025-05-04 11:10:45,246 [WARN] PackLoader:240 - Cannot read IP mode file for STMicroelectronics.X-CUBE-GNSS1.7.0.1
2025-05-04 11:10:45,252 [WARN] PackLoader:240 - Cannot read IP mode file for STMicroelectronics.X-CUBE-TOUCHGFX.4.25.0
2025-05-04 11:10:45,257 [WARN] PackLoader:240 - Cannot read IP mode file for STMicroelectronics.FP-SNS-STBOX1.2.0.0
2025-05-04 11:10:45,265 [WARN] PackLoader:240 - Cannot read IP mode file for STMicroelectronics.X-CUBE-SUBG2.5.0.0
2025-05-04 11:10:45,281 [WARN] PackLoader:240 - Cannot read IP mode file for STMicroelectronics.X-CUBE-AZRTOS-H7RS.1.1.0
2025-05-04 11:10:45,287 [WARN] PackLoader:240 - Cannot read IP mode file for Cesanta.I-CUBE-Mongoose.7.13.0
2025-05-04 11:10:45,298 [WARN] PackLoader:240 - Cannot read IP mode file for STMicroelectronics.X-CUBE-AZRTOS-G4.2.0.0
2025-05-04 11:10:45,304 [WARN] PackLoader:240 - Cannot read IP mode file for STMicroelectronics.X-CUBE-NFC7.2.0.0
2025-05-04 11:10:45,314 [WARN] PackLoader:240 - Cannot read IP mode file for STMicroelectronics.X-CUBE-IPS.3.1.0
2025-05-04 11:10:45,324 [WARN] PackLoader:240 - Cannot read IP mode file for STMicroelectronics.X-CUBE-ALS.1.0.2
2025-05-04 11:10:45,328 [WARN] PackLoader:240 - Cannot read IP mode file for STMicroelectronics.X-CUBE-TOUCHGFX.4.24.2
2025-05-04 11:10:45,332 [WARN] PackLoader:240 - Cannot read IP mode file for wolfSSL.I-CUBE-wolfTPM.3.4.0
2025-05-04 11:10:45,337 [WARN] PackLoader:240 - Cannot read IP mode file for portGmbH.I-Cube-SoM-uGOAL.1.1.0
2025-05-04 11:10:45,350 [WARN] PackLoader:240 - Cannot read IP mode file for STMicroelectronics.X-CUBE-AZRTOS-H7RS.1.0.0
2025-05-04 11:10:45,360 [WARN] PackLoader:240 - Cannot read IP mode file for STMicroelectronics.X-CUBE-TOF1.3.4.2
2025-05-04 11:10:45,372 [WARN] PackLoader:240 - Cannot read IP mode file for STMicroelectronics.X-CUBE-TOF1.3.4.3
2025-05-04 11:10:45,383 [WARN] PackLoader:240 - Cannot read IP mode file for wolfSSL.I-CUBE-wolfSSH.1.4.17
2025-05-04 11:10:45,384 [INFO] ThirdParty:978 - Integrity check success = true
2025-05-04 11:10:45,384 [INFO] IntegrityCheckThread:100 - exiting critical section [integrity check]
2025-05-04 11:10:45,384 [INFO] IntegrityCheckThread:103 - End integrity checks thread
2025-05-04 11:27:38,976 [ERROR] LogOutputStream:75 - [STDERR_REDIRECT] 
