2025-04-25 14:17:23,931 [INFO] Activator:176 - 


2025-04-25 14:17:23,935 [INFO] Activator:177 - !SESSION log4j initialized
2025-04-25 14:17:28,043 [INFO] LogOutputStream:77 - [STDOUT_REDIRECT] 
2025-04-25 14:17:28,085 [ERROR] LogOutputStream:75 - [STDERR_REDIRECT] Apr 25, 2025 2:17:28 PM org.glassfish.grizzly.http.server.NetworkListener start
2025-04-25 14:17:28,087 [ERROR] LogOutputStream:75 - [STDERR_REDIRECT] INFO: Started listener bound to [localhost:16721]
2025-04-25 14:17:28,088 [ERROR] LogOutputStream:75 - [STDERR_REDIRECT] 
2025-04-25 14:17:28,090 [ERROR] LogOutputStream:75 - [STDERR_REDIRECT] Apr 25, 2025 2:17:28 PM org.glassfish.grizzly.http.server.HttpServer start
2025-04-25 14:17:28,091 [ERROR] LogOutputStream:75 - [STDERR_REDIRECT] INFO: [HttpServer] Started.
2025-04-25 14:17:28,091 [ERROR] LogOutputStream:75 - [STDERR_REDIRECT] 
2025-04-25 14:17:29,660 [INFO] ApplicationProperties:184 - Using Application install path: C:\ST\STM32CubeIDE_1.17.0\STM32CubeIDE\plugins\com.st.stm32cube.common.mx_6.14.1.202504091515
2025-04-25 14:17:29,676 [INFO] DbMcusXml:78 - Set database path to: C:\ST\STM32CubeIDE_1.17.0\STM32CubeIDE\plugins\com.st.stm32cube.common.mx_6.14.1.202504091515\\db\/mcu/
2025-04-25 14:17:29,676 [INFO] ApiDb:274 - Set plugin database path to: C:\ST\STM32CubeIDE_1.17.0\STM32CubeIDE\plugins\com.st.stm32cube.common.mx_6.14.1.202504091515\\db\/plugins/boardmanager/
2025-04-25 14:17:29,676 [WARN] ApiDb:259 - Overriding images path with different value:  => C:\ST\STM32CubeIDE_1.17.0\STM32CubeIDE\plugins\com.st.stm32cube.common.mx_6.14.1.202504091515\\db\/plugins/mcufinder/images/
2025-04-25 14:17:29,685 [INFO] ApiDb:250 - Set database path to: C:\Users\rouse\.stmcufinder\plugins\mcufinder//mcu/
2025-04-25 14:17:29,686 [INFO] DbMcusAds:125 - Set database path to: C:\Users\rouse\.stmcufinder\plugins\mcufinder//mcu/
2025-04-25 14:17:29,687 [INFO] CrossReferenceDbSqlite:203 - Set database path to: C:\Users\rouse\.stmcufinder\plugins\mcufinder//mcu/cs/
2025-04-25 14:17:29,771 [INFO] RulesReader:64 - Compatibility file has been processed (302 Rules)
2025-04-25 14:17:29,819 [INFO] DbMcusXml:78 - Set database path to: C:\ST\STM32CubeIDE_1.17.0\STM32CubeIDE\plugins\com.st.stm32cube.common.mx_6.14.1.202504091515\\db\/mcu/
2025-04-25 14:17:29,819 [INFO] ApiDb:274 - Set plugin database path to: C:\ST\STM32CubeIDE_1.17.0\STM32CubeIDE\plugins\com.st.stm32cube.common.mx_6.14.1.202504091515\\db\/plugins/boardmanager/
2025-04-25 14:17:29,820 [INFO] ApiDb:261 - Set plugin images path to: C:\ST\STM32CubeIDE_1.17.0\STM32CubeIDE\plugins\com.st.stm32cube.common.mx_6.14.1.202504091515\\db\/plugins/mcufinder/images/
2025-04-25 14:17:29,820 [WARN] DbFile:41 - Overriding database path with different value: C:\Users\rouse\.stmcufinder\plugins\mcufinder/ => C:\Users\rouse\.stmcufinder\plugins\mcufinder
2025-04-25 14:17:29,820 [INFO] ApiDb:250 - Set database path to: C:\Users\rouse\.stmcufinder\plugins\mcufinder//mcu/
2025-04-25 14:17:29,820 [WARN] DbFile:41 - Overriding database path with different value: C:\Users\rouse\.stmcufinder\plugins\mcufinder/ => C:\Users\rouse\.stmcufinder\plugins\mcufinder
2025-04-25 14:17:29,820 [INFO] DbMcusAds:125 - Set database path to: C:\Users\rouse\.stmcufinder\plugins\mcufinder//mcu/
2025-04-25 14:17:29,820 [WARN] DbFile:41 - Overriding database path with different value: C:\Users\rouse\.stmcufinder\plugins\mcufinder/ => C:\Users\rouse\.stmcufinder\plugins\mcufinder
2025-04-25 14:17:29,820 [WARN] DbFile:41 - Overriding database path with different value: C:\Users\rouse\.stmcufinder\plugins\mcufinder/ => C:\Users\rouse\.stmcufinder\plugins\mcufinder
2025-04-25 14:17:29,820 [INFO] CrossReferenceDbSqlite:203 - Set database path to: C:\Users\rouse\.stmcufinder\plugins\mcufinder//mcu/cs/
2025-04-25 14:17:29,880 [INFO] MainPanel:272 - HeapMemory: 279969792
2025-04-25 14:17:29,965 [INFO] DbMcusXml:78 - Set database path to: C:\ST\STM32CubeIDE_1.17.0\STM32CubeIDE\plugins\com.st.stm32cube.common.mx_6.14.1.202504091515\\db\/mcu/
2025-04-25 14:17:29,965 [INFO] ApiDb:274 - Set plugin database path to: C:\ST\STM32CubeIDE_1.17.0\STM32CubeIDE\plugins\com.st.stm32cube.common.mx_6.14.1.202504091515\\db\/plugins/boardmanager/
2025-04-25 14:17:29,965 [INFO] ApiDb:261 - Set plugin images path to: C:\ST\STM32CubeIDE_1.17.0\STM32CubeIDE\plugins\com.st.stm32cube.common.mx_6.14.1.202504091515\\db\/plugins/mcufinder/images/
2025-04-25 14:17:29,966 [WARN] DbFile:41 - Overriding database path with different value: C:\Users\rouse\.stmcufinder\plugins\mcufinder/ => C:\Users\rouse\.stmcufinder\plugins\mcufinder
2025-04-25 14:17:29,966 [INFO] ApiDb:250 - Set database path to: C:\Users\rouse\.stmcufinder\plugins\mcufinder//mcu/
2025-04-25 14:17:29,966 [WARN] DbFile:41 - Overriding database path with different value: C:\Users\rouse\.stmcufinder\plugins\mcufinder/ => C:\Users\rouse\.stmcufinder\plugins\mcufinder
2025-04-25 14:17:29,966 [INFO] DbMcusAds:125 - Set database path to: C:\Users\rouse\.stmcufinder\plugins\mcufinder//mcu/
2025-04-25 14:17:29,966 [WARN] DbFile:41 - Overriding database path with different value: C:\Users\rouse\.stmcufinder\plugins\mcufinder/ => C:\Users\rouse\.stmcufinder\plugins\mcufinder
2025-04-25 14:17:29,966 [WARN] DbFile:41 - Overriding database path with different value: C:\Users\rouse\.stmcufinder\plugins\mcufinder/ => C:\Users\rouse\.stmcufinder\plugins\mcufinder
2025-04-25 14:17:29,966 [INFO] CrossReferenceDbSqlite:203 - Set database path to: C:\Users\rouse\.stmcufinder\plugins\mcufinder//mcu/cs/
2025-04-25 14:17:29,981 [INFO] ApplicationProperties:184 - Using Application install path: C:\ST\STM32CubeIDE_1.17.0\STM32CubeIDE\plugins\com.st.stm32cube.common.mx_6.14.1.202504091515
2025-04-25 14:17:29,982 [INFO] PluginManage:196 - Search for loadable plugins [exclusion list=, ]
2025-04-25 14:17:29,983 [INFO] PluginManage:310 - Check plugin analytics
2025-04-25 14:17:30,151 [INFO] AnalyticsPlugin:253 - Accepted Software Licenses: STM32CubeMX.6.14.0,STM32CubeMX.6.13.0
2025-04-25 14:17:30,152 [INFO] AnalyticsPlugin:255 - Accepted CMSIS Pack Licenses: 
2025-04-25 14:17:30,152 [INFO] AnalyticsPlugin:257 - Accepted Firmware Licenses: FW.C0.1.3.0
2025-04-25 14:17:30,155 [INFO] PluginManage:359 - Loaded plugin analytics (category:tool,tabindex:-1)
2025-04-25 14:17:30,155 [INFO] PluginManage:310 - Check plugin cadmodel
2025-04-25 14:17:30,161 [INFO] CADModel:105 - Init CAD model plugin
2025-04-25 14:17:30,161 [INFO] PluginManage:359 - Loaded plugin cadmodel (category:power,tabindex:5)
2025-04-25 14:17:30,161 [INFO] PluginManage:310 - Check plugin clock
2025-04-25 14:17:30,171 [INFO] PluginManage:359 - Loaded plugin clock (category:base,tabindex:2)
2025-04-25 14:17:30,172 [INFO] PluginManage:310 - Check plugin ddr
2025-04-25 14:17:30,175 [INFO] PluginManage:359 - Loaded plugin ddr (category:tool,tabindex:6)
2025-04-25 14:17:30,175 [INFO] PluginManage:310 - Check plugin filemanager
2025-04-25 14:17:30,298 [INFO] PluginManage:359 - Loaded plugin filemanager (category:base,tabindex:10)
2025-04-25 14:17:30,298 [INFO] PluginManage:310 - Check plugin ipmanager
2025-04-25 14:17:30,303 [INFO] PluginManage:359 - Loaded plugin ipmanager (category:base,tabindex:5)
2025-04-25 14:17:30,303 [INFO] PluginManage:310 - Check plugin lpbam
2025-04-25 14:17:30,309 [INFO] PluginManage:359 - Loaded plugin lpbam (category:base,tabindex:0)
2025-04-25 14:17:30,309 [INFO] PluginManage:310 - Check plugin memorymap
2025-04-25 14:17:30,321 [INFO] PluginManage:359 - Loaded plugin memorymap (category:base,tabindex:4)
2025-04-25 14:17:30,321 [INFO] PluginManage:310 - Check plugin pinoutandconfiguration
2025-04-25 14:17:30,328 [INFO] PluginManage:359 - Loaded plugin pinoutandconfiguration (category:base,tabindex:1)
2025-04-25 14:17:30,328 [INFO] PluginManage:310 - Check plugin pinoutconfig
2025-04-25 14:17:30,402 [WARN] SupportedApi:132 - Cannot load RTOS API schema: s4s-elt-must-match.1: The content of 'definitions' must match (annotation?, (simpleType | complexType)?, (unique | key | keyref)*)). A problem was found starting at: attribute.
2025-04-25 14:17:30,512 [INFO] PluginManage:359 - Loaded plugin pinoutconfig (category:base,tabindex:0)
2025-04-25 14:17:30,513 [INFO] PluginManage:310 - Check plugin power
2025-04-25 14:17:30,521 [INFO] PluginManage:359 - Loaded plugin power (category:power,tabindex:4)
2025-04-25 14:17:30,521 [INFO] PluginManage:310 - Check plugin projectmanager
2025-04-25 14:17:30,537 [INFO] PluginManage:359 - Loaded plugin projectmanager (category:projectmanager,tabindex:4)
2025-04-25 14:17:30,537 [INFO] PluginManage:310 - Check plugin rif
2025-04-25 14:17:30,544 [INFO] PluginManage:359 - Loaded plugin rif (category:base,tabindex:3)
2025-04-25 14:17:30,544 [INFO] PluginManage:310 - Check plugin thirdparty
2025-04-25 14:17:30,664 [WARN] IntegrityCheckThread:84 - waiting for thirdparty lock release [integrity check]
2025-04-25 14:17:30,664 [INFO] IntegrityCheckThread:86 - entering critical section [integrity check]
2025-04-25 14:17:30,664 [INFO] ThirdPartyUpdaterWithRetryManager:70 - Updater plugin not ready yet. [1/15]
2025-04-25 14:17:30,664 [INFO] PluginManage:359 - Loaded plugin thirdparty (category:base,tabindex:-1)
2025-04-25 14:17:30,664 [INFO] PluginManage:310 - Check plugin tools
2025-04-25 14:17:30,667 [INFO] PluginManage:359 - Loaded plugin tools (category:base,tabindex:7)
2025-04-25 14:17:30,667 [INFO] PluginManage:310 - Check plugin tutovideos
2025-04-25 14:17:30,810 [INFO] PluginManage:359 - Loaded plugin tutovideos (category:base,tabindex:-1)
2025-04-25 14:17:30,810 [INFO] PluginManage:310 - Check plugin updater
2025-04-25 14:17:30,835 [INFO] PluginManage:359 - Loaded plugin updater (category:base,tabindex:12)
2025-04-25 14:17:30,835 [INFO] PluginManage:310 - Check plugin userauth
2025-04-25 14:17:30,840 [INFO] UserAuth:118 - Init User Auth plugin
2025-04-25 14:17:30,841 [INFO] PluginManage:359 - Loaded plugin userauth (category:base,tabindex:14)
2025-04-25 14:17:30,841 [INFO] PluginManage:283 - PluginManage : Loaded plugins [18]
2025-04-25 14:17:31,027 [INFO] PinOutPanel:1589 - setPackage(No Configuration,No Configuration)
2025-04-25 14:17:31,095 [INFO] CADModel:165 - CPN selected for project level
2025-04-25 14:17:31,095 [INFO] CADModel:114 - Register for checkConnection events
2025-04-25 14:17:31,111 [INFO] IPUIPlugin:80 - create IPUIPlugin
2025-04-25 14:17:31,111 [INFO] PluginManager:220 - loadIPPluginJar : add adc
2025-04-25 14:17:31,113 [INFO] IPUIPlugin:80 - create IPUIPlugin
2025-04-25 14:17:31,113 [INFO] PluginManager:220 - loadIPPluginJar : add aes
2025-04-25 14:17:31,116 [INFO] IPUIPlugin:80 - create IPUIPlugin
2025-04-25 14:17:31,116 [INFO] PluginManager:220 - loadIPPluginJar : add can
2025-04-25 14:17:31,119 [INFO] IPUIPlugin:80 - create IPUIPlugin
2025-04-25 14:17:31,119 [INFO] PluginManager:220 - loadIPPluginJar : add comp
2025-04-25 14:17:31,122 [INFO] IPUIPlugin:80 - create IPUIPlugin
2025-04-25 14:17:31,122 [INFO] PluginManager:220 - loadIPPluginJar : add cryp
2025-04-25 14:17:31,125 [INFO] IPUIPlugin:80 - create IPUIPlugin
2025-04-25 14:17:31,125 [INFO] PluginManager:220 - loadIPPluginJar : add ddr_ctrl_phy
2025-04-25 14:17:31,127 [INFO] IPUIPlugin:80 - create IPUIPlugin
2025-04-25 14:17:31,128 [INFO] PluginManager:220 - loadIPPluginJar : add dfsdm
2025-04-25 14:17:31,132 [INFO] IPUIPlugin:80 - create IPUIPlugin
2025-04-25 14:17:31,133 [INFO] PluginManager:220 - loadIPPluginJar : add dma
2025-04-25 14:17:31,136 [INFO] IPUIPlugin:80 - create IPUIPlugin
2025-04-25 14:17:31,136 [INFO] PluginManager:220 - loadIPPluginJar : add dma3
2025-04-25 14:17:31,138 [INFO] IPUIPlugin:80 - create IPUIPlugin
2025-04-25 14:17:31,138 [INFO] PluginManager:220 - loadIPPluginJar : add extmemmanager
2025-04-25 14:17:31,140 [INFO] IPUIPlugin:80 - create IPUIPlugin
2025-04-25 14:17:31,140 [INFO] PluginManager:220 - loadIPPluginJar : add fatfs
2025-04-25 14:17:31,143 [INFO] IPUIPlugin:80 - create IPUIPlugin
2025-04-25 14:17:31,143 [INFO] PluginManager:220 - loadIPPluginJar : add fmc
2025-04-25 14:17:31,148 [INFO] IPUIPlugin:80 - create IPUIPlugin
2025-04-25 14:17:31,148 [INFO] PluginManager:220 - loadIPPluginJar : add freertos
2025-04-25 14:17:31,150 [INFO] IPUIPlugin:80 - create IPUIPlugin
2025-04-25 14:17:31,150 [INFO] PluginManager:220 - loadIPPluginJar : add genericplugin
2025-04-25 14:17:31,152 [INFO] IPUIPlugin:80 - create IPUIPlugin
2025-04-25 14:17:31,152 [INFO] PluginManager:220 - loadIPPluginJar : add gfxmmu
2025-04-25 14:17:31,156 [INFO] IPUIPlugin:80 - create IPUIPlugin
2025-04-25 14:17:31,156 [INFO] PluginManager:220 - loadIPPluginJar : add gic
2025-04-25 14:17:31,160 [INFO] IPUIPlugin:80 - create IPUIPlugin
2025-04-25 14:17:31,160 [INFO] PluginManager:220 - loadIPPluginJar : add gpio
2025-04-25 14:17:31,163 [INFO] IPUIPlugin:80 - create IPUIPlugin
2025-04-25 14:17:31,163 [INFO] PluginManager:220 - loadIPPluginJar : add gtzc
2025-04-25 14:17:31,166 [INFO] IPUIPlugin:80 - create IPUIPlugin
2025-04-25 14:17:31,166 [INFO] PluginManager:220 - loadIPPluginJar : add hash
2025-04-25 14:17:31,168 [INFO] IPUIPlugin:80 - create IPUIPlugin
2025-04-25 14:17:31,168 [INFO] PluginManager:220 - loadIPPluginJar : add i2c
2025-04-25 14:17:31,171 [INFO] IPUIPlugin:80 - create IPUIPlugin
2025-04-25 14:17:31,171 [INFO] PluginManager:220 - loadIPPluginJar : add i2s
2025-04-25 14:17:31,173 [INFO] IPUIPlugin:80 - create IPUIPlugin
2025-04-25 14:17:31,174 [INFO] PluginManager:220 - loadIPPluginJar : add i3c
2025-04-25 14:17:31,176 [INFO] IPUIPlugin:80 - create IPUIPlugin
2025-04-25 14:17:31,177 [INFO] PluginManager:220 - loadIPPluginJar : add ipddr
2025-04-25 14:17:31,182 [INFO] IPUIPlugin:80 - create IPUIPlugin
2025-04-25 14:17:31,182 [INFO] PluginManager:220 - loadIPPluginJar : add linkedlist
2025-04-25 14:17:31,185 [INFO] IPUIPlugin:80 - create IPUIPlugin
2025-04-25 14:17:31,185 [INFO] PluginManager:220 - loadIPPluginJar : add lorawan
2025-04-25 14:17:31,186 [INFO] IPUIPlugin:80 - create IPUIPlugin
2025-04-25 14:17:31,187 [INFO] PluginManager:220 - loadIPPluginJar : add ltdc
2025-04-25 14:17:31,191 [INFO] IPUIPlugin:80 - create IPUIPlugin
2025-04-25 14:17:31,191 [INFO] PluginManager:220 - loadIPPluginJar : add mdma
2025-04-25 14:17:31,194 [INFO] IPUIPlugin:80 - create IPUIPlugin
2025-04-25 14:17:31,195 [INFO] PluginManager:220 - loadIPPluginJar : add nvic
2025-04-25 14:17:31,197 [INFO] IPUIPlugin:80 - create IPUIPlugin
2025-04-25 14:17:31,197 [INFO] PluginManager:220 - loadIPPluginJar : add opamp
2025-04-25 14:17:31,201 [INFO] IPUIPlugin:80 - create IPUIPlugin
2025-04-25 14:17:31,201 [INFO] PluginManager:220 - loadIPPluginJar : add openamp
2025-04-25 14:17:31,204 [INFO] IPUIPlugin:80 - create IPUIPlugin
2025-04-25 14:17:31,204 [INFO] PluginManager:220 - loadIPPluginJar : add pdm2pcm
2025-04-25 14:17:31,209 [INFO] IPUIPlugin:80 - create IPUIPlugin
2025-04-25 14:17:31,210 [INFO] PluginManager:220 - loadIPPluginJar : add plateformsettings
2025-04-25 14:17:31,212 [INFO] IPUIPlugin:80 - create IPUIPlugin
2025-04-25 14:17:31,212 [INFO] PluginManager:220 - loadIPPluginJar : add quadspi
2025-04-25 14:17:31,213 [INFO] IPUIPlugin:80 - create IPUIPlugin
2025-04-25 14:17:31,214 [INFO] PluginManager:220 - loadIPPluginJar : add radio
2025-04-25 14:17:31,217 [INFO] IPUIPlugin:80 - create IPUIPlugin
2025-04-25 14:17:31,217 [INFO] PluginManager:220 - loadIPPluginJar : add resmgrutility
2025-04-25 14:17:31,220 [INFO] IPUIPlugin:80 - create IPUIPlugin
2025-04-25 14:17:31,220 [INFO] PluginManager:220 - loadIPPluginJar : add sai
2025-04-25 14:17:31,222 [INFO] IPUIPlugin:80 - create IPUIPlugin
2025-04-25 14:17:31,222 [INFO] PluginManager:220 - loadIPPluginJar : add spi
2025-04-25 14:17:31,227 [INFO] IPUIPlugin:80 - create IPUIPlugin
2025-04-25 14:17:31,227 [INFO] PluginManager:220 - loadIPPluginJar : add stm32_wpan
2025-04-25 14:17:31,229 [INFO] IPUIPlugin:80 - create IPUIPlugin
2025-04-25 14:17:31,229 [INFO] PluginManager:220 - loadIPPluginJar : add tim
2025-04-25 14:17:31,232 [INFO] IPUIPlugin:80 - create IPUIPlugin
2025-04-25 14:17:31,232 [INFO] PluginManager:220 - loadIPPluginJar : add touchsensing
2025-04-25 14:17:31,234 [INFO] IPUIPlugin:80 - create IPUIPlugin
2025-04-25 14:17:31,234 [INFO] PluginManager:220 - loadIPPluginJar : add tracer_emb
2025-04-25 14:17:31,235 [INFO] IPUIPlugin:80 - create IPUIPlugin
2025-04-25 14:17:31,235 [INFO] PluginManager:220 - loadIPPluginJar : add ts
2025-04-25 14:17:31,236 [INFO] IPUIPlugin:80 - create IPUIPlugin
2025-04-25 14:17:31,236 [INFO] PluginManager:220 - loadIPPluginJar : add tsc
2025-04-25 14:17:31,237 [INFO] IPUIPlugin:80 - create IPUIPlugin
2025-04-25 14:17:31,237 [INFO] PluginManager:220 - loadIPPluginJar : add ucpd
2025-04-25 14:17:31,238 [INFO] IPUIPlugin:80 - create IPUIPlugin
2025-04-25 14:17:31,238 [INFO] PluginManager:220 - loadIPPluginJar : add usart
2025-04-25 14:17:31,241 [INFO] IPUIPlugin:80 - create IPUIPlugin
2025-04-25 14:17:31,241 [INFO] PluginManager:220 - loadIPPluginJar : add usbx
2025-04-25 14:17:31,353 [FATAL] Updater:351 - Updater called before beeing initialized
2025-04-25 14:17:31,376 [INFO] RulesReader:64 - Compatibility file has been processed (302 Rules)
2025-04-25 14:17:31,385 [INFO] RulesReader:64 - Compatibility file has been processed (302 Rules)
2025-04-25 14:17:31,392 [INFO] CADModel:165 - CPN selected for project level
2025-04-25 14:17:31,392 [INFO] CADModel:114 - Register for checkConnection events
2025-04-25 14:17:31,392 [FATAL] Updater:351 - Updater called before beeing initialized
2025-04-25 14:17:31,392 [ERROR] CADModel:125 - Updater not yet initialized, retry later 
2025-04-25 14:17:31,514 [FATAL] Updater:351 - Updater called before beeing initialized
2025-04-25 14:17:31,516 [INFO] CADModel:165 - CPN selected for project level
2025-04-25 14:17:31,516 [INFO] CADModel:114 - Register for checkConnection events
2025-04-25 14:17:31,516 [FATAL] Updater:351 - Updater called before beeing initialized
2025-04-25 14:17:31,516 [ERROR] CADModel:125 - Updater not yet initialized, retry later 
2025-04-25 14:17:31,518 [FATAL] Updater:351 - Updater called before beeing initialized
2025-04-25 14:17:31,592 [FATAL] Updater:351 - Updater called before beeing initialized
2025-04-25 14:17:31,595 [INFO] DbMcusAds:53 - JSON generation date=Thu Mar 06 09:54:22 EST 2025 (1741272862078)
2025-04-25 14:17:31,596 [FATAL] Updater:351 - Updater called before beeing initialized
2025-04-25 14:17:31,624 [WARN] DetailPanel:346 - Failed to get advertising image, set to default
2025-04-25 14:17:31,791 [FATAL] Updater:351 - Updater called before beeing initialized
2025-04-25 14:17:31,793 [FATAL] Updater:351 - Updater called before beeing initialized
2025-04-25 14:17:31,793 [FATAL] Updater:351 - Updater called before beeing initialized
2025-04-25 14:17:31,793 [WARN] DetailPanel:346 - Failed to get advertising image, set to default
2025-04-25 14:17:31,794 [FATAL] Updater:351 - Updater called before beeing initialized
2025-04-25 14:17:31,832 [ERROR] Updater:1198 - MainUpdater not yet initialized. External WinMGr cannot be set.
2025-04-25 14:17:31,834 [INFO] Updater:1134 - Updater Version found : 6.14.1
2025-04-25 14:17:31,850 [INFO] ApplicationProperties:184 - Using Application install path: C:\ST\STM32CubeIDE_1.17.0\STM32CubeIDE\plugins\com.st.stm32cube.common.mx_6.14.1.202504091515
2025-04-25 14:17:33,415 [ERROR] LogOutputStream:75 - [STDERR_REDIRECT] Apr 25, 2025 2:17:33 PM java.util.prefs.WindowsPreferences <init>
2025-04-25 14:17:33,417 [ERROR] LogOutputStream:75 - [STDERR_REDIRECT] WARNING: Could not open/create prefs root node Software\JavaSoft\Prefs at root 0xffffffff80000002. Windows RegCreateKeyEx(...) returned error code 5.
2025-04-25 14:17:33,417 [ERROR] LogOutputStream:75 - [STDERR_REDIRECT] 
2025-04-25 14:17:33,666 [INFO] ThirdPartyUpdaterWithRetryManager:70 - Updater plugin not ready yet. [2/15]
2025-04-25 14:17:33,680 [INFO] MainUpdater:2872 - connection check result : 10
2025-04-25 14:17:33,681 [INFO] MainUpdater:3566 - Updater definition file requires update
2025-04-25 14:17:33,681 [INFO] MainUpdater:289 - Updater Check For Update Now.
2025-04-25 14:17:33,681 [INFO] MicroXplorer:498 - Change Database Version : DB.6.0.141
2025-04-25 14:17:33,685 [INFO] McuFinderGlobals:63 - Set McuFinder mode to 2 (CubeIDE integrated)
2025-04-25 14:17:33,686 [INFO] UserAuth:484 - Internet connection configuration mode: 1
2025-04-25 14:17:33,701 [INFO] JxBrowserEngine:152 - Initiate JxBrowser Engine with user profile folder
2025-04-25 14:17:33,750 [INFO] ServerAccessManage:473 - Download File updaters.zip
2025-04-25 14:17:33,787 [INFO] FileExtend:242 - Unzip File : updaters.zip
2025-04-25 14:17:33,787 [INFO] FileExtend:257 - Standard Zip Deflate
2025-04-25 14:17:34,057 [INFO] ServerAccessManage:473 - Download File PacksControlFlags.xml
2025-04-25 14:17:34,246 [INFO] ServerAccessManage:473 - Download File cubemx.pidx
2025-04-25 14:17:35,280 [INFO] ServerAccessManage:473 - Download File STMicroelectronics.X-CUBE-WB05N.pdsc
2025-04-25 14:17:35,468 [INFO] WebApp:169 - Instantiating new browser for Auth
2025-04-25 14:17:35,659 [WARN] PackLoader:240 - Cannot read IP mode file for STMicroelectronics.X-CUBE-WB05N.2.0.0
2025-04-25 14:17:35,662 [INFO] PopulateThirdPartyThread:66 - Ending populate Thread
2025-04-25 14:17:35,664 [INFO] ThirdParty:1030 - CMSIS Pack Vendor :STMicroelectronics X-CUBE-WB05N 2.0.0
2025-04-25 14:17:35,664 [INFO] LoadServerUpdatesThread:375 - End of LoadServerUpdate Thread
2025-04-25 14:17:35,693 [INFO] CheckServerUpdateThread:120 - End of CheckServer Thread
2025-04-25 14:17:36,227 [INFO] WebApp:463 - Apply proxy settings
2025-04-25 14:17:36,227 [INFO] WebApp:548 - Chromium requires no authentication
2025-04-25 14:17:36,234 [INFO] WebApp:491 - Direct internet connection detected
2025-04-25 14:17:36,257 [INFO] WebApp:894 - Register for checkConnection events
2025-04-25 14:17:36,257 [INFO] WebApp:463 - Apply proxy settings
2025-04-25 14:17:36,257 [INFO] WebApp:548 - Chromium requires no authentication
2025-04-25 14:17:36,257 [INFO] WebApp:491 - Direct internet connection detected
2025-04-25 14:17:36,381 [INFO] WebApp:191 - Connection restablished
2025-04-25 14:17:36,429 [INFO] WebApp:225 - Starting web application
2025-04-25 14:17:36,429 [INFO] WebApp:593 - Web application path used C:\ST\STM32CubeIDE_1.17.0\STM32CubeIDE\plugins\com.st.stm32cube.common.mx_6.14.1.202504091515\db\plugins\mcufinder\reactClient1\index.html
2025-04-25 14:17:36,500 [INFO] UserAuth:484 - Internet connection configuration mode: 1
2025-04-25 14:17:36,805 [WARN] PackLoader:240 - Cannot read IP mode file for STMicroelectronics.FP-SNS-MOTENVWB1.1.4.0
2025-04-25 14:17:36,809 [WARN] PackLoader:240 - Cannot read IP mode file for STMicroelectronics.FP-ATR-ASTRA1.2.0.2
2025-04-25 14:17:36,812 [WARN] PackLoader:240 - Cannot read IP mode file for STMicroelectronics.FP-ATR-ASTRA1.2.0.1
2025-04-25 14:17:36,818 [WARN] PackLoader:240 - Cannot read IP mode file for STMicroelectronics.X-CUBE-SMBUS.2.1.0
2025-04-25 14:17:36,823 [WARN] PackLoader:240 - Cannot read IP mode file for STMicroelectronics.X-CUBE-WB05N.1.1.0
2025-04-25 14:17:36,842 [WARN] PackLoader:240 - Cannot read IP mode file for STMicroelectronics.X-CUBE-AZRTOS-F7.1.1.0
2025-04-25 14:17:36,848 [WARN] PackLoader:240 - Cannot read IP mode file for STMicroelectronics.FP-SNS-FLIGHT1.5.0.2
2025-04-25 14:17:36,863 [WARN] PackLoader:240 - Cannot read IP mode file for Infineon.AIROC-Wi-Fi-Bluetooth-STM32.1.7.0
2025-04-25 14:17:36,872 [WARN] PackLoader:240 - Cannot read IP mode file for STMicroelectronics.X-CUBE-DISPLAY.3.0.0
2025-04-25 14:17:36,878 [WARN] PackLoader:240 - Cannot read IP mode file for STMicroelectronics.X-CUBE-BLE1.7.0.0
2025-04-25 14:17:36,884 [WARN] PackLoader:240 - Cannot read IP mode file for STMicroelectronics.X-CUBE-NFC10.1.0.0
2025-04-25 14:17:36,897 [WARN] PackLoader:240 - Cannot read IP mode file for STMicroelectronics.X-CUBE-BLEMGR.4.0.0
2025-04-25 14:17:36,903 [WARN] PackLoader:240 - Cannot read IP mode file for emotas.I-CUBE-CANOPEN.1.3.0
2025-04-25 14:17:36,907 [WARN] PackLoader:240 - Cannot read IP mode file for STMicroelectronics.X-CUBE-AI.10.0.0
2025-04-25 14:17:36,911 [WARN] PackLoader:240 - Cannot read IP mode file for STMicroelectronics.FP-SNS-SMARTAG2.1.2.0
2025-04-25 14:17:36,914 [WARN] PackLoader:240 - Cannot read IP mode file for STMicroelectronics.FP-SNS-FLIGHT1.5.1.0
2025-04-25 14:17:36,950 [WARN] PackLoader:240 - Cannot read IP mode file for STMicroelectronics.X-CUBE-MEMS1.11.1.0
2025-04-25 14:17:37,037 [INFO] LogOutputStream:77 - [STDOUT_REDIRECT] 1 : Invalid condition id : UX_CORESTACK_Condition cause : null
2025-04-25 14:17:37,037 [INFO] LogOutputStream:77 - [STDOUT_REDIRECT] 1 : Invalid condition id : UX_CORESTACK_Condition cause : null
2025-04-25 14:17:37,037 [INFO] LogOutputStream:77 - [STDOUT_REDIRECT] 1 : Invalid condition id : UX_CORESTACK_Condition cause : null
2025-04-25 14:17:37,038 [INFO] LogOutputStream:77 - [STDOUT_REDIRECT] 1 : Invalid condition id : UX_CORESTACK_Condition cause : null
2025-04-25 14:17:37,039 [INFO] LogOutputStream:77 - [STDOUT_REDIRECT] 1 : Invalid condition id : UX_CORESTACK_Condition cause : null
2025-04-25 14:17:37,041 [WARN] PackLoader:240 - Cannot read IP mode file for STMicroelectronics.X-CUBE-AZRTOS-WL.2.0.0
2025-04-25 14:17:37,045 [WARN] PackLoader:240 - Cannot read IP mode file for STMicroelectronics.FP-SNS-MOTENV1.5.0.0
2025-04-25 14:17:37,050 [WARN] PackLoader:240 - Cannot read IP mode file for wolfSSL.I-CUBE-wolfMQTT.1.19.0
2025-04-25 14:17:37,055 [WARN] PackLoader:240 - Cannot read IP mode file for WES.I-CUBE-Cesium.1.3.0
2025-04-25 14:17:37,060 [WARN] PackLoader:240 - Cannot read IP mode file for STMicroelectronics.X-CUBE-BLE2.3.3.0
2025-04-25 14:17:37,065 [WARN] PackLoader:240 - Cannot read IP mode file for STMicroelectronics.X-CUBE-NFC9.1.0.0
2025-04-25 14:17:37,069 [WARN] PackLoader:240 - Cannot read IP mode file for STMicroelectronics.X-CUBE-BLE1.7.1.0
2025-04-25 14:17:37,095 [WARN] PackLoader:240 - Cannot read IP mode file for STMicroelectronics.X-CUBE-MEMS1.11.2.0
2025-04-25 14:17:37,156 [WARN] PackLoader:240 - Cannot read IP mode file for STMicroelectronics.X-CUBE-AZRTOS-G0.1.1.0
2025-04-25 14:17:37,162 [WARN] PackLoader:240 - Cannot read IP mode file for STMicroelectronics.X-CUBE-SAFEA1.1.2.2
2025-04-25 14:17:37,167 [WARN] PackLoader:240 - Cannot read IP mode file for STMicroelectronics.X-CUBE-NFC4.3.0.0
2025-04-25 14:17:37,175 [WARN] PackLoader:240 - Cannot read IP mode file for EmbeddedOffice.I-CUBE-FS-RTOS.1.0.1
2025-04-25 14:17:37,178 [WARN] PackLoader:240 - Cannot read IP mode file for STMicroelectronics.X-CUBE-WB05N.2.0.0
2025-04-25 14:17:37,185 [WARN] PackLoader:240 - Cannot read IP mode file for STMicroelectronics.X-CUBE-TCPP.4.2.0
2025-04-25 14:17:37,190 [WARN] PackLoader:240 - Cannot read IP mode file for RealThread.X-CUBE-RT-Thread_Nano.4.1.1
2025-04-25 14:17:37,194 [WARN] PackLoader:240 - Cannot read IP mode file for STMicroelectronics.FP-ATR-SIGFOX1.3.2.0
2025-04-25 14:17:37,197 [WARN] ConditionMgr:438 - getConditionDescription Invalid condition id : Cortex-A Device cause : null
2025-04-25 14:17:37,207 [WARN] ConditionMgr:1044 - genDependencies : Invalid condition id : Cortex-A Device cause : null
2025-04-25 14:17:37,207 [WARN] ConditionMgr:1044 - genDependencies : Invalid condition id : Cortex-A Device cause : null
2025-04-25 14:17:37,207 [WARN] ConditionMgr:1044 - genDependencies : Invalid condition id : Cortex-A Device cause : null
2025-04-25 14:17:37,212 [WARN] PackLoader:240 - Cannot read IP mode file for STMicroelectronics.X-CUBE-EEPRMA1.5.1.0
2025-04-25 14:17:37,216 [WARN] PackLoader:240 - Cannot read IP mode file for wolfSSL.I-CUBE-wolfSSL.5.7.6
2025-04-25 14:17:37,220 [WARN] PackLoader:240 - Cannot read IP mode file for ITTIA_DB.I-CUBE-ITTIADB.8.9.0
2025-04-25 14:17:37,239 [WARN] PackLoader:240 - Cannot read IP mode file for SEGGER.I-CUBE-embOS.1.3.1
2025-04-25 14:17:37,262 [WARN] PackLoader:240 - Cannot read IP mode file for STMicroelectronics.X-CUBE-ALGOBUILD.1.4.0
2025-04-25 14:17:37,272 [WARN] PackLoader:240 - Cannot read IP mode file for STMicroelectronics.X-CUBE-AZRTOS-F4.1.1.0
2025-04-25 14:17:37,277 [WARN] PackLoader:240 - Cannot read IP mode file for Avnet-IotConnect.X-CUBE-IoTC-DA16k-PMOD.1.0.0
2025-04-25 14:17:37,281 [WARN] PackLoader:240 - Cannot read IP mode file for STMicroelectronics.X-CUBE-ISPU.2.1.0
2025-04-25 14:17:37,293 [WARN] PackLoader:240 - Cannot read IP mode file for STMicroelectronics.X-CUBE-AZRTOS-L5.2.0.0
2025-04-25 14:17:37,301 [WARN] PackLoader:240 - Cannot read IP mode file for STMicroelectronics.X-CUBE-NFC6.3.1.0
2025-04-25 14:17:37,307 [WARN] PackLoader:240 - Cannot read IP mode file for STMicroelectronics.X-CUBE-DPower.1.2.0
2025-04-25 14:17:37,311 [WARN] PackLoader:240 - Cannot read IP mode file for STMicroelectronics.X-CUBE-FREERTOS.1.3.0
2025-04-25 14:17:37,316 [WARN] PackLoader:240 - Cannot read IP mode file for STMicroelectronics.X-CUBE-NFC7.1.0.1
2025-04-25 14:17:37,322 [WARN] PackLoader:240 - Cannot read IP mode file for STMicroelectronics.X-CUBE-DPower.1.3.0
2025-04-25 14:17:37,343 [WARN] ConditionMgr:438 - getConditionDescription Invalid condition id : LAN8742 Phy interface Condition cause : null
2025-04-25 14:17:37,344 [WARN] PackLoader:240 - Cannot read IP mode file for STMicroelectronics.X-CUBE-AZRTOS-L4.2.0.0
2025-04-25 14:17:37,345 [WARN] ConditionMgr:1044 - genDependencies : Invalid condition id : LAN8742 Phy interface Condition cause : null
2025-04-25 14:17:37,345 [WARN] ConditionMgr:1044 - genDependencies : Invalid condition id : LAN8742 Phy interface Condition cause : null
2025-04-25 14:17:37,345 [WARN] ConditionMgr:1044 - genDependencies : Invalid condition id : LAN8742 Phy interface Condition cause : null
2025-04-25 14:17:37,352 [WARN] PackLoader:240 - Cannot read IP mode file for STMicroelectronics.X-CUBE-SFXS2LP1.4.0.0
2025-04-25 14:17:37,367 [WARN] PackLoader:240 - Cannot read IP mode file for STMicroelectronics.X-CUBE-AZRTOS-H7.3.3.0
2025-04-25 14:17:37,377 [WARN] ConditionMgr:438 - getConditionDescription Invalid condition id : UX DEVICE CLASS RTOS Condition cause : null
2025-04-25 14:17:37,377 [WARN] ConditionMgr:438 - getConditionDescription Invalid condition id : UX DEVICE CLASS RTOS Condition cause : null
2025-04-25 14:17:37,378 [WARN] PackLoader:240 - Cannot read IP mode file for STMicroelectronics.X-CUBE-AZRTOS-WB.2.0.0
2025-04-25 14:17:37,378 [WARN] ConditionMgr:1044 - genDependencies : Invalid condition id : UX DEVICE CLASS RTOS Condition cause : null
2025-04-25 14:17:37,378 [WARN] ConditionMgr:1044 - genDependencies : Invalid condition id : UX DEVICE CLASS RTOS Condition cause : null
2025-04-25 14:17:37,379 [WARN] ConditionMgr:1044 - genDependencies : Invalid condition id : UX DEVICE CLASS RTOS Condition cause : null
2025-04-25 14:17:37,379 [WARN] ConditionMgr:1044 - genDependencies : Invalid condition id : UX DEVICE CLASS RTOS Condition cause : null
2025-04-25 14:17:37,379 [WARN] ConditionMgr:1044 - genDependencies : Invalid condition id : UX DEVICE CLASS RTOS Condition cause : null
2025-04-25 14:17:37,384 [WARN] PackLoader:240 - Cannot read IP mode file for STMicroelectronics.X-CUBE-GNSS1.7.0.1
2025-04-25 14:17:37,390 [WARN] PackLoader:240 - Cannot read IP mode file for STMicroelectronics.X-CUBE-TOUCHGFX.4.25.0
2025-04-25 14:17:37,401 [WARN] PackLoader:240 - Cannot read IP mode file for STMicroelectronics.FP-SNS-STBOX1.2.0.0
2025-04-25 14:17:37,410 [WARN] PackLoader:240 - Cannot read IP mode file for STMicroelectronics.X-CUBE-SUBG2.5.0.0
2025-04-25 14:17:37,424 [WARN] PackLoader:240 - Cannot read IP mode file for STMicroelectronics.X-CUBE-AZRTOS-H7RS.1.1.0
2025-04-25 14:17:37,429 [WARN] PackLoader:240 - Cannot read IP mode file for Cesanta.I-CUBE-Mongoose.7.13.0
2025-04-25 14:17:37,438 [WARN] PackLoader:240 - Cannot read IP mode file for STMicroelectronics.X-CUBE-AZRTOS-G4.2.0.0
2025-04-25 14:17:37,445 [WARN] PackLoader:240 - Cannot read IP mode file for STMicroelectronics.X-CUBE-IPS.3.1.0
2025-04-25 14:17:37,451 [WARN] PackLoader:240 - Cannot read IP mode file for STMicroelectronics.X-CUBE-ALS.1.0.2
2025-04-25 14:17:37,455 [WARN] PackLoader:240 - Cannot read IP mode file for STMicroelectronics.X-CUBE-TOUCHGFX.4.24.2
2025-04-25 14:17:37,458 [WARN] PackLoader:240 - Cannot read IP mode file for wolfSSL.I-CUBE-wolfTPM.3.4.0
2025-04-25 14:17:37,463 [WARN] PackLoader:240 - Cannot read IP mode file for portGmbH.I-Cube-SoM-uGOAL.1.1.0
2025-04-25 14:17:37,472 [WARN] PackLoader:240 - Cannot read IP mode file for STMicroelectronics.X-CUBE-AZRTOS-H7RS.1.0.0
2025-04-25 14:17:37,480 [WARN] PackLoader:240 - Cannot read IP mode file for STMicroelectronics.X-CUBE-TOF1.3.4.2
2025-04-25 14:17:37,495 [WARN] PackLoader:240 - Cannot read IP mode file for STMicroelectronics.X-CUBE-TOF1.3.4.3
2025-04-25 14:17:37,506 [WARN] PackLoader:240 - Cannot read IP mode file for wolfSSL.I-CUBE-wolfSSH.1.4.17
2025-04-25 14:17:37,506 [INFO] ThirdParty:978 - Integrity check success = true
2025-04-25 14:17:37,507 [INFO] IntegrityCheckThread:100 - exiting critical section [integrity check]
2025-04-25 14:17:37,507 [INFO] IntegrityCheckThread:103 - End integrity checks thread
2025-04-25 14:31:21,919 [ERROR] LogOutputStream:75 - [STDERR_REDIRECT] 
2025-04-25 14:35:29,063 [INFO] Activator:176 - 


2025-04-25 14:35:29,064 [INFO] Activator:177 - !SESSION log4j initialized
2025-04-25 14:35:33,608 [ERROR] LogOutputStream:75 - [STDERR_REDIRECT] Apr 25, 2025 2:35:33 PM org.glassfish.grizzly.http.server.NetworkListener start
2025-04-25 14:35:33,609 [ERROR] LogOutputStream:75 - [STDERR_REDIRECT] INFO: Started listener bound to [localhost:16721]
2025-04-25 14:35:33,609 [ERROR] LogOutputStream:75 - [STDERR_REDIRECT] 
2025-04-25 14:35:33,609 [ERROR] LogOutputStream:75 - [STDERR_REDIRECT] Apr 25, 2025 2:35:33 PM org.glassfish.grizzly.http.server.HttpServer start
2025-04-25 14:35:33,609 [ERROR] LogOutputStream:75 - [STDERR_REDIRECT] INFO: [HttpServer] Started.
2025-04-25 14:35:33,610 [ERROR] LogOutputStream:75 - [STDERR_REDIRECT] 
2025-04-25 14:35:33,638 [INFO] LogOutputStream:77 - [STDOUT_REDIRECT] 
