2025-04-11 15:45:28,198 [INFO] Activator:176 - 


2025-04-11 15:45:28,201 [INFO] Activator:177 - !SESSION log4j initialized
2025-04-11 15:45:31,116 [INFO] LogOutputStream:77 - [STDOUT_REDIRECT] 
2025-04-11 15:45:33,479 [INFO] ApplicationProperties:184 - Using Application install path: C:\ST\STM32CubeIDE_1.17.0\STM32CubeIDE\plugins\com.st.stm32cube.common.mx_6.13.0.202411220809
2025-04-11 15:45:33,496 [INFO] DbMcusXml:78 - Set database path to: C:\ST\STM32CubeIDE_1.17.0\STM32CubeIDE\plugins\com.st.stm32cube.common.mx_6.13.0.202411220809\\db\/mcu/
2025-04-11 15:45:33,496 [INFO] ApiDb:274 - Set plugin database path to: C:\ST\STM32CubeIDE_1.17.0\STM32CubeIDE\plugins\com.st.stm32cube.common.mx_6.13.0.202411220809\\db\/plugins/boardmanager/
2025-04-11 15:45:33,497 [WARN] ApiDb:259 - Overriding images path with different value:  => C:\ST\STM32CubeIDE_1.17.0\STM32CubeIDE\plugins\com.st.stm32cube.common.mx_6.13.0.202411220809\\db\/plugins/mcufinder/images/
2025-04-11 15:45:33,509 [INFO] ApiDb:250 - Set database path to: C:\Users\rouse\.stmcufinder\plugins\mcufinder//mcu/
2025-04-11 15:45:33,511 [INFO] DbMcusAds:125 - Set database path to: C:\Users\rouse\.stmcufinder\plugins\mcufinder//mcu/
2025-04-11 15:45:33,513 [INFO] CrossReferenceDbSqlite:203 - Set database path to: C:\Users\rouse\.stmcufinder\plugins\mcufinder//mcu/cs/
2025-04-11 15:45:33,632 [INFO] RulesReader:64 - Compatibility file has been processed (297 Rules)
2025-04-11 15:45:33,708 [INFO] DbMcusXml:78 - Set database path to: C:\ST\STM32CubeIDE_1.17.0\STM32CubeIDE\plugins\com.st.stm32cube.common.mx_6.13.0.202411220809\\db\/mcu/
2025-04-11 15:45:33,708 [INFO] ApiDb:274 - Set plugin database path to: C:\ST\STM32CubeIDE_1.17.0\STM32CubeIDE\plugins\com.st.stm32cube.common.mx_6.13.0.202411220809\\db\/plugins/boardmanager/
2025-04-11 15:45:33,709 [INFO] ApiDb:261 - Set plugin images path to: C:\ST\STM32CubeIDE_1.17.0\STM32CubeIDE\plugins\com.st.stm32cube.common.mx_6.13.0.202411220809\\db\/plugins/mcufinder/images/
2025-04-11 15:45:33,709 [WARN] DbFile:41 - Overriding database path with different value: C:\Users\rouse\.stmcufinder\plugins\mcufinder/ => C:\Users\rouse\.stmcufinder\plugins\mcufinder
2025-04-11 15:45:33,709 [INFO] ApiDb:250 - Set database path to: C:\Users\rouse\.stmcufinder\plugins\mcufinder//mcu/
2025-04-11 15:45:33,709 [WARN] DbFile:41 - Overriding database path with different value: C:\Users\rouse\.stmcufinder\plugins\mcufinder/ => C:\Users\rouse\.stmcufinder\plugins\mcufinder
2025-04-11 15:45:33,709 [INFO] DbMcusAds:125 - Set database path to: C:\Users\rouse\.stmcufinder\plugins\mcufinder//mcu/
2025-04-11 15:45:33,709 [WARN] DbFile:41 - Overriding database path with different value: C:\Users\rouse\.stmcufinder\plugins\mcufinder/ => C:\Users\rouse\.stmcufinder\plugins\mcufinder
2025-04-11 15:45:33,709 [WARN] DbFile:41 - Overriding database path with different value: C:\Users\rouse\.stmcufinder\plugins\mcufinder/ => C:\Users\rouse\.stmcufinder\plugins\mcufinder
2025-04-11 15:45:33,709 [INFO] CrossReferenceDbSqlite:203 - Set database path to: C:\Users\rouse\.stmcufinder\plugins\mcufinder//mcu/cs/
2025-04-11 15:45:33,776 [INFO] MainPanel:272 - HeapMemory: 291504128
2025-04-11 15:45:33,855 [INFO] DbMcusXml:78 - Set database path to: C:\ST\STM32CubeIDE_1.17.0\STM32CubeIDE\plugins\com.st.stm32cube.common.mx_6.13.0.202411220809\\db\/mcu/
2025-04-11 15:45:33,856 [INFO] ApiDb:274 - Set plugin database path to: C:\ST\STM32CubeIDE_1.17.0\STM32CubeIDE\plugins\com.st.stm32cube.common.mx_6.13.0.202411220809\\db\/plugins/boardmanager/
2025-04-11 15:45:33,856 [INFO] ApiDb:261 - Set plugin images path to: C:\ST\STM32CubeIDE_1.17.0\STM32CubeIDE\plugins\com.st.stm32cube.common.mx_6.13.0.202411220809\\db\/plugins/mcufinder/images/
2025-04-11 15:45:33,856 [WARN] DbFile:41 - Overriding database path with different value: C:\Users\rouse\.stmcufinder\plugins\mcufinder/ => C:\Users\rouse\.stmcufinder\plugins\mcufinder
2025-04-11 15:45:33,856 [INFO] ApiDb:250 - Set database path to: C:\Users\rouse\.stmcufinder\plugins\mcufinder//mcu/
2025-04-11 15:45:33,856 [WARN] DbFile:41 - Overriding database path with different value: C:\Users\rouse\.stmcufinder\plugins\mcufinder/ => C:\Users\rouse\.stmcufinder\plugins\mcufinder
2025-04-11 15:45:33,856 [INFO] DbMcusAds:125 - Set database path to: C:\Users\rouse\.stmcufinder\plugins\mcufinder//mcu/
2025-04-11 15:45:33,856 [WARN] DbFile:41 - Overriding database path with different value: C:\Users\rouse\.stmcufinder\plugins\mcufinder/ => C:\Users\rouse\.stmcufinder\plugins\mcufinder
2025-04-11 15:45:33,856 [WARN] DbFile:41 - Overriding database path with different value: C:\Users\rouse\.stmcufinder\plugins\mcufinder/ => C:\Users\rouse\.stmcufinder\plugins\mcufinder
2025-04-11 15:45:33,856 [INFO] CrossReferenceDbSqlite:203 - Set database path to: C:\Users\rouse\.stmcufinder\plugins\mcufinder//mcu/cs/
2025-04-11 15:45:33,872 [INFO] ApplicationProperties:184 - Using Application install path: C:\ST\STM32CubeIDE_1.17.0\STM32CubeIDE\plugins\com.st.stm32cube.common.mx_6.13.0.202411220809
2025-04-11 15:45:33,874 [INFO] PluginManage:196 - Search for loadable plugins [exclusion list=, ]
2025-04-11 15:45:33,875 [INFO] PluginManage:310 - Check plugin analytics
2025-04-11 15:45:34,047 [INFO] AnalyticsPlugin:253 - Accepted Software Licenses: STM32CubeMX.6.14.0,STM32CubeMX.6.13.0
2025-04-11 15:45:34,047 [INFO] AnalyticsPlugin:255 - Accepted CMSIS Pack Licenses: 
2025-04-11 15:45:34,048 [INFO] AnalyticsPlugin:257 - Accepted Firmware Licenses: FW.C0.1.3.0
2025-04-11 15:45:34,050 [INFO] PluginManage:359 - Loaded plugin analytics (category:tool,tabindex:-1)
2025-04-11 15:45:34,050 [INFO] PluginManage:310 - Check plugin cadmodel
2025-04-11 15:45:34,056 [INFO] CADModel:105 - Init CAD model plugin
2025-04-11 15:45:34,056 [INFO] PluginManage:359 - Loaded plugin cadmodel (category:power,tabindex:5)
2025-04-11 15:45:34,056 [INFO] PluginManage:310 - Check plugin clock
2025-04-11 15:45:34,077 [INFO] PluginManage:359 - Loaded plugin clock (category:base,tabindex:2)
2025-04-11 15:45:34,077 [INFO] PluginManage:310 - Check plugin ddr
2025-04-11 15:45:34,079 [INFO] PluginManage:359 - Loaded plugin ddr (category:tool,tabindex:6)
2025-04-11 15:45:34,079 [INFO] PluginManage:310 - Check plugin filemanager
2025-04-11 15:45:34,238 [INFO] PluginManage:359 - Loaded plugin filemanager (category:base,tabindex:10)
2025-04-11 15:45:34,238 [INFO] PluginManage:310 - Check plugin ipmanager
2025-04-11 15:45:34,245 [INFO] PluginManage:359 - Loaded plugin ipmanager (category:base,tabindex:5)
2025-04-11 15:45:34,245 [INFO] PluginManage:310 - Check plugin lpbam
2025-04-11 15:45:34,256 [INFO] PluginManage:359 - Loaded plugin lpbam (category:base,tabindex:0)
2025-04-11 15:45:34,256 [INFO] PluginManage:310 - Check plugin memorymap
2025-04-11 15:45:34,269 [INFO] PluginManage:359 - Loaded plugin memorymap (category:base,tabindex:4)
2025-04-11 15:45:34,269 [INFO] PluginManage:310 - Check plugin pinoutandconfiguration
2025-04-11 15:45:34,278 [INFO] PluginManage:359 - Loaded plugin pinoutandconfiguration (category:base,tabindex:1)
2025-04-11 15:45:34,278 [INFO] PluginManage:310 - Check plugin pinoutconfig
2025-04-11 15:45:34,374 [WARN] SupportedApi:132 - Cannot load RTOS API schema: s4s-elt-must-match.1: The content of 'definitions' must match (annotation?, (simpleType | complexType)?, (unique | key | keyref)*)). A problem was found starting at: attribute.
2025-04-11 15:45:34,519 [INFO] PluginManage:359 - Loaded plugin pinoutconfig (category:base,tabindex:0)
2025-04-11 15:45:34,519 [INFO] PluginManage:310 - Check plugin power
2025-04-11 15:45:34,528 [INFO] PluginManage:359 - Loaded plugin power (category:power,tabindex:4)
2025-04-11 15:45:34,528 [INFO] PluginManage:310 - Check plugin projectmanager
2025-04-11 15:45:34,543 [INFO] PluginManage:359 - Loaded plugin projectmanager (category:projectmanager,tabindex:4)
2025-04-11 15:45:34,543 [INFO] PluginManage:310 - Check plugin rif
2025-04-11 15:45:34,551 [INFO] PluginManage:359 - Loaded plugin rif (category:base,tabindex:3)
2025-04-11 15:45:34,552 [INFO] PluginManage:310 - Check plugin thirdparty
2025-04-11 15:45:34,709 [WARN] IntegrityCheckThread:84 - waiting for thirdparty lock release [integrity check]
2025-04-11 15:45:34,709 [INFO] IntegrityCheckThread:86 - entering critical section [integrity check]
2025-04-11 15:45:34,710 [INFO] PluginManage:359 - Loaded plugin thirdparty (category:base,tabindex:-1)
2025-04-11 15:45:34,710 [INFO] ThirdPartyUpdaterWithRetryManager:70 - Updater plugin not ready yet. [1/15]
2025-04-11 15:45:34,710 [INFO] PluginManage:310 - Check plugin tools
2025-04-11 15:45:34,716 [INFO] PluginManage:359 - Loaded plugin tools (category:base,tabindex:7)
2025-04-11 15:45:34,716 [INFO] PluginManage:310 - Check plugin tutovideos
2025-04-11 15:45:34,932 [INFO] PluginManage:359 - Loaded plugin tutovideos (category:base,tabindex:-1)
2025-04-11 15:45:34,932 [INFO] PluginManage:310 - Check plugin updater
2025-04-11 15:45:34,955 [INFO] PluginManage:359 - Loaded plugin updater (category:base,tabindex:12)
2025-04-11 15:45:34,956 [INFO] PluginManage:310 - Check plugin userauth
2025-04-11 15:45:34,960 [INFO] UserAuth:118 - Init User Auth plugin
2025-04-11 15:45:34,961 [INFO] PluginManage:359 - Loaded plugin userauth (category:base,tabindex:14)
2025-04-11 15:45:34,962 [INFO] PluginManage:283 - PluginManage : Loaded plugins [18]
2025-04-11 15:45:35,203 [INFO] PinOutPanel:1589 - setPackage(No Configuration,No Configuration)
2025-04-11 15:45:35,304 [INFO] CADModel:165 - CPN selected for project level
2025-04-11 15:45:35,304 [INFO] CADModel:114 - Register for checkConnection events
2025-04-11 15:45:35,328 [INFO] IPUIPlugin:80 - create IPUIPlugin
2025-04-11 15:45:35,328 [INFO] PluginManager:220 - loadIPPluginJar : add adc
2025-04-11 15:45:35,332 [INFO] IPUIPlugin:80 - create IPUIPlugin
2025-04-11 15:45:35,332 [INFO] PluginManager:220 - loadIPPluginJar : add aes
2025-04-11 15:45:35,336 [INFO] IPUIPlugin:80 - create IPUIPlugin
2025-04-11 15:45:35,336 [INFO] PluginManager:220 - loadIPPluginJar : add can
2025-04-11 15:45:35,339 [INFO] IPUIPlugin:80 - create IPUIPlugin
2025-04-11 15:45:35,339 [INFO] PluginManager:220 - loadIPPluginJar : add comp
2025-04-11 15:45:35,342 [INFO] IPUIPlugin:80 - create IPUIPlugin
2025-04-11 15:45:35,342 [INFO] PluginManager:220 - loadIPPluginJar : add cryp
2025-04-11 15:45:35,345 [INFO] IPUIPlugin:80 - create IPUIPlugin
2025-04-11 15:45:35,345 [INFO] PluginManager:220 - loadIPPluginJar : add ddr_ctrl_phy
2025-04-11 15:45:35,349 [INFO] IPUIPlugin:80 - create IPUIPlugin
2025-04-11 15:45:35,349 [INFO] PluginManager:220 - loadIPPluginJar : add dfsdm
2025-04-11 15:45:35,357 [INFO] IPUIPlugin:80 - create IPUIPlugin
2025-04-11 15:45:35,357 [INFO] PluginManager:220 - loadIPPluginJar : add dma
2025-04-11 15:45:35,361 [INFO] IPUIPlugin:80 - create IPUIPlugin
2025-04-11 15:45:35,362 [INFO] PluginManager:220 - loadIPPluginJar : add dma3
2025-04-11 15:45:35,367 [INFO] IPUIPlugin:80 - create IPUIPlugin
2025-04-11 15:45:35,367 [INFO] PluginManager:220 - loadIPPluginJar : add extmemmanager
2025-04-11 15:45:35,371 [INFO] IPUIPlugin:80 - create IPUIPlugin
2025-04-11 15:45:35,371 [INFO] PluginManager:220 - loadIPPluginJar : add fatfs
2025-04-11 15:45:35,378 [INFO] IPUIPlugin:80 - create IPUIPlugin
2025-04-11 15:45:35,378 [INFO] PluginManager:220 - loadIPPluginJar : add fmc
2025-04-11 15:45:35,385 [INFO] IPUIPlugin:80 - create IPUIPlugin
2025-04-11 15:45:35,386 [INFO] PluginManager:220 - loadIPPluginJar : add freertos
2025-04-11 15:45:35,388 [INFO] IPUIPlugin:80 - create IPUIPlugin
2025-04-11 15:45:35,388 [INFO] PluginManager:220 - loadIPPluginJar : add genericplugin
2025-04-11 15:45:35,391 [INFO] IPUIPlugin:80 - create IPUIPlugin
2025-04-11 15:45:35,391 [INFO] PluginManager:220 - loadIPPluginJar : add gfxmmu
2025-04-11 15:45:35,396 [INFO] IPUIPlugin:80 - create IPUIPlugin
2025-04-11 15:45:35,397 [INFO] PluginManager:220 - loadIPPluginJar : add gic
2025-04-11 15:45:35,403 [INFO] IPUIPlugin:80 - create IPUIPlugin
2025-04-11 15:45:35,403 [INFO] PluginManager:220 - loadIPPluginJar : add gpio
2025-04-11 15:45:35,406 [INFO] IPUIPlugin:80 - create IPUIPlugin
2025-04-11 15:45:35,406 [INFO] PluginManager:220 - loadIPPluginJar : add gtzc
2025-04-11 15:45:35,411 [INFO] IPUIPlugin:80 - create IPUIPlugin
2025-04-11 15:45:35,411 [INFO] PluginManager:220 - loadIPPluginJar : add hash
2025-04-11 15:45:35,415 [INFO] IPUIPlugin:80 - create IPUIPlugin
2025-04-11 15:45:35,415 [INFO] PluginManager:220 - loadIPPluginJar : add i2c
2025-04-11 15:45:35,418 [INFO] IPUIPlugin:80 - create IPUIPlugin
2025-04-11 15:45:35,418 [INFO] PluginManager:220 - loadIPPluginJar : add i2s
2025-04-11 15:45:35,422 [INFO] IPUIPlugin:80 - create IPUIPlugin
2025-04-11 15:45:35,423 [INFO] PluginManager:220 - loadIPPluginJar : add i3c
2025-04-11 15:45:35,427 [INFO] IPUIPlugin:80 - create IPUIPlugin
2025-04-11 15:45:35,427 [INFO] PluginManager:220 - loadIPPluginJar : add ipddr
2025-04-11 15:45:35,435 [INFO] IPUIPlugin:80 - create IPUIPlugin
2025-04-11 15:45:35,436 [INFO] PluginManager:220 - loadIPPluginJar : add linkedlist
2025-04-11 15:45:35,439 [INFO] IPUIPlugin:80 - create IPUIPlugin
2025-04-11 15:45:35,439 [INFO] PluginManager:220 - loadIPPluginJar : add lorawan
2025-04-11 15:45:35,442 [INFO] IPUIPlugin:80 - create IPUIPlugin
2025-04-11 15:45:35,442 [INFO] PluginManager:220 - loadIPPluginJar : add ltdc
2025-04-11 15:45:35,448 [INFO] IPUIPlugin:80 - create IPUIPlugin
2025-04-11 15:45:35,449 [INFO] PluginManager:220 - loadIPPluginJar : add mdma
2025-04-11 15:45:35,454 [INFO] IPUIPlugin:80 - create IPUIPlugin
2025-04-11 15:45:35,454 [INFO] PluginManager:220 - loadIPPluginJar : add nvic
2025-04-11 15:45:35,458 [INFO] IPUIPlugin:80 - create IPUIPlugin
2025-04-11 15:45:35,458 [INFO] PluginManager:220 - loadIPPluginJar : add opamp
2025-04-11 15:45:35,461 [INFO] IPUIPlugin:80 - create IPUIPlugin
2025-04-11 15:45:35,461 [INFO] PluginManager:220 - loadIPPluginJar : add openamp
2025-04-11 15:45:35,465 [INFO] IPUIPlugin:80 - create IPUIPlugin
2025-04-11 15:45:35,465 [INFO] PluginManager:220 - loadIPPluginJar : add pdm2pcm
2025-04-11 15:45:35,471 [INFO] IPUIPlugin:80 - create IPUIPlugin
2025-04-11 15:45:35,475 [INFO] PluginManager:220 - loadIPPluginJar : add plateformsettings
2025-04-11 15:45:35,477 [INFO] IPUIPlugin:80 - create IPUIPlugin
2025-04-11 15:45:35,477 [INFO] PluginManager:220 - loadIPPluginJar : add quadspi
2025-04-11 15:45:35,479 [INFO] IPUIPlugin:80 - create IPUIPlugin
2025-04-11 15:45:35,481 [INFO] PluginManager:220 - loadIPPluginJar : add radio
2025-04-11 15:45:35,486 [INFO] IPUIPlugin:80 - create IPUIPlugin
2025-04-11 15:45:35,486 [INFO] PluginManager:220 - loadIPPluginJar : add resmgrutility
2025-04-11 15:45:35,489 [INFO] IPUIPlugin:80 - create IPUIPlugin
2025-04-11 15:45:35,489 [INFO] PluginManager:220 - loadIPPluginJar : add sai
2025-04-11 15:45:35,492 [INFO] IPUIPlugin:80 - create IPUIPlugin
2025-04-11 15:45:35,493 [INFO] PluginManager:220 - loadIPPluginJar : add spi
2025-04-11 15:45:35,500 [INFO] IPUIPlugin:80 - create IPUIPlugin
2025-04-11 15:45:35,500 [INFO] PluginManager:220 - loadIPPluginJar : add stm32_wpan
2025-04-11 15:45:35,504 [INFO] IPUIPlugin:80 - create IPUIPlugin
2025-04-11 15:45:35,504 [INFO] PluginManager:220 - loadIPPluginJar : add tim
2025-04-11 15:45:35,509 [INFO] IPUIPlugin:80 - create IPUIPlugin
2025-04-11 15:45:35,509 [INFO] PluginManager:220 - loadIPPluginJar : add touchsensing
2025-04-11 15:45:35,512 [INFO] IPUIPlugin:80 - create IPUIPlugin
2025-04-11 15:45:35,513 [INFO] PluginManager:220 - loadIPPluginJar : add tracer_emb
2025-04-11 15:45:35,515 [INFO] IPUIPlugin:80 - create IPUIPlugin
2025-04-11 15:45:35,515 [INFO] PluginManager:220 - loadIPPluginJar : add ts
2025-04-11 15:45:35,517 [INFO] IPUIPlugin:80 - create IPUIPlugin
2025-04-11 15:45:35,518 [INFO] PluginManager:220 - loadIPPluginJar : add tsc
2025-04-11 15:45:35,520 [INFO] IPUIPlugin:80 - create IPUIPlugin
2025-04-11 15:45:35,520 [INFO] PluginManager:220 - loadIPPluginJar : add ucpd
2025-04-11 15:45:35,525 [INFO] IPUIPlugin:80 - create IPUIPlugin
2025-04-11 15:45:35,525 [INFO] PluginManager:220 - loadIPPluginJar : add usart
2025-04-11 15:45:35,527 [INFO] IPUIPlugin:80 - create IPUIPlugin
2025-04-11 15:45:35,528 [INFO] PluginManager:220 - loadIPPluginJar : add usbx
2025-04-11 15:45:35,665 [FATAL] Updater:351 - Updater called before beeing initialized
2025-04-11 15:45:35,689 [INFO] RulesReader:64 - Compatibility file has been processed (297 Rules)
2025-04-11 15:45:35,705 [INFO] RulesReader:64 - Compatibility file has been processed (297 Rules)
2025-04-11 15:45:35,729 [INFO] CADModel:165 - CPN selected for project level
2025-04-11 15:45:35,733 [INFO] CADModel:114 - Register for checkConnection events
2025-04-11 15:45:35,733 [FATAL] Updater:351 - Updater called before beeing initialized
2025-04-11 15:45:35,735 [ERROR] CADModel:125 - Updater not yet initialized, retry later 
2025-04-11 15:45:35,941 [FATAL] Updater:351 - Updater called before beeing initialized
2025-04-11 15:45:35,943 [INFO] CADModel:165 - CPN selected for project level
2025-04-11 15:45:35,943 [INFO] CADModel:114 - Register for checkConnection events
2025-04-11 15:45:35,944 [FATAL] Updater:351 - Updater called before beeing initialized
2025-04-11 15:45:35,944 [ERROR] CADModel:125 - Updater not yet initialized, retry later 
2025-04-11 15:45:35,948 [FATAL] Updater:351 - Updater called before beeing initialized
2025-04-11 15:45:36,177 [FATAL] Updater:351 - Updater called before beeing initialized
2025-04-11 15:45:36,182 [INFO] DbMcusAds:53 - JSON generation date=Thu Mar 06 09:54:22 EST 2025 (1741272862204)
2025-04-11 15:45:36,183 [FATAL] Updater:351 - Updater called before beeing initialized
2025-04-11 15:45:36,221 [WARN] DetailPanel:346 - Failed to get advertising image, set to default
2025-04-11 15:45:36,445 [FATAL] Updater:351 - Updater called before beeing initialized
2025-04-11 15:45:36,448 [FATAL] Updater:351 - Updater called before beeing initialized
2025-04-11 15:45:36,448 [FATAL] Updater:351 - Updater called before beeing initialized
2025-04-11 15:45:36,448 [WARN] DetailPanel:346 - Failed to get advertising image, set to default
2025-04-11 15:45:36,449 [FATAL] Updater:351 - Updater called before beeing initialized
2025-04-11 15:45:36,499 [ERROR] Updater:1198 - MainUpdater not yet initialized. External WinMGr cannot be set.
2025-04-11 15:45:36,501 [INFO] Updater:1134 - Updater Version found : 6.13.0
2025-04-11 15:45:36,518 [INFO] ApplicationProperties:184 - Using Application install path: C:\ST\STM32CubeIDE_1.17.0\STM32CubeIDE\plugins\com.st.stm32cube.common.mx_6.13.0.202411220809
2025-04-11 15:45:37,712 [INFO] ThirdPartyUpdaterWithRetryManager:70 - Updater plugin not ready yet. [2/15]
2025-04-11 15:45:38,096 [ERROR] LogOutputStream:75 - [STDERR_REDIRECT] Apr 11, 2025 3:45:38 PM java.util.prefs.WindowsPreferences <init>
2025-04-11 15:45:38,098 [ERROR] LogOutputStream:75 - [STDERR_REDIRECT] WARNING: Could not open/create prefs root node Software\JavaSoft\Prefs at root 0xffffffff80000002. Windows RegCreateKeyEx(...) returned error code 5.
2025-04-11 15:45:38,099 [ERROR] LogOutputStream:75 - [STDERR_REDIRECT] 
2025-04-11 15:45:38,454 [INFO] MainUpdater:2872 - connection check result : 10
2025-04-11 15:45:38,454 [INFO] MainUpdater:3566 - Updater definition file requires update
2025-04-11 15:45:38,456 [INFO] MainUpdater:289 - Updater Check For Update Now.
2025-04-11 15:45:38,456 [INFO] MicroXplorer:498 - Change Database Version : DB.6.0.130
2025-04-11 15:45:38,467 [INFO] McuFinderGlobals:63 - Set McuFinder mode to 2 (CubeIDE integrated)
2025-04-11 15:45:38,478 [INFO] UserAuth:486 - Internet connection configuration mode: 1
2025-04-11 15:45:38,508 [INFO] JxBrowserEngine:152 - Initiate JxBrowser Engine with user profile folder
2025-04-11 15:45:38,641 [INFO] ServerAccessManage:473 - Download File updaters.zip
2025-04-11 15:45:38,738 [INFO] FileExtend:240 - Unzip File : updaters.zip
2025-04-11 15:45:38,739 [INFO] FileExtend:255 - Standard Zip Deflate
2025-04-11 15:45:39,412 [INFO] ServerAccessManage:473 - Download File PacksControlFlags.xml
2025-04-11 15:45:39,608 [INFO] ServerAccessManage:473 - Download File cubemx.pidx
2025-04-11 15:45:39,748 [INFO] LoadServerUpdatesThread:375 - End of LoadServerUpdate Thread
2025-04-11 15:45:40,043 [INFO] CheckServerUpdateThread:120 - End of CheckServer Thread
2025-04-11 15:45:40,135 [INFO] WebApp:168 - Instantiating new browser for Auth
2025-04-11 15:45:40,889 [INFO] WebApp:449 - Apply proxy settings
2025-04-11 15:45:40,891 [INFO] WebApp:534 - Chromium requires no authentication
2025-04-11 15:45:40,901 [INFO] WebApp:477 - Direct internet connection detected
2025-04-11 15:45:40,929 [INFO] WebApp:880 - Register for checkConnection events
2025-04-11 15:45:40,929 [INFO] WebApp:449 - Apply proxy settings
2025-04-11 15:45:40,929 [INFO] WebApp:534 - Chromium requires no authentication
2025-04-11 15:45:40,931 [INFO] WebApp:477 - Direct internet connection detected
2025-04-11 15:45:41,036 [WARN] PackLoader:240 - Cannot read IP mode file for STMicroelectronics.FP-SNS-MOTENVWB1.1.4.0
2025-04-11 15:45:41,066 [WARN] PackLoader:240 - Cannot read IP mode file for STMicroelectronics.FP-ATR-ASTRA1.2.0.2
2025-04-11 15:45:41,087 [WARN] PackLoader:240 - Cannot read IP mode file for STMicroelectronics.FP-ATR-ASTRA1.2.0.1
2025-04-11 15:45:41,115 [WARN] PackLoader:240 - Cannot read IP mode file for STMicroelectronics.X-CUBE-SMBUS.2.1.0
2025-04-11 15:45:41,141 [INFO] WebApp:187 - Connection restablished
2025-04-11 15:45:41,145 [WARN] PackLoader:240 - Cannot read IP mode file for STMicroelectronics.X-CUBE-WB05N.1.1.0
2025-04-11 15:45:41,218 [WARN] PackLoader:240 - Cannot read IP mode file for STMicroelectronics.X-CUBE-AZRTOS-F7.1.1.0
2025-04-11 15:45:41,258 [WARN] PackLoader:240 - Cannot read IP mode file for STMicroelectronics.FP-SNS-FLIGHT1.5.0.2
2025-04-11 15:45:41,318 [WARN] PackLoader:240 - Cannot read IP mode file for Infineon.AIROC-Wi-Fi-Bluetooth-STM32.1.7.0
2025-04-11 15:45:41,389 [WARN] PackLoader:240 - Cannot read IP mode file for STMicroelectronics.X-CUBE-DISPLAY.3.0.0
2025-04-11 15:45:41,407 [INFO] WebApp:221 - Starting web application
2025-04-11 15:45:41,408 [INFO] WebApp:579 - Web application path used C:\ST\STM32CubeIDE_1.17.0\STM32CubeIDE\plugins\com.st.stm32cube.common.mx_6.13.0.202411220809\db\plugins\mcufinder\reactClient1\index.html
2025-04-11 15:45:41,425 [WARN] PackLoader:240 - Cannot read IP mode file for STMicroelectronics.X-CUBE-BLE1.7.0.0
2025-04-11 15:45:41,454 [WARN] PackLoader:240 - Cannot read IP mode file for STMicroelectronics.X-CUBE-NFC10.1.0.0
2025-04-11 15:45:41,485 [WARN] PackLoader:240 - Cannot read IP mode file for STMicroelectronics.X-CUBE-BLEMGR.4.0.0
2025-04-11 15:45:41,518 [WARN] PackLoader:240 - Cannot read IP mode file for emotas.I-CUBE-CANOPEN.1.3.0
2025-04-11 15:45:41,544 [INFO] UserAuth:486 - Internet connection configuration mode: 1
2025-04-11 15:45:41,544 [WARN] PackLoader:240 - Cannot read IP mode file for STMicroelectronics.X-CUBE-AI.10.0.0
2025-04-11 15:45:41,573 [WARN] PackLoader:240 - Cannot read IP mode file for STMicroelectronics.FP-SNS-SMARTAG2.1.2.0
2025-04-11 15:45:41,614 [WARN] PackLoader:240 - Cannot read IP mode file for STMicroelectronics.FP-SNS-FLIGHT1.5.1.0
2025-04-11 15:45:41,731 [WARN] PackLoader:240 - Cannot read IP mode file for STMicroelectronics.X-CUBE-MEMS1.11.1.0
2025-04-11 15:45:42,022 [INFO] LogOutputStream:77 - [STDOUT_REDIRECT] 1 : Invalid condition id : UX_CORESTACK_Condition cause : null
2025-04-11 15:45:42,024 [INFO] LogOutputStream:77 - [STDOUT_REDIRECT] 1 : Invalid condition id : UX_CORESTACK_Condition cause : null
2025-04-11 15:45:42,026 [INFO] LogOutputStream:77 - [STDOUT_REDIRECT] 1 : Invalid condition id : UX_CORESTACK_Condition cause : null
2025-04-11 15:45:42,029 [INFO] LogOutputStream:77 - [STDOUT_REDIRECT] 1 : Invalid condition id : UX_CORESTACK_Condition cause : null
2025-04-11 15:45:42,031 [INFO] LogOutputStream:77 - [STDOUT_REDIRECT] 1 : Invalid condition id : UX_CORESTACK_Condition cause : null
2025-04-11 15:45:42,035 [WARN] PackLoader:240 - Cannot read IP mode file for STMicroelectronics.X-CUBE-AZRTOS-WL.2.0.0
2025-04-11 15:45:42,061 [WARN] PackLoader:240 - Cannot read IP mode file for STMicroelectronics.FP-SNS-MOTENV1.5.0.0
2025-04-11 15:45:42,082 [WARN] PackLoader:240 - Cannot read IP mode file for wolfSSL.I-CUBE-wolfMQTT.1.19.0
2025-04-11 15:45:42,114 [WARN] PackLoader:240 - Cannot read IP mode file for WES.I-CUBE-Cesium.1.3.0
2025-04-11 15:45:42,139 [WARN] PackLoader:240 - Cannot read IP mode file for STMicroelectronics.X-CUBE-BLE2.3.3.0
2025-04-11 15:45:42,164 [WARN] PackLoader:240 - Cannot read IP mode file for STMicroelectronics.X-CUBE-NFC9.1.0.0
2025-04-11 15:45:42,209 [WARN] PackLoader:240 - Cannot read IP mode file for STMicroelectronics.X-CUBE-BLE1.7.1.0
2025-04-11 15:45:42,247 [WARN] PackLoader:240 - Cannot read IP mode file for STMicroelectronics.X-CUBE-AZRTOS-G0.1.1.0
2025-04-11 15:45:42,279 [WARN] PackLoader:240 - Cannot read IP mode file for STMicroelectronics.X-CUBE-SAFEA1.1.2.2
2025-04-11 15:45:42,288 [ERROR] LogOutputStream:75 - [STDERR_REDIRECT] Apr 11, 2025 3:45:42 PM org.glassfish.grizzly.http.server.NetworkListener start
2025-04-11 15:45:42,291 [ERROR] LogOutputStream:75 - [STDERR_REDIRECT] INFO: Started listener bound to [localhost:16721]
2025-04-11 15:45:42,292 [ERROR] LogOutputStream:75 - [STDERR_REDIRECT] 
2025-04-11 15:45:42,294 [ERROR] LogOutputStream:75 - [STDERR_REDIRECT] Apr 11, 2025 3:45:42 PM org.glassfish.grizzly.http.server.HttpServer start
2025-04-11 15:45:42,296 [ERROR] LogOutputStream:75 - [STDERR_REDIRECT] INFO: [HttpServer] Started.
2025-04-11 15:45:42,296 [ERROR] LogOutputStream:75 - [STDERR_REDIRECT] 
2025-04-11 15:45:42,306 [WARN] PackLoader:240 - Cannot read IP mode file for STMicroelectronics.X-CUBE-NFC4.3.0.0
2025-04-11 15:45:42,336 [WARN] PackLoader:240 - Cannot read IP mode file for EmbeddedOffice.I-CUBE-FS-RTOS.1.0.1
2025-04-11 15:45:42,362 [WARN] PackLoader:240 - Cannot read IP mode file for STMicroelectronics.X-CUBE-TCPP.4.2.0
2025-04-11 15:45:42,388 [WARN] PackLoader:240 - Cannot read IP mode file for RealThread.X-CUBE-RT-Thread_Nano.4.1.1
2025-04-11 15:45:42,409 [WARN] PackLoader:240 - Cannot read IP mode file for STMicroelectronics.FP-ATR-SIGFOX1.3.2.0
2025-04-11 15:45:42,429 [WARN] ConditionMgr:438 - getConditionDescription Invalid condition id : Cortex-A Device cause : null
2025-04-11 15:45:42,458 [WARN] ConditionMgr:1044 - genDependencies : Invalid condition id : Cortex-A Device cause : null
2025-04-11 15:45:42,458 [WARN] ConditionMgr:1044 - genDependencies : Invalid condition id : Cortex-A Device cause : null
2025-04-11 15:45:42,458 [WARN] ConditionMgr:1044 - genDependencies : Invalid condition id : Cortex-A Device cause : null
2025-04-11 15:45:42,476 [WARN] PackLoader:240 - Cannot read IP mode file for STMicroelectronics.X-CUBE-EEPRMA1.5.1.0
2025-04-11 15:45:42,491 [WARN] PackLoader:240 - Cannot read IP mode file for wolfSSL.I-CUBE-wolfSSL.5.7.6
2025-04-11 15:45:42,507 [WARN] PackLoader:240 - Cannot read IP mode file for ITTIA_DB.I-CUBE-ITTIADB.8.9.0
2025-04-11 15:45:42,538 [WARN] PackLoader:240 - Cannot read IP mode file for SEGGER.I-CUBE-embOS.1.3.1
2025-04-11 15:45:42,583 [WARN] PackLoader:240 - Cannot read IP mode file for STMicroelectronics.X-CUBE-ALGOBUILD.1.4.0
2025-04-11 15:45:42,623 [WARN] PackLoader:240 - Cannot read IP mode file for STMicroelectronics.X-CUBE-AZRTOS-F4.1.1.0
2025-04-11 15:45:42,649 [WARN] PackLoader:240 - Cannot read IP mode file for STMicroelectronics.X-CUBE-ISPU.2.1.0
2025-04-11 15:45:42,689 [WARN] PackLoader:240 - Cannot read IP mode file for STMicroelectronics.X-CUBE-AZRTOS-L5.2.0.0
2025-04-11 15:45:42,722 [WARN] PackLoader:240 - Cannot read IP mode file for STMicroelectronics.X-CUBE-NFC6.3.1.0
2025-04-11 15:45:42,751 [WARN] PackLoader:240 - Cannot read IP mode file for STMicroelectronics.X-CUBE-DPower.1.2.0
2025-04-11 15:45:42,777 [WARN] PackLoader:240 - Cannot read IP mode file for STMicroelectronics.X-CUBE-FREERTOS.1.3.0
2025-04-11 15:45:42,802 [WARN] PackLoader:240 - Cannot read IP mode file for STMicroelectronics.X-CUBE-NFC7.1.0.1
2025-04-11 15:45:42,822 [WARN] PackLoader:240 - Cannot read IP mode file for STMicroelectronics.X-CUBE-DPower.1.3.0
2025-04-11 15:45:42,858 [WARN] ConditionMgr:438 - getConditionDescription Invalid condition id : LAN8742 Phy interface Condition cause : null
2025-04-11 15:45:42,859 [WARN] PackLoader:240 - Cannot read IP mode file for STMicroelectronics.X-CUBE-AZRTOS-L4.2.0.0
2025-04-11 15:45:42,861 [WARN] ConditionMgr:1044 - genDependencies : Invalid condition id : LAN8742 Phy interface Condition cause : null
2025-04-11 15:45:42,862 [WARN] ConditionMgr:1044 - genDependencies : Invalid condition id : LAN8742 Phy interface Condition cause : null
2025-04-11 15:45:42,862 [WARN] ConditionMgr:1044 - genDependencies : Invalid condition id : LAN8742 Phy interface Condition cause : null
2025-04-11 15:45:42,886 [WARN] PackLoader:240 - Cannot read IP mode file for STMicroelectronics.X-CUBE-SFXS2LP1.4.0.0
2025-04-11 15:45:42,923 [WARN] PackLoader:240 - Cannot read IP mode file for STMicroelectronics.X-CUBE-AZRTOS-H7.3.3.0
2025-04-11 15:45:42,952 [WARN] ConditionMgr:438 - getConditionDescription Invalid condition id : UX DEVICE CLASS RTOS Condition cause : null
2025-04-11 15:45:42,952 [WARN] ConditionMgr:438 - getConditionDescription Invalid condition id : UX DEVICE CLASS RTOS Condition cause : null
2025-04-11 15:45:42,954 [WARN] PackLoader:240 - Cannot read IP mode file for STMicroelectronics.X-CUBE-AZRTOS-WB.2.0.0
2025-04-11 15:45:42,954 [WARN] ConditionMgr:1044 - genDependencies : Invalid condition id : UX DEVICE CLASS RTOS Condition cause : null
2025-04-11 15:45:42,954 [WARN] ConditionMgr:1044 - genDependencies : Invalid condition id : UX DEVICE CLASS RTOS Condition cause : null
2025-04-11 15:45:42,955 [WARN] ConditionMgr:1044 - genDependencies : Invalid condition id : UX DEVICE CLASS RTOS Condition cause : null
2025-04-11 15:45:42,955 [WARN] ConditionMgr:1044 - genDependencies : Invalid condition id : UX DEVICE CLASS RTOS Condition cause : null
2025-04-11 15:45:42,955 [WARN] ConditionMgr:1044 - genDependencies : Invalid condition id : UX DEVICE CLASS RTOS Condition cause : null
2025-04-11 15:45:42,979 [WARN] PackLoader:240 - Cannot read IP mode file for STMicroelectronics.X-CUBE-GNSS1.7.0.1
2025-04-11 15:45:43,004 [WARN] PackLoader:240 - Cannot read IP mode file for STMicroelectronics.X-CUBE-TOUCHGFX.4.25.0
2025-04-11 15:45:43,023 [WARN] PackLoader:240 - Cannot read IP mode file for STMicroelectronics.FP-SNS-STBOX1.2.0.0
2025-04-11 15:45:43,044 [WARN] PackLoader:240 - Cannot read IP mode file for STMicroelectronics.X-CUBE-SUBG2.5.0.0
2025-04-11 15:45:43,081 [WARN] PackLoader:240 - Cannot read IP mode file for STMicroelectronics.X-CUBE-AZRTOS-H7RS.1.1.0
2025-04-11 15:45:43,102 [WARN] PackLoader:240 - Cannot read IP mode file for Cesanta.I-CUBE-Mongoose.7.13.0
2025-04-11 15:45:43,127 [WARN] PackLoader:240 - Cannot read IP mode file for STMicroelectronics.X-CUBE-AZRTOS-G4.2.0.0
2025-04-11 15:45:43,150 [WARN] PackLoader:240 - Cannot read IP mode file for STMicroelectronics.X-CUBE-IPS.3.1.0
2025-04-11 15:45:43,176 [WARN] PackLoader:240 - Cannot read IP mode file for STMicroelectronics.X-CUBE-ALS.1.0.2
2025-04-11 15:45:43,197 [WARN] PackLoader:240 - Cannot read IP mode file for STMicroelectronics.X-CUBE-TOUCHGFX.4.24.2
2025-04-11 15:45:43,220 [WARN] PackLoader:240 - Cannot read IP mode file for wolfSSL.I-CUBE-wolfTPM.3.4.0
2025-04-11 15:45:43,244 [WARN] PackLoader:240 - Cannot read IP mode file for portGmbH.I-Cube-SoM-uGOAL.1.1.0
2025-04-11 15:45:43,279 [WARN] PackLoader:240 - Cannot read IP mode file for STMicroelectronics.X-CUBE-AZRTOS-H7RS.1.0.0
2025-04-11 15:45:43,312 [WARN] PackLoader:240 - Cannot read IP mode file for STMicroelectronics.X-CUBE-TOF1.3.4.2
2025-04-11 15:45:43,343 [WARN] PackLoader:240 - Cannot read IP mode file for wolfSSL.I-CUBE-wolfSSH.1.4.17
2025-04-11 15:45:43,344 [INFO] ThirdParty:978 - Integrity check success = true
2025-04-11 15:45:43,344 [INFO] IntegrityCheckThread:100 - exiting critical section [integrity check]
2025-04-11 15:45:43,344 [INFO] IntegrityCheckThread:103 - End integrity checks thread
2025-04-11 15:49:44,554 [ERROR] LogOutputStream:75 - [STDERR_REDIRECT] 
2025-04-11 15:49:44,558 [ERROR] LogOutputStream:75 - [STDERR_REDIRECT] 
