2025-04-25 21:40:33,855 [INFO] Activator:176 - 


2025-04-25 21:40:33,861 [INFO] Activator:177 - !SESSION log4j initialized
2025-04-25 21:40:42,999 [INFO] LogOutputStream:77 - [STDOUT_REDIRECT] 
2025-04-25 21:40:45,125 [INFO] ApplicationProperties:184 - Using Application install path: C:\ST\STM32CubeIDE_1.17.0\STM32CubeIDE\plugins\com.st.stm32cube.common.mx_6.14.1.202504091515
2025-04-25 21:40:45,155 [INFO] DbMcusXml:78 - Set database path to: C:\ST\STM32CubeIDE_1.17.0\STM32CubeIDE\plugins\com.st.stm32cube.common.mx_6.14.1.202504091515\\db\/mcu/
2025-04-25 21:40:45,156 [INFO] ApiDb:274 - Set plugin database path to: C:\ST\STM32CubeIDE_1.17.0\STM32CubeIDE\plugins\com.st.stm32cube.common.mx_6.14.1.202504091515\\db\/plugins/boardmanager/
2025-04-25 21:40:45,157 [WARN] ApiDb:259 - Overriding images path with different value:  => C:\ST\STM32CubeIDE_1.17.0\STM32CubeIDE\plugins\com.st.stm32cube.common.mx_6.14.1.202504091515\\db\/plugins/mcufinder/images/
2025-04-25 21:40:45,167 [INFO] ApiDb:250 - Set database path to: C:\Users\rouse\.stmcufinder\plugins\mcufinder//mcu/
2025-04-25 21:40:45,169 [INFO] DbMcusAds:125 - Set database path to: C:\Users\rouse\.stmcufinder\plugins\mcufinder//mcu/
2025-04-25 21:40:45,173 [INFO] CrossReferenceDbSqlite:203 - Set database path to: C:\Users\rouse\.stmcufinder\plugins\mcufinder//mcu/cs/
2025-04-25 21:40:45,402 [INFO] RulesReader:64 - Compatibility file has been processed (302 Rules)
2025-04-25 21:40:45,503 [INFO] DbMcusXml:78 - Set database path to: C:\ST\STM32CubeIDE_1.17.0\STM32CubeIDE\plugins\com.st.stm32cube.common.mx_6.14.1.202504091515\\db\/mcu/
2025-04-25 21:40:45,503 [INFO] ApiDb:274 - Set plugin database path to: C:\ST\STM32CubeIDE_1.17.0\STM32CubeIDE\plugins\com.st.stm32cube.common.mx_6.14.1.202504091515\\db\/plugins/boardmanager/
2025-04-25 21:40:45,503 [INFO] ApiDb:261 - Set plugin images path to: C:\ST\STM32CubeIDE_1.17.0\STM32CubeIDE\plugins\com.st.stm32cube.common.mx_6.14.1.202504091515\\db\/plugins/mcufinder/images/
2025-04-25 21:40:45,504 [WARN] DbFile:41 - Overriding database path with different value: C:\Users\rouse\.stmcufinder\plugins\mcufinder/ => C:\Users\rouse\.stmcufinder\plugins\mcufinder
2025-04-25 21:40:45,504 [INFO] ApiDb:250 - Set database path to: C:\Users\rouse\.stmcufinder\plugins\mcufinder//mcu/
2025-04-25 21:40:45,504 [WARN] DbFile:41 - Overriding database path with different value: C:\Users\rouse\.stmcufinder\plugins\mcufinder/ => C:\Users\rouse\.stmcufinder\plugins\mcufinder
2025-04-25 21:40:45,504 [INFO] DbMcusAds:125 - Set database path to: C:\Users\rouse\.stmcufinder\plugins\mcufinder//mcu/
2025-04-25 21:40:45,504 [WARN] DbFile:41 - Overriding database path with different value: C:\Users\rouse\.stmcufinder\plugins\mcufinder/ => C:\Users\rouse\.stmcufinder\plugins\mcufinder
2025-04-25 21:40:45,504 [WARN] DbFile:41 - Overriding database path with different value: C:\Users\rouse\.stmcufinder\plugins\mcufinder/ => C:\Users\rouse\.stmcufinder\plugins\mcufinder
2025-04-25 21:40:45,504 [INFO] CrossReferenceDbSqlite:203 - Set database path to: C:\Users\rouse\.stmcufinder\plugins\mcufinder//mcu/cs/
2025-04-25 21:40:45,639 [INFO] MainPanel:272 - HeapMemory: 268435456
2025-04-25 21:40:45,849 [INFO] DbMcusXml:78 - Set database path to: C:\ST\STM32CubeIDE_1.17.0\STM32CubeIDE\plugins\com.st.stm32cube.common.mx_6.14.1.202504091515\\db\/mcu/
2025-04-25 21:40:45,850 [INFO] ApiDb:274 - Set plugin database path to: C:\ST\STM32CubeIDE_1.17.0\STM32CubeIDE\plugins\com.st.stm32cube.common.mx_6.14.1.202504091515\\db\/plugins/boardmanager/
2025-04-25 21:40:45,850 [INFO] ApiDb:261 - Set plugin images path to: C:\ST\STM32CubeIDE_1.17.0\STM32CubeIDE\plugins\com.st.stm32cube.common.mx_6.14.1.202504091515\\db\/plugins/mcufinder/images/
2025-04-25 21:40:45,851 [WARN] DbFile:41 - Overriding database path with different value: C:\Users\rouse\.stmcufinder\plugins\mcufinder/ => C:\Users\rouse\.stmcufinder\plugins\mcufinder
2025-04-25 21:40:45,851 [INFO] ApiDb:250 - Set database path to: C:\Users\rouse\.stmcufinder\plugins\mcufinder//mcu/
2025-04-25 21:40:45,852 [WARN] DbFile:41 - Overriding database path with different value: C:\Users\rouse\.stmcufinder\plugins\mcufinder/ => C:\Users\rouse\.stmcufinder\plugins\mcufinder
2025-04-25 21:40:45,852 [INFO] DbMcusAds:125 - Set database path to: C:\Users\rouse\.stmcufinder\plugins\mcufinder//mcu/
2025-04-25 21:40:45,852 [WARN] DbFile:41 - Overriding database path with different value: C:\Users\rouse\.stmcufinder\plugins\mcufinder/ => C:\Users\rouse\.stmcufinder\plugins\mcufinder
2025-04-25 21:40:45,852 [WARN] DbFile:41 - Overriding database path with different value: C:\Users\rouse\.stmcufinder\plugins\mcufinder/ => C:\Users\rouse\.stmcufinder\plugins\mcufinder
2025-04-25 21:40:45,852 [INFO] CrossReferenceDbSqlite:203 - Set database path to: C:\Users\rouse\.stmcufinder\plugins\mcufinder//mcu/cs/
2025-04-25 21:40:45,889 [INFO] ApplicationProperties:184 - Using Application install path: C:\ST\STM32CubeIDE_1.17.0\STM32CubeIDE\plugins\com.st.stm32cube.common.mx_6.14.1.202504091515
2025-04-25 21:40:45,892 [INFO] PluginManage:196 - Search for loadable plugins [exclusion list=, ]
2025-04-25 21:40:45,894 [INFO] PluginManage:310 - Check plugin analytics
2025-04-25 21:40:46,253 [INFO] AnalyticsPlugin:253 - Accepted Software Licenses: STM32CubeMX.6.14.0,STM32CubeMX.6.13.0
2025-04-25 21:40:46,254 [INFO] AnalyticsPlugin:255 - Accepted CMSIS Pack Licenses: 
2025-04-25 21:40:46,254 [INFO] AnalyticsPlugin:257 - Accepted Firmware Licenses: FW.C0.1.3.0
2025-04-25 21:40:46,258 [INFO] PluginManage:359 - Loaded plugin analytics (category:tool,tabindex:-1)
2025-04-25 21:40:46,259 [INFO] PluginManage:310 - Check plugin cadmodel
2025-04-25 21:40:46,263 [INFO] CADModel:105 - Init CAD model plugin
2025-04-25 21:40:46,264 [INFO] PluginManage:359 - Loaded plugin cadmodel (category:power,tabindex:5)
2025-04-25 21:40:46,265 [INFO] PluginManage:310 - Check plugin clock
2025-04-25 21:40:46,279 [INFO] PluginManage:359 - Loaded plugin clock (category:base,tabindex:2)
2025-04-25 21:40:46,279 [INFO] PluginManage:310 - Check plugin ddr
2025-04-25 21:40:46,283 [INFO] PluginManage:359 - Loaded plugin ddr (category:tool,tabindex:6)
2025-04-25 21:40:46,284 [INFO] PluginManage:310 - Check plugin filemanager
2025-04-25 21:40:46,514 [INFO] PluginManage:359 - Loaded plugin filemanager (category:base,tabindex:10)
2025-04-25 21:40:46,514 [INFO] PluginManage:310 - Check plugin ipmanager
2025-04-25 21:40:46,525 [INFO] PluginManage:359 - Loaded plugin ipmanager (category:base,tabindex:5)
2025-04-25 21:40:46,525 [INFO] PluginManage:310 - Check plugin lpbam
2025-04-25 21:40:46,539 [INFO] PluginManage:359 - Loaded plugin lpbam (category:base,tabindex:0)
2025-04-25 21:40:46,539 [INFO] PluginManage:310 - Check plugin memorymap
2025-04-25 21:40:46,557 [INFO] PluginManage:359 - Loaded plugin memorymap (category:base,tabindex:4)
2025-04-25 21:40:46,557 [INFO] PluginManage:310 - Check plugin pinoutandconfiguration
2025-04-25 21:40:46,571 [INFO] PluginManage:359 - Loaded plugin pinoutandconfiguration (category:base,tabindex:1)
2025-04-25 21:40:46,571 [INFO] PluginManage:310 - Check plugin pinoutconfig
2025-04-25 21:40:46,723 [WARN] SupportedApi:132 - Cannot load RTOS API schema: s4s-elt-must-match.1: The content of 'definitions' must match (annotation?, (simpleType | complexType)?, (unique | key | keyref)*)). A problem was found starting at: attribute.
2025-04-25 21:40:46,944 [INFO] PluginManage:359 - Loaded plugin pinoutconfig (category:base,tabindex:0)
2025-04-25 21:40:46,944 [INFO] PluginManage:310 - Check plugin power
2025-04-25 21:40:46,957 [INFO] PluginManage:359 - Loaded plugin power (category:power,tabindex:4)
2025-04-25 21:40:46,957 [INFO] PluginManage:310 - Check plugin projectmanager
2025-04-25 21:40:46,984 [INFO] PluginManage:359 - Loaded plugin projectmanager (category:projectmanager,tabindex:4)
2025-04-25 21:40:46,984 [INFO] PluginManage:310 - Check plugin rif
2025-04-25 21:40:46,996 [INFO] PluginManage:359 - Loaded plugin rif (category:base,tabindex:3)
2025-04-25 21:40:46,997 [INFO] PluginManage:310 - Check plugin thirdparty
2025-04-25 21:40:47,210 [INFO] PluginManage:359 - Loaded plugin thirdparty (category:base,tabindex:-1)
2025-04-25 21:40:47,210 [WARN] IntegrityCheckThread:84 - waiting for thirdparty lock release [integrity check]
2025-04-25 21:40:47,210 [INFO] IntegrityCheckThread:86 - entering critical section [integrity check]
2025-04-25 21:40:47,210 [INFO] PluginManage:310 - Check plugin tools
2025-04-25 21:40:47,211 [INFO] ThirdPartyUpdaterWithRetryManager:70 - Updater plugin not ready yet. [1/15]
2025-04-25 21:40:47,213 [INFO] PluginManage:359 - Loaded plugin tools (category:base,tabindex:7)
2025-04-25 21:40:47,213 [INFO] PluginManage:310 - Check plugin tutovideos
2025-04-25 21:40:47,475 [INFO] PluginManage:359 - Loaded plugin tutovideos (category:base,tabindex:-1)
2025-04-25 21:40:47,475 [INFO] PluginManage:310 - Check plugin updater
2025-04-25 21:40:47,504 [INFO] PluginManage:359 - Loaded plugin updater (category:base,tabindex:12)
2025-04-25 21:40:47,505 [INFO] PluginManage:310 - Check plugin userauth
2025-04-25 21:40:47,510 [INFO] UserAuth:118 - Init User Auth plugin
2025-04-25 21:40:47,512 [INFO] PluginManage:359 - Loaded plugin userauth (category:base,tabindex:14)
2025-04-25 21:40:47,512 [INFO] PluginManage:283 - PluginManage : Loaded plugins [18]
2025-04-25 21:40:47,869 [INFO] PinOutPanel:1589 - setPackage(No Configuration,No Configuration)
2025-04-25 21:40:47,991 [INFO] CADModel:165 - CPN selected for project level
2025-04-25 21:40:47,991 [INFO] CADModel:114 - Register for checkConnection events
2025-04-25 21:40:48,025 [INFO] IPUIPlugin:80 - create IPUIPlugin
2025-04-25 21:40:48,025 [INFO] PluginManager:220 - loadIPPluginJar : add adc
2025-04-25 21:40:48,030 [INFO] IPUIPlugin:80 - create IPUIPlugin
2025-04-25 21:40:48,030 [INFO] PluginManager:220 - loadIPPluginJar : add aes
2025-04-25 21:40:48,035 [INFO] IPUIPlugin:80 - create IPUIPlugin
2025-04-25 21:40:48,036 [INFO] PluginManager:220 - loadIPPluginJar : add can
2025-04-25 21:40:48,038 [INFO] IPUIPlugin:80 - create IPUIPlugin
2025-04-25 21:40:48,039 [INFO] PluginManager:220 - loadIPPluginJar : add comp
2025-04-25 21:40:48,042 [INFO] IPUIPlugin:80 - create IPUIPlugin
2025-04-25 21:40:48,042 [INFO] PluginManager:220 - loadIPPluginJar : add cryp
2025-04-25 21:40:48,048 [INFO] IPUIPlugin:80 - create IPUIPlugin
2025-04-25 21:40:48,048 [INFO] PluginManager:220 - loadIPPluginJar : add ddr_ctrl_phy
2025-04-25 21:40:48,052 [INFO] IPUIPlugin:80 - create IPUIPlugin
2025-04-25 21:40:48,053 [INFO] PluginManager:220 - loadIPPluginJar : add dfsdm
2025-04-25 21:40:48,062 [INFO] IPUIPlugin:80 - create IPUIPlugin
2025-04-25 21:40:48,063 [INFO] PluginManager:220 - loadIPPluginJar : add dma
2025-04-25 21:40:48,067 [INFO] IPUIPlugin:80 - create IPUIPlugin
2025-04-25 21:40:48,067 [INFO] PluginManager:220 - loadIPPluginJar : add dma3
2025-04-25 21:40:48,072 [INFO] IPUIPlugin:80 - create IPUIPlugin
2025-04-25 21:40:48,072 [INFO] PluginManager:220 - loadIPPluginJar : add extmemmanager
2025-04-25 21:40:48,075 [INFO] IPUIPlugin:80 - create IPUIPlugin
2025-04-25 21:40:48,076 [INFO] PluginManager:220 - loadIPPluginJar : add fatfs
2025-04-25 21:40:48,085 [INFO] IPUIPlugin:80 - create IPUIPlugin
2025-04-25 21:40:48,085 [INFO] PluginManager:220 - loadIPPluginJar : add fmc
2025-04-25 21:40:48,094 [INFO] IPUIPlugin:80 - create IPUIPlugin
2025-04-25 21:40:48,095 [INFO] PluginManager:220 - loadIPPluginJar : add freertos
2025-04-25 21:40:48,097 [INFO] IPUIPlugin:80 - create IPUIPlugin
2025-04-25 21:40:48,097 [INFO] PluginManager:220 - loadIPPluginJar : add genericplugin
2025-04-25 21:40:48,100 [INFO] IPUIPlugin:80 - create IPUIPlugin
2025-04-25 21:40:48,101 [INFO] PluginManager:220 - loadIPPluginJar : add gfxmmu
2025-04-25 21:40:48,109 [INFO] IPUIPlugin:80 - create IPUIPlugin
2025-04-25 21:40:48,110 [INFO] PluginManager:220 - loadIPPluginJar : add gic
2025-04-25 21:40:48,117 [INFO] IPUIPlugin:80 - create IPUIPlugin
2025-04-25 21:40:48,119 [INFO] PluginManager:220 - loadIPPluginJar : add gpio
2025-04-25 21:40:48,124 [INFO] IPUIPlugin:80 - create IPUIPlugin
2025-04-25 21:40:48,124 [INFO] PluginManager:220 - loadIPPluginJar : add gtzc
2025-04-25 21:40:48,129 [INFO] IPUIPlugin:80 - create IPUIPlugin
2025-04-25 21:40:48,129 [INFO] PluginManager:220 - loadIPPluginJar : add hash
2025-04-25 21:40:48,135 [INFO] IPUIPlugin:80 - create IPUIPlugin
2025-04-25 21:40:48,135 [INFO] PluginManager:220 - loadIPPluginJar : add i2c
2025-04-25 21:40:48,141 [INFO] IPUIPlugin:80 - create IPUIPlugin
2025-04-25 21:40:48,141 [INFO] PluginManager:220 - loadIPPluginJar : add i2s
2025-04-25 21:40:48,147 [INFO] IPUIPlugin:80 - create IPUIPlugin
2025-04-25 21:40:48,147 [INFO] PluginManager:220 - loadIPPluginJar : add i3c
2025-04-25 21:40:48,153 [INFO] IPUIPlugin:80 - create IPUIPlugin
2025-04-25 21:40:48,154 [INFO] PluginManager:220 - loadIPPluginJar : add ipddr
2025-04-25 21:40:48,166 [INFO] IPUIPlugin:80 - create IPUIPlugin
2025-04-25 21:40:48,166 [INFO] PluginManager:220 - loadIPPluginJar : add linkedlist
2025-04-25 21:40:48,173 [INFO] IPUIPlugin:80 - create IPUIPlugin
2025-04-25 21:40:48,174 [INFO] PluginManager:220 - loadIPPluginJar : add lorawan
2025-04-25 21:40:48,176 [INFO] IPUIPlugin:80 - create IPUIPlugin
2025-04-25 21:40:48,176 [INFO] PluginManager:220 - loadIPPluginJar : add ltdc
2025-04-25 21:40:48,185 [INFO] IPUIPlugin:80 - create IPUIPlugin
2025-04-25 21:40:48,185 [INFO] PluginManager:220 - loadIPPluginJar : add mdma
2025-04-25 21:40:48,191 [INFO] IPUIPlugin:80 - create IPUIPlugin
2025-04-25 21:40:48,191 [INFO] PluginManager:220 - loadIPPluginJar : add nvic
2025-04-25 21:40:48,197 [INFO] IPUIPlugin:80 - create IPUIPlugin
2025-04-25 21:40:48,197 [INFO] PluginManager:220 - loadIPPluginJar : add opamp
2025-04-25 21:40:48,201 [INFO] IPUIPlugin:80 - create IPUIPlugin
2025-04-25 21:40:48,202 [INFO] PluginManager:220 - loadIPPluginJar : add openamp
2025-04-25 21:40:48,207 [INFO] IPUIPlugin:80 - create IPUIPlugin
2025-04-25 21:40:48,208 [INFO] PluginManager:220 - loadIPPluginJar : add pdm2pcm
2025-04-25 21:40:48,219 [INFO] IPUIPlugin:80 - create IPUIPlugin
2025-04-25 21:40:48,224 [INFO] PluginManager:220 - loadIPPluginJar : add plateformsettings
2025-04-25 21:40:48,227 [INFO] IPUIPlugin:80 - create IPUIPlugin
2025-04-25 21:40:48,227 [INFO] PluginManager:220 - loadIPPluginJar : add quadspi
2025-04-25 21:40:48,230 [INFO] IPUIPlugin:80 - create IPUIPlugin
2025-04-25 21:40:48,231 [INFO] PluginManager:220 - loadIPPluginJar : add radio
2025-04-25 21:40:48,237 [INFO] IPUIPlugin:80 - create IPUIPlugin
2025-04-25 21:40:48,237 [INFO] PluginManager:220 - loadIPPluginJar : add resmgrutility
2025-04-25 21:40:48,242 [INFO] IPUIPlugin:80 - create IPUIPlugin
2025-04-25 21:40:48,243 [INFO] PluginManager:220 - loadIPPluginJar : add sai
2025-04-25 21:40:48,248 [INFO] IPUIPlugin:80 - create IPUIPlugin
2025-04-25 21:40:48,248 [INFO] PluginManager:220 - loadIPPluginJar : add spi
2025-04-25 21:40:48,258 [INFO] IPUIPlugin:80 - create IPUIPlugin
2025-04-25 21:40:48,258 [INFO] PluginManager:220 - loadIPPluginJar : add stm32_wpan
2025-04-25 21:40:48,260 [INFO] IPUIPlugin:80 - create IPUIPlugin
2025-04-25 21:40:48,260 [INFO] PluginManager:220 - loadIPPluginJar : add tim
2025-04-25 21:40:48,266 [INFO] IPUIPlugin:80 - create IPUIPlugin
2025-04-25 21:40:48,266 [INFO] PluginManager:220 - loadIPPluginJar : add touchsensing
2025-04-25 21:40:48,270 [INFO] IPUIPlugin:80 - create IPUIPlugin
2025-04-25 21:40:48,270 [INFO] PluginManager:220 - loadIPPluginJar : add tracer_emb
2025-04-25 21:40:48,272 [INFO] IPUIPlugin:80 - create IPUIPlugin
2025-04-25 21:40:48,273 [INFO] PluginManager:220 - loadIPPluginJar : add ts
2025-04-25 21:40:48,275 [INFO] IPUIPlugin:80 - create IPUIPlugin
2025-04-25 21:40:48,276 [INFO] PluginManager:220 - loadIPPluginJar : add tsc
2025-04-25 21:40:48,278 [INFO] IPUIPlugin:80 - create IPUIPlugin
2025-04-25 21:40:48,279 [INFO] PluginManager:220 - loadIPPluginJar : add ucpd
2025-04-25 21:40:48,284 [INFO] IPUIPlugin:80 - create IPUIPlugin
2025-04-25 21:40:48,284 [INFO] PluginManager:220 - loadIPPluginJar : add usart
2025-04-25 21:40:48,289 [INFO] IPUIPlugin:80 - create IPUIPlugin
2025-04-25 21:40:48,289 [INFO] PluginManager:220 - loadIPPluginJar : add usbx
2025-04-25 21:40:48,441 [FATAL] Updater:351 - Updater called before beeing initialized
2025-04-25 21:40:48,477 [INFO] RulesReader:64 - Compatibility file has been processed (302 Rules)
2025-04-25 21:40:48,499 [INFO] RulesReader:64 - Compatibility file has been processed (302 Rules)
2025-04-25 21:40:48,516 [INFO] CADModel:165 - CPN selected for project level
2025-04-25 21:40:48,517 [INFO] CADModel:114 - Register for checkConnection events
2025-04-25 21:40:48,517 [FATAL] Updater:351 - Updater called before beeing initialized
2025-04-25 21:40:48,517 [ERROR] CADModel:125 - Updater not yet initialized, retry later 
2025-04-25 21:40:48,844 [FATAL] Updater:351 - Updater called before beeing initialized
2025-04-25 21:40:48,847 [INFO] CADModel:165 - CPN selected for project level
2025-04-25 21:40:48,847 [INFO] CADModel:114 - Register for checkConnection events
2025-04-25 21:40:48,847 [FATAL] Updater:351 - Updater called before beeing initialized
2025-04-25 21:40:48,848 [ERROR] CADModel:125 - Updater not yet initialized, retry later 
2025-04-25 21:40:48,854 [FATAL] Updater:351 - Updater called before beeing initialized
2025-04-25 21:40:49,048 [FATAL] Updater:351 - Updater called before beeing initialized
2025-04-25 21:40:49,053 [INFO] DbMcusAds:53 - JSON generation date=Thu Mar 06 09:54:22 EST 2025 (1741272862078)
2025-04-25 21:40:49,054 [FATAL] Updater:351 - Updater called before beeing initialized
2025-04-25 21:40:49,071 [ERROR] LogOutputStream:75 - [STDERR_REDIRECT] Apr 25, 2025 9:40:49 PM org.glassfish.grizzly.http.server.NetworkListener start
2025-04-25 21:40:49,072 [ERROR] LogOutputStream:75 - [STDERR_REDIRECT] INFO: Started listener bound to [localhost:16722]
2025-04-25 21:40:49,072 [ERROR] LogOutputStream:75 - [STDERR_REDIRECT] 
2025-04-25 21:40:49,074 [ERROR] LogOutputStream:75 - [STDERR_REDIRECT] Apr 25, 2025 9:40:49 PM org.glassfish.grizzly.http.server.HttpServer start
2025-04-25 21:40:49,075 [ERROR] LogOutputStream:75 - [STDERR_REDIRECT] INFO: [HttpServer] Started.
2025-04-25 21:40:49,075 [ERROR] LogOutputStream:75 - [STDERR_REDIRECT] 
2025-04-25 21:40:49,099 [WARN] DetailPanel:346 - Failed to get advertising image, set to default
2025-04-25 21:40:49,360 [FATAL] Updater:351 - Updater called before beeing initialized
2025-04-25 21:40:49,362 [FATAL] Updater:351 - Updater called before beeing initialized
2025-04-25 21:40:49,362 [FATAL] Updater:351 - Updater called before beeing initialized
2025-04-25 21:40:49,362 [WARN] DetailPanel:346 - Failed to get advertising image, set to default
2025-04-25 21:40:49,363 [FATAL] Updater:351 - Updater called before beeing initialized
2025-04-25 21:40:49,418 [ERROR] Updater:1198 - MainUpdater not yet initialized. External WinMGr cannot be set.
2025-04-25 21:40:49,420 [INFO] Updater:1134 - Updater Version found : 6.14.1
2025-04-25 21:40:49,456 [INFO] ApplicationProperties:184 - Using Application install path: C:\ST\STM32CubeIDE_1.17.0\STM32CubeIDE\plugins\com.st.stm32cube.common.mx_6.14.1.202504091515
2025-04-25 21:40:50,212 [INFO] ThirdPartyUpdaterWithRetryManager:70 - Updater plugin not ready yet. [2/15]
2025-04-25 21:40:51,030 [ERROR] LogOutputStream:75 - [STDERR_REDIRECT] Apr 25, 2025 9:40:51 PM java.util.prefs.WindowsPreferences <init>
2025-04-25 21:40:51,031 [ERROR] LogOutputStream:75 - [STDERR_REDIRECT] WARNING: Could not open/create prefs root node Software\JavaSoft\Prefs at root 0xffffffff80000002. Windows RegCreateKeyEx(...) returned error code 5.
2025-04-25 21:40:51,032 [ERROR] LogOutputStream:75 - [STDERR_REDIRECT] 
2025-04-25 21:40:51,499 [INFO] MainUpdater:2872 - connection check result : 10
2025-04-25 21:40:51,499 [INFO] MainUpdater:289 - Updater Check For Update Now.
2025-04-25 21:40:51,500 [INFO] MicroXplorer:498 - Change Database Version : DB.6.0.141
2025-04-25 21:40:51,510 [INFO] McuFinderGlobals:63 - Set McuFinder mode to 2 (CubeIDE integrated)
2025-04-25 21:40:51,511 [INFO] UserAuth:484 - Internet connection configuration mode: 1
2025-04-25 21:40:51,560 [INFO] JxBrowserEngine:152 - Initiate JxBrowser Engine with user profile folder
2025-04-25 21:40:51,702 [INFO] CheckServerUpdateThread:120 - End of CheckServer Thread
2025-04-25 21:40:52,286 [INFO] WebApp:169 - Instantiating new browser for Auth
2025-04-25 21:40:53,216 [INFO] WebApp:463 - Apply proxy settings
2025-04-25 21:40:53,217 [INFO] WebApp:548 - Chromium requires no authentication
2025-04-25 21:40:53,229 [INFO] WebApp:491 - Direct internet connection detected
2025-04-25 21:40:53,268 [INFO] WebApp:894 - Register for checkConnection events
2025-04-25 21:40:53,269 [INFO] WebApp:463 - Apply proxy settings
2025-04-25 21:40:53,269 [INFO] WebApp:548 - Chromium requires no authentication
2025-04-25 21:40:53,270 [INFO] WebApp:491 - Direct internet connection detected
2025-04-25 21:40:53,454 [INFO] WebApp:191 - Connection restablished
2025-04-25 21:40:53,531 [WARN] PackLoader:240 - Cannot read IP mode file for STMicroelectronics.FP-SNS-MOTENVWB1.1.4.0
2025-04-25 21:40:53,545 [WARN] PackLoader:240 - Cannot read IP mode file for STMicroelectronics.FP-ATR-ASTRA1.2.0.2
2025-04-25 21:40:53,551 [WARN] PackLoader:240 - Cannot read IP mode file for STMicroelectronics.FP-ATR-ASTRA1.2.0.1
2025-04-25 21:40:53,566 [WARN] PackLoader:240 - Cannot read IP mode file for STMicroelectronics.X-CUBE-SMBUS.2.1.0
2025-04-25 21:40:53,581 [WARN] PackLoader:240 - Cannot read IP mode file for STMicroelectronics.X-CUBE-WB05N.1.1.0
2025-04-25 21:40:53,636 [WARN] PackLoader:240 - Cannot read IP mode file for STMicroelectronics.X-CUBE-AZRTOS-F7.1.1.0
2025-04-25 21:40:53,652 [WARN] PackLoader:240 - Cannot read IP mode file for STMicroelectronics.FP-SNS-FLIGHT1.5.0.2
2025-04-25 21:40:53,692 [WARN] PackLoader:240 - Cannot read IP mode file for Infineon.AIROC-Wi-Fi-Bluetooth-STM32.1.7.0
2025-04-25 21:40:53,715 [WARN] PackLoader:240 - Cannot read IP mode file for STMicroelectronics.X-CUBE-DISPLAY.3.0.0
2025-04-25 21:40:53,734 [WARN] PackLoader:240 - Cannot read IP mode file for STMicroelectronics.X-CUBE-BLE1.7.0.0
2025-04-25 21:40:53,753 [WARN] PackLoader:240 - Cannot read IP mode file for STMicroelectronics.X-CUBE-NFC10.1.0.0
2025-04-25 21:40:53,753 [INFO] WebApp:225 - Starting web application
2025-04-25 21:40:53,755 [INFO] WebApp:593 - Web application path used C:\ST\STM32CubeIDE_1.17.0\STM32CubeIDE\plugins\com.st.stm32cube.common.mx_6.14.1.202504091515\db\plugins\mcufinder\reactClient1\index.html
2025-04-25 21:40:53,789 [WARN] PackLoader:240 - Cannot read IP mode file for STMicroelectronics.X-CUBE-BLEMGR.4.0.0
2025-04-25 21:40:53,809 [WARN] PackLoader:240 - Cannot read IP mode file for emotas.I-CUBE-CANOPEN.1.3.0
2025-04-25 21:40:53,818 [WARN] PackLoader:240 - Cannot read IP mode file for STMicroelectronics.X-CUBE-AI.10.0.0
2025-04-25 21:40:53,826 [WARN] PackLoader:240 - Cannot read IP mode file for STMicroelectronics.FP-SNS-SMARTAG2.1.2.0
2025-04-25 21:40:53,838 [WARN] PackLoader:240 - Cannot read IP mode file for STMicroelectronics.FP-SNS-FLIGHT1.5.1.0
2025-04-25 21:40:53,930 [WARN] PackLoader:240 - Cannot read IP mode file for STMicroelectronics.X-CUBE-MEMS1.11.1.0
2025-04-25 21:40:54,029 [INFO] UserAuth:484 - Internet connection configuration mode: 1
2025-04-25 21:40:54,142 [INFO] LogOutputStream:77 - [STDOUT_REDIRECT] 1 : Invalid condition id : UX_CORESTACK_Condition cause : null
2025-04-25 21:40:54,143 [INFO] LogOutputStream:77 - [STDOUT_REDIRECT] 1 : Invalid condition id : UX_CORESTACK_Condition cause : null
2025-04-25 21:40:54,145 [INFO] LogOutputStream:77 - [STDOUT_REDIRECT] 1 : Invalid condition id : UX_CORESTACK_Condition cause : null
2025-04-25 21:40:54,148 [INFO] LogOutputStream:77 - [STDOUT_REDIRECT] 1 : Invalid condition id : UX_CORESTACK_Condition cause : null
2025-04-25 21:40:54,149 [INFO] LogOutputStream:77 - [STDOUT_REDIRECT] 1 : Invalid condition id : UX_CORESTACK_Condition cause : null
2025-04-25 21:40:54,159 [WARN] PackLoader:240 - Cannot read IP mode file for STMicroelectronics.X-CUBE-AZRTOS-WL.2.0.0
2025-04-25 21:40:54,167 [WARN] PackLoader:240 - Cannot read IP mode file for STMicroelectronics.FP-SNS-MOTENV1.5.0.0
2025-04-25 21:40:54,173 [WARN] PackLoader:240 - Cannot read IP mode file for wolfSSL.I-CUBE-wolfMQTT.1.19.0
2025-04-25 21:40:54,182 [WARN] PackLoader:240 - Cannot read IP mode file for WES.I-CUBE-Cesium.1.3.0
2025-04-25 21:40:54,189 [WARN] PackLoader:240 - Cannot read IP mode file for STMicroelectronics.X-CUBE-BLE2.3.3.0
2025-04-25 21:40:54,201 [WARN] PackLoader:240 - Cannot read IP mode file for STMicroelectronics.X-CUBE-NFC9.1.0.0
2025-04-25 21:40:54,209 [WARN] PackLoader:240 - Cannot read IP mode file for STMicroelectronics.X-CUBE-BLE1.7.1.0
2025-04-25 21:40:54,256 [WARN] PackLoader:240 - Cannot read IP mode file for STMicroelectronics.X-CUBE-MEMS1.11.2.0
2025-04-25 21:40:54,389 [WARN] PackLoader:240 - Cannot read IP mode file for STMicroelectronics.X-CUBE-AZRTOS-G0.1.1.0
2025-04-25 21:40:54,402 [WARN] PackLoader:240 - Cannot read IP mode file for STMicroelectronics.X-CUBE-SAFEA1.1.2.2
2025-04-25 21:40:54,408 [WARN] PackLoader:240 - Cannot read IP mode file for STMicroelectronics.X-CUBE-NFC4.3.0.0
2025-04-25 21:40:54,421 [WARN] PackLoader:240 - Cannot read IP mode file for EmbeddedOffice.I-CUBE-FS-RTOS.1.0.1
2025-04-25 21:40:54,427 [WARN] PackLoader:240 - Cannot read IP mode file for STMicroelectronics.X-CUBE-WB05N.2.0.0
2025-04-25 21:40:54,435 [WARN] PackLoader:240 - Cannot read IP mode file for STMicroelectronics.X-CUBE-TCPP.4.2.0
2025-04-25 21:40:54,441 [WARN] PackLoader:240 - Cannot read IP mode file for RealThread.X-CUBE-RT-Thread_Nano.4.1.1
2025-04-25 21:40:54,487 [WARN] PackLoader:240 - Cannot read IP mode file for STMicroelectronics.FP-ATR-SIGFOX1.3.2.0
2025-04-25 21:40:54,495 [WARN] ConditionMgr:438 - getConditionDescription Invalid condition id : Cortex-A Device cause : null
2025-04-25 21:40:54,519 [WARN] ConditionMgr:1044 - genDependencies : Invalid condition id : Cortex-A Device cause : null
2025-04-25 21:40:54,520 [WARN] ConditionMgr:1044 - genDependencies : Invalid condition id : Cortex-A Device cause : null
2025-04-25 21:40:54,520 [WARN] ConditionMgr:1044 - genDependencies : Invalid condition id : Cortex-A Device cause : null
2025-04-25 21:40:54,528 [WARN] PackLoader:240 - Cannot read IP mode file for STMicroelectronics.X-CUBE-EEPRMA1.5.1.0
2025-04-25 21:40:54,535 [WARN] PackLoader:240 - Cannot read IP mode file for wolfSSL.I-CUBE-wolfSSL.5.7.6
2025-04-25 21:40:54,544 [WARN] PackLoader:240 - Cannot read IP mode file for ITTIA_DB.I-CUBE-ITTIADB.8.9.0
2025-04-25 21:40:54,590 [WARN] PackLoader:240 - Cannot read IP mode file for SEGGER.I-CUBE-embOS.1.3.1
2025-04-25 21:40:54,660 [WARN] PackLoader:240 - Cannot read IP mode file for STMicroelectronics.X-CUBE-ALGOBUILD.1.4.0
2025-04-25 21:40:54,684 [WARN] PackLoader:240 - Cannot read IP mode file for STMicroelectronics.X-CUBE-AZRTOS-F4.1.1.0
2025-04-25 21:40:54,693 [WARN] PackLoader:240 - Cannot read IP mode file for Avnet-IotConnect.X-CUBE-IoTC-DA16k-PMOD.1.0.0
2025-04-25 21:40:54,697 [WARN] PackLoader:240 - Cannot read IP mode file for STMicroelectronics.X-CUBE-ISPU.2.1.0
2025-04-25 21:40:54,721 [WARN] PackLoader:240 - Cannot read IP mode file for STMicroelectronics.X-CUBE-AZRTOS-L5.2.0.0
2025-04-25 21:40:54,733 [WARN] PackLoader:240 - Cannot read IP mode file for STMicroelectronics.X-CUBE-NFC6.3.1.0
2025-04-25 21:40:54,742 [WARN] PackLoader:240 - Cannot read IP mode file for STMicroelectronics.X-CUBE-DPower.1.2.0
2025-04-25 21:40:54,748 [WARN] PackLoader:240 - Cannot read IP mode file for STMicroelectronics.X-CUBE-FREERTOS.1.3.0
2025-04-25 21:40:54,758 [WARN] PackLoader:240 - Cannot read IP mode file for STMicroelectronics.X-CUBE-NFC7.1.0.1
2025-04-25 21:40:54,764 [WARN] PackLoader:240 - Cannot read IP mode file for STMicroelectronics.X-CUBE-DPower.1.3.0
2025-04-25 21:40:54,783 [WARN] ConditionMgr:438 - getConditionDescription Invalid condition id : LAN8742 Phy interface Condition cause : null
2025-04-25 21:40:54,783 [WARN] PackLoader:240 - Cannot read IP mode file for STMicroelectronics.X-CUBE-AZRTOS-L4.2.0.0
2025-04-25 21:40:54,786 [WARN] ConditionMgr:1044 - genDependencies : Invalid condition id : LAN8742 Phy interface Condition cause : null
2025-04-25 21:40:54,787 [WARN] ConditionMgr:1044 - genDependencies : Invalid condition id : LAN8742 Phy interface Condition cause : null
2025-04-25 21:40:54,788 [WARN] ConditionMgr:1044 - genDependencies : Invalid condition id : LAN8742 Phy interface Condition cause : null
2025-04-25 21:40:54,799 [WARN] PackLoader:240 - Cannot read IP mode file for STMicroelectronics.X-CUBE-SFXS2LP1.4.0.0
2025-04-25 21:40:54,825 [WARN] PackLoader:240 - Cannot read IP mode file for STMicroelectronics.X-CUBE-AZRTOS-H7.3.3.0
2025-04-25 21:40:54,841 [WARN] ConditionMgr:438 - getConditionDescription Invalid condition id : UX DEVICE CLASS RTOS Condition cause : null
2025-04-25 21:40:54,841 [WARN] ConditionMgr:438 - getConditionDescription Invalid condition id : UX DEVICE CLASS RTOS Condition cause : null
2025-04-25 21:40:54,842 [WARN] PackLoader:240 - Cannot read IP mode file for STMicroelectronics.X-CUBE-AZRTOS-WB.2.0.0
2025-04-25 21:40:54,844 [WARN] ConditionMgr:1044 - genDependencies : Invalid condition id : UX DEVICE CLASS RTOS Condition cause : null
2025-04-25 21:40:54,844 [WARN] ConditionMgr:1044 - genDependencies : Invalid condition id : UX DEVICE CLASS RTOS Condition cause : null
2025-04-25 21:40:54,844 [WARN] ConditionMgr:1044 - genDependencies : Invalid condition id : UX DEVICE CLASS RTOS Condition cause : null
2025-04-25 21:40:54,844 [WARN] ConditionMgr:1044 - genDependencies : Invalid condition id : UX DEVICE CLASS RTOS Condition cause : null
2025-04-25 21:40:54,844 [WARN] ConditionMgr:1044 - genDependencies : Invalid condition id : UX DEVICE CLASS RTOS Condition cause : null
2025-04-25 21:40:54,854 [WARN] PackLoader:240 - Cannot read IP mode file for STMicroelectronics.X-CUBE-GNSS1.7.0.1
2025-04-25 21:40:54,865 [WARN] PackLoader:240 - Cannot read IP mode file for STMicroelectronics.X-CUBE-TOUCHGFX.4.25.0
2025-04-25 21:40:54,874 [WARN] PackLoader:240 - Cannot read IP mode file for STMicroelectronics.FP-SNS-STBOX1.2.0.0
2025-04-25 21:40:54,887 [WARN] PackLoader:240 - Cannot read IP mode file for STMicroelectronics.X-CUBE-SUBG2.5.0.0
2025-04-25 21:40:54,907 [WARN] PackLoader:240 - Cannot read IP mode file for STMicroelectronics.X-CUBE-AZRTOS-H7RS.1.1.0
2025-04-25 21:40:54,919 [WARN] PackLoader:240 - Cannot read IP mode file for Cesanta.I-CUBE-Mongoose.7.13.0
2025-04-25 21:40:54,938 [WARN] PackLoader:240 - Cannot read IP mode file for STMicroelectronics.X-CUBE-AZRTOS-G4.2.0.0
2025-04-25 21:40:54,952 [WARN] PackLoader:240 - Cannot read IP mode file for STMicroelectronics.X-CUBE-IPS.3.1.0
2025-04-25 21:40:54,963 [WARN] PackLoader:240 - Cannot read IP mode file for STMicroelectronics.X-CUBE-ALS.1.0.2
2025-04-25 21:40:54,968 [WARN] PackLoader:240 - Cannot read IP mode file for STMicroelectronics.X-CUBE-TOUCHGFX.4.24.2
2025-04-25 21:40:54,973 [WARN] PackLoader:240 - Cannot read IP mode file for wolfSSL.I-CUBE-wolfTPM.3.4.0
2025-04-25 21:40:54,979 [WARN] PackLoader:240 - Cannot read IP mode file for portGmbH.I-Cube-SoM-uGOAL.1.1.0
2025-04-25 21:40:54,996 [WARN] PackLoader:240 - Cannot read IP mode file for STMicroelectronics.X-CUBE-AZRTOS-H7RS.1.0.0
2025-04-25 21:40:55,009 [WARN] PackLoader:240 - Cannot read IP mode file for STMicroelectronics.X-CUBE-TOF1.3.4.2
2025-04-25 21:40:55,026 [WARN] PackLoader:240 - Cannot read IP mode file for STMicroelectronics.X-CUBE-TOF1.3.4.3
2025-04-25 21:40:55,050 [WARN] PackLoader:240 - Cannot read IP mode file for wolfSSL.I-CUBE-wolfSSH.1.4.17
2025-04-25 21:40:55,051 [INFO] ThirdParty:978 - Integrity check success = true
2025-04-25 21:40:55,051 [INFO] IntegrityCheckThread:100 - exiting critical section [integrity check]
2025-04-25 21:40:55,051 [INFO] IntegrityCheckThread:103 - End integrity checks thread
2025-04-25 22:41:56,405 [ERROR] LogOutputStream:75 - [STDERR_REDIRECT] 
