2025-04-26 18:39:53,802 [INFO] Activator:176 - 


2025-04-26 18:39:53,805 [INFO] Activator:177 - !SESSION log4j initialized
2025-04-26 18:40:00,241 [INFO] LogOutputStream:77 - [STDOUT_REDIRECT] 
2025-04-26 18:40:01,660 [ERROR] LogOutputStream:75 - [STDERR_REDIRECT] Apr 26, 2025 6:40:01 PM org.glassfish.grizzly.http.server.NetworkListener start
2025-04-26 18:40:01,661 [ERROR] LogOutputStream:75 - [STDERR_REDIRECT] INFO: Started listener bound to [localhost:16721]
2025-04-26 18:40:01,662 [ERROR] LogOutputStream:75 - [STDERR_REDIRECT] 
2025-04-26 18:40:01,665 [ERROR] LogOutputStream:75 - [STDERR_REDIRECT] Apr 26, 2025 6:40:01 PM org.glassfish.grizzly.http.server.HttpServer start
2025-04-26 18:40:01,667 [ERROR] LogOutputStream:75 - [STDERR_REDIRECT] INFO: [HttpServer] Started.
2025-04-26 18:40:01,668 [ERROR] LogOutputStream:75 - [STDERR_REDIRECT] 
2025-04-26 18:40:01,827 [INFO] ApplicationProperties:184 - Using Application install path: C:\ST\STM32CubeIDE_1.17.0\STM32CubeIDE\plugins\com.st.stm32cube.common.mx_6.14.1.202504091515
2025-04-26 18:40:01,867 [INFO] DbMcusXml:78 - Set database path to: C:\ST\STM32CubeIDE_1.17.0\STM32CubeIDE\plugins\com.st.stm32cube.common.mx_6.14.1.202504091515\\db\/mcu/
2025-04-26 18:40:01,867 [INFO] ApiDb:274 - Set plugin database path to: C:\ST\STM32CubeIDE_1.17.0\STM32CubeIDE\plugins\com.st.stm32cube.common.mx_6.14.1.202504091515\\db\/plugins/boardmanager/
2025-04-26 18:40:01,867 [WARN] ApiDb:259 - Overriding images path with different value:  => C:\ST\STM32CubeIDE_1.17.0\STM32CubeIDE\plugins\com.st.stm32cube.common.mx_6.14.1.202504091515\\db\/plugins/mcufinder/images/
2025-04-26 18:40:01,883 [INFO] ApiDb:250 - Set database path to: C:\Users\rouse\.stmcufinder\plugins\mcufinder//mcu/
2025-04-26 18:40:01,884 [INFO] DbMcusAds:125 - Set database path to: C:\Users\rouse\.stmcufinder\plugins\mcufinder//mcu/
2025-04-26 18:40:01,892 [INFO] CrossReferenceDbSqlite:203 - Set database path to: C:\Users\rouse\.stmcufinder\plugins\mcufinder//mcu/cs/
2025-04-26 18:40:02,088 [INFO] RulesReader:64 - Compatibility file has been processed (302 Rules)
2025-04-26 18:40:02,189 [INFO] DbMcusXml:78 - Set database path to: C:\ST\STM32CubeIDE_1.17.0\STM32CubeIDE\plugins\com.st.stm32cube.common.mx_6.14.1.202504091515\\db\/mcu/
2025-04-26 18:40:02,189 [INFO] ApiDb:274 - Set plugin database path to: C:\ST\STM32CubeIDE_1.17.0\STM32CubeIDE\plugins\com.st.stm32cube.common.mx_6.14.1.202504091515\\db\/plugins/boardmanager/
2025-04-26 18:40:02,189 [INFO] ApiDb:261 - Set plugin images path to: C:\ST\STM32CubeIDE_1.17.0\STM32CubeIDE\plugins\com.st.stm32cube.common.mx_6.14.1.202504091515\\db\/plugins/mcufinder/images/
2025-04-26 18:40:02,189 [WARN] DbFile:41 - Overriding database path with different value: C:\Users\rouse\.stmcufinder\plugins\mcufinder/ => C:\Users\rouse\.stmcufinder\plugins\mcufinder
2025-04-26 18:40:02,189 [INFO] ApiDb:250 - Set database path to: C:\Users\rouse\.stmcufinder\plugins\mcufinder//mcu/
2025-04-26 18:40:02,189 [WARN] DbFile:41 - Overriding database path with different value: C:\Users\rouse\.stmcufinder\plugins\mcufinder/ => C:\Users\rouse\.stmcufinder\plugins\mcufinder
2025-04-26 18:40:02,189 [INFO] DbMcusAds:125 - Set database path to: C:\Users\rouse\.stmcufinder\plugins\mcufinder//mcu/
2025-04-26 18:40:02,189 [WARN] DbFile:41 - Overriding database path with different value: C:\Users\rouse\.stmcufinder\plugins\mcufinder/ => C:\Users\rouse\.stmcufinder\plugins\mcufinder
2025-04-26 18:40:02,189 [WARN] DbFile:41 - Overriding database path with different value: C:\Users\rouse\.stmcufinder\plugins\mcufinder/ => C:\Users\rouse\.stmcufinder\plugins\mcufinder
2025-04-26 18:40:02,189 [INFO] CrossReferenceDbSqlite:203 - Set database path to: C:\Users\rouse\.stmcufinder\plugins\mcufinder//mcu/cs/
2025-04-26 18:40:02,287 [INFO] MainPanel:272 - HeapMemory: 268435456
2025-04-26 18:40:02,403 [INFO] DbMcusXml:78 - Set database path to: C:\ST\STM32CubeIDE_1.17.0\STM32CubeIDE\plugins\com.st.stm32cube.common.mx_6.14.1.202504091515\\db\/mcu/
2025-04-26 18:40:02,403 [INFO] ApiDb:274 - Set plugin database path to: C:\ST\STM32CubeIDE_1.17.0\STM32CubeIDE\plugins\com.st.stm32cube.common.mx_6.14.1.202504091515\\db\/plugins/boardmanager/
2025-04-26 18:40:02,403 [INFO] ApiDb:261 - Set plugin images path to: C:\ST\STM32CubeIDE_1.17.0\STM32CubeIDE\plugins\com.st.stm32cube.common.mx_6.14.1.202504091515\\db\/plugins/mcufinder/images/
2025-04-26 18:40:02,403 [WARN] DbFile:41 - Overriding database path with different value: C:\Users\rouse\.stmcufinder\plugins\mcufinder/ => C:\Users\rouse\.stmcufinder\plugins\mcufinder
2025-04-26 18:40:02,404 [INFO] ApiDb:250 - Set database path to: C:\Users\rouse\.stmcufinder\plugins\mcufinder//mcu/
2025-04-26 18:40:02,404 [WARN] DbFile:41 - Overriding database path with different value: C:\Users\rouse\.stmcufinder\plugins\mcufinder/ => C:\Users\rouse\.stmcufinder\plugins\mcufinder
2025-04-26 18:40:02,404 [INFO] DbMcusAds:125 - Set database path to: C:\Users\rouse\.stmcufinder\plugins\mcufinder//mcu/
2025-04-26 18:40:02,404 [WARN] DbFile:41 - Overriding database path with different value: C:\Users\rouse\.stmcufinder\plugins\mcufinder/ => C:\Users\rouse\.stmcufinder\plugins\mcufinder
2025-04-26 18:40:02,404 [WARN] DbFile:41 - Overriding database path with different value: C:\Users\rouse\.stmcufinder\plugins\mcufinder/ => C:\Users\rouse\.stmcufinder\plugins\mcufinder
2025-04-26 18:40:02,404 [INFO] CrossReferenceDbSqlite:203 - Set database path to: C:\Users\rouse\.stmcufinder\plugins\mcufinder//mcu/cs/
2025-04-26 18:40:02,419 [INFO] ApplicationProperties:184 - Using Application install path: C:\ST\STM32CubeIDE_1.17.0\STM32CubeIDE\plugins\com.st.stm32cube.common.mx_6.14.1.202504091515
2025-04-26 18:40:02,420 [INFO] PluginManage:196 - Search for loadable plugins [exclusion list=, ]
2025-04-26 18:40:02,422 [INFO] PluginManage:310 - Check plugin analytics
2025-04-26 18:40:02,583 [INFO] AnalyticsPlugin:253 - Accepted Software Licenses: STM32CubeMX.6.14.0,STM32CubeMX.6.13.0
2025-04-26 18:40:02,583 [INFO] AnalyticsPlugin:255 - Accepted CMSIS Pack Licenses: 
2025-04-26 18:40:02,584 [INFO] AnalyticsPlugin:257 - Accepted Firmware Licenses: FW.C0.1.3.0
2025-04-26 18:40:02,586 [INFO] PluginManage:359 - Loaded plugin analytics (category:tool,tabindex:-1)
2025-04-26 18:40:02,586 [INFO] PluginManage:310 - Check plugin cadmodel
2025-04-26 18:40:02,592 [INFO] CADModel:105 - Init CAD model plugin
2025-04-26 18:40:02,592 [INFO] PluginManage:359 - Loaded plugin cadmodel (category:power,tabindex:5)
2025-04-26 18:40:02,592 [INFO] PluginManage:310 - Check plugin clock
2025-04-26 18:40:02,604 [INFO] PluginManage:359 - Loaded plugin clock (category:base,tabindex:2)
2025-04-26 18:40:02,604 [INFO] PluginManage:310 - Check plugin ddr
2025-04-26 18:40:02,607 [INFO] PluginManage:359 - Loaded plugin ddr (category:tool,tabindex:6)
2025-04-26 18:40:02,607 [INFO] PluginManage:310 - Check plugin filemanager
2025-04-26 18:40:02,741 [INFO] PluginManage:359 - Loaded plugin filemanager (category:base,tabindex:10)
2025-04-26 18:40:02,741 [INFO] PluginManage:310 - Check plugin ipmanager
2025-04-26 18:40:02,747 [INFO] PluginManage:359 - Loaded plugin ipmanager (category:base,tabindex:5)
2025-04-26 18:40:02,747 [INFO] PluginManage:310 - Check plugin lpbam
2025-04-26 18:40:02,755 [INFO] PluginManage:359 - Loaded plugin lpbam (category:base,tabindex:0)
2025-04-26 18:40:02,755 [INFO] PluginManage:310 - Check plugin memorymap
2025-04-26 18:40:02,768 [INFO] PluginManage:359 - Loaded plugin memorymap (category:base,tabindex:4)
2025-04-26 18:40:02,768 [INFO] PluginManage:310 - Check plugin pinoutandconfiguration
2025-04-26 18:40:02,775 [INFO] PluginManage:359 - Loaded plugin pinoutandconfiguration (category:base,tabindex:1)
2025-04-26 18:40:02,775 [INFO] PluginManage:310 - Check plugin pinoutconfig
2025-04-26 18:40:02,854 [WARN] SupportedApi:132 - Cannot load RTOS API schema: s4s-elt-must-match.1: The content of 'definitions' must match (annotation?, (simpleType | complexType)?, (unique | key | keyref)*)). A problem was found starting at: attribute.
2025-04-26 18:40:02,979 [INFO] PluginManage:359 - Loaded plugin pinoutconfig (category:base,tabindex:0)
2025-04-26 18:40:02,979 [INFO] PluginManage:310 - Check plugin power
2025-04-26 18:40:02,987 [INFO] PluginManage:359 - Loaded plugin power (category:power,tabindex:4)
2025-04-26 18:40:02,987 [INFO] PluginManage:310 - Check plugin projectmanager
2025-04-26 18:40:03,001 [INFO] PluginManage:359 - Loaded plugin projectmanager (category:projectmanager,tabindex:4)
2025-04-26 18:40:03,001 [INFO] PluginManage:310 - Check plugin rif
2025-04-26 18:40:03,009 [INFO] PluginManage:359 - Loaded plugin rif (category:base,tabindex:3)
2025-04-26 18:40:03,009 [INFO] PluginManage:310 - Check plugin thirdparty
2025-04-26 18:40:03,135 [INFO] PluginManage:359 - Loaded plugin thirdparty (category:base,tabindex:-1)
2025-04-26 18:40:03,135 [WARN] IntegrityCheckThread:84 - waiting for thirdparty lock release [integrity check]
2025-04-26 18:40:03,136 [INFO] IntegrityCheckThread:86 - entering critical section [integrity check]
2025-04-26 18:40:03,136 [INFO] PluginManage:310 - Check plugin tools
2025-04-26 18:40:03,136 [INFO] ThirdPartyUpdaterWithRetryManager:70 - Updater plugin not ready yet. [1/15]
2025-04-26 18:40:03,138 [INFO] PluginManage:359 - Loaded plugin tools (category:base,tabindex:7)
2025-04-26 18:40:03,138 [INFO] PluginManage:310 - Check plugin tutovideos
2025-04-26 18:40:03,309 [INFO] PluginManage:359 - Loaded plugin tutovideos (category:base,tabindex:-1)
2025-04-26 18:40:03,309 [INFO] PluginManage:310 - Check plugin updater
2025-04-26 18:40:03,327 [INFO] PluginManage:359 - Loaded plugin updater (category:base,tabindex:12)
2025-04-26 18:40:03,327 [INFO] PluginManage:310 - Check plugin userauth
2025-04-26 18:40:03,331 [INFO] UserAuth:118 - Init User Auth plugin
2025-04-26 18:40:03,331 [INFO] PluginManage:359 - Loaded plugin userauth (category:base,tabindex:14)
2025-04-26 18:40:03,332 [INFO] PluginManage:283 - PluginManage : Loaded plugins [18]
2025-04-26 18:40:03,511 [INFO] PinOutPanel:1589 - setPackage(No Configuration,No Configuration)
2025-04-26 18:40:03,587 [INFO] CADModel:165 - CPN selected for project level
2025-04-26 18:40:03,587 [INFO] CADModel:114 - Register for checkConnection events
2025-04-26 18:40:03,606 [INFO] IPUIPlugin:80 - create IPUIPlugin
2025-04-26 18:40:03,607 [INFO] PluginManager:220 - loadIPPluginJar : add adc
2025-04-26 18:40:03,609 [INFO] IPUIPlugin:80 - create IPUIPlugin
2025-04-26 18:40:03,609 [INFO] PluginManager:220 - loadIPPluginJar : add aes
2025-04-26 18:40:03,612 [INFO] IPUIPlugin:80 - create IPUIPlugin
2025-04-26 18:40:03,612 [INFO] PluginManager:220 - loadIPPluginJar : add can
2025-04-26 18:40:03,614 [INFO] IPUIPlugin:80 - create IPUIPlugin
2025-04-26 18:40:03,614 [INFO] PluginManager:220 - loadIPPluginJar : add comp
2025-04-26 18:40:03,617 [INFO] IPUIPlugin:80 - create IPUIPlugin
2025-04-26 18:40:03,617 [INFO] PluginManager:220 - loadIPPluginJar : add cryp
2025-04-26 18:40:03,620 [INFO] IPUIPlugin:80 - create IPUIPlugin
2025-04-26 18:40:03,621 [INFO] PluginManager:220 - loadIPPluginJar : add ddr_ctrl_phy
2025-04-26 18:40:03,622 [INFO] IPUIPlugin:80 - create IPUIPlugin
2025-04-26 18:40:03,622 [INFO] PluginManager:220 - loadIPPluginJar : add dfsdm
2025-04-26 18:40:03,627 [INFO] IPUIPlugin:80 - create IPUIPlugin
2025-04-26 18:40:03,627 [INFO] PluginManager:220 - loadIPPluginJar : add dma
2025-04-26 18:40:03,629 [INFO] IPUIPlugin:80 - create IPUIPlugin
2025-04-26 18:40:03,629 [INFO] PluginManager:220 - loadIPPluginJar : add dma3
2025-04-26 18:40:03,632 [INFO] IPUIPlugin:80 - create IPUIPlugin
2025-04-26 18:40:03,632 [INFO] PluginManager:220 - loadIPPluginJar : add extmemmanager
2025-04-26 18:40:03,634 [INFO] IPUIPlugin:80 - create IPUIPlugin
2025-04-26 18:40:03,634 [INFO] PluginManager:220 - loadIPPluginJar : add fatfs
2025-04-26 18:40:03,639 [INFO] IPUIPlugin:80 - create IPUIPlugin
2025-04-26 18:40:03,639 [INFO] PluginManager:220 - loadIPPluginJar : add fmc
2025-04-26 18:40:03,646 [INFO] IPUIPlugin:80 - create IPUIPlugin
2025-04-26 18:40:03,646 [INFO] PluginManager:220 - loadIPPluginJar : add freertos
2025-04-26 18:40:03,649 [INFO] IPUIPlugin:80 - create IPUIPlugin
2025-04-26 18:40:03,649 [INFO] PluginManager:220 - loadIPPluginJar : add genericplugin
2025-04-26 18:40:03,651 [INFO] IPUIPlugin:80 - create IPUIPlugin
2025-04-26 18:40:03,651 [INFO] PluginManager:220 - loadIPPluginJar : add gfxmmu
2025-04-26 18:40:03,657 [INFO] IPUIPlugin:80 - create IPUIPlugin
2025-04-26 18:40:03,657 [INFO] PluginManager:220 - loadIPPluginJar : add gic
2025-04-26 18:40:03,661 [INFO] IPUIPlugin:80 - create IPUIPlugin
2025-04-26 18:40:03,661 [INFO] PluginManager:220 - loadIPPluginJar : add gpio
2025-04-26 18:40:03,665 [INFO] IPUIPlugin:80 - create IPUIPlugin
2025-04-26 18:40:03,665 [INFO] PluginManager:220 - loadIPPluginJar : add gtzc
2025-04-26 18:40:03,668 [INFO] IPUIPlugin:80 - create IPUIPlugin
2025-04-26 18:40:03,668 [INFO] PluginManager:220 - loadIPPluginJar : add hash
2025-04-26 18:40:03,671 [INFO] IPUIPlugin:80 - create IPUIPlugin
2025-04-26 18:40:03,671 [INFO] PluginManager:220 - loadIPPluginJar : add i2c
2025-04-26 18:40:03,674 [INFO] IPUIPlugin:80 - create IPUIPlugin
2025-04-26 18:40:03,674 [INFO] PluginManager:220 - loadIPPluginJar : add i2s
2025-04-26 18:40:03,679 [INFO] IPUIPlugin:80 - create IPUIPlugin
2025-04-26 18:40:03,679 [INFO] PluginManager:220 - loadIPPluginJar : add i3c
2025-04-26 18:40:03,683 [INFO] IPUIPlugin:80 - create IPUIPlugin
2025-04-26 18:40:03,683 [INFO] PluginManager:220 - loadIPPluginJar : add ipddr
2025-04-26 18:40:03,690 [INFO] IPUIPlugin:80 - create IPUIPlugin
2025-04-26 18:40:03,690 [INFO] PluginManager:220 - loadIPPluginJar : add linkedlist
2025-04-26 18:40:03,694 [INFO] IPUIPlugin:80 - create IPUIPlugin
2025-04-26 18:40:03,694 [INFO] PluginManager:220 - loadIPPluginJar : add lorawan
2025-04-26 18:40:03,696 [INFO] IPUIPlugin:80 - create IPUIPlugin
2025-04-26 18:40:03,696 [INFO] PluginManager:220 - loadIPPluginJar : add ltdc
2025-04-26 18:40:03,702 [INFO] IPUIPlugin:80 - create IPUIPlugin
2025-04-26 18:40:03,702 [INFO] PluginManager:220 - loadIPPluginJar : add mdma
2025-04-26 18:40:03,705 [INFO] IPUIPlugin:80 - create IPUIPlugin
2025-04-26 18:40:03,705 [INFO] PluginManager:220 - loadIPPluginJar : add nvic
2025-04-26 18:40:03,708 [INFO] IPUIPlugin:80 - create IPUIPlugin
2025-04-26 18:40:03,708 [INFO] PluginManager:220 - loadIPPluginJar : add opamp
2025-04-26 18:40:03,711 [INFO] IPUIPlugin:80 - create IPUIPlugin
2025-04-26 18:40:03,711 [INFO] PluginManager:220 - loadIPPluginJar : add openamp
2025-04-26 18:40:03,714 [INFO] IPUIPlugin:80 - create IPUIPlugin
2025-04-26 18:40:03,714 [INFO] PluginManager:220 - loadIPPluginJar : add pdm2pcm
2025-04-26 18:40:03,720 [INFO] IPUIPlugin:80 - create IPUIPlugin
2025-04-26 18:40:03,722 [INFO] PluginManager:220 - loadIPPluginJar : add plateformsettings
2025-04-26 18:40:03,724 [INFO] IPUIPlugin:80 - create IPUIPlugin
2025-04-26 18:40:03,724 [INFO] PluginManager:220 - loadIPPluginJar : add quadspi
2025-04-26 18:40:03,726 [INFO] IPUIPlugin:80 - create IPUIPlugin
2025-04-26 18:40:03,727 [INFO] PluginManager:220 - loadIPPluginJar : add radio
2025-04-26 18:40:03,731 [INFO] IPUIPlugin:80 - create IPUIPlugin
2025-04-26 18:40:03,731 [INFO] PluginManager:220 - loadIPPluginJar : add resmgrutility
2025-04-26 18:40:03,734 [INFO] IPUIPlugin:80 - create IPUIPlugin
2025-04-26 18:40:03,734 [INFO] PluginManager:220 - loadIPPluginJar : add sai
2025-04-26 18:40:03,737 [INFO] IPUIPlugin:80 - create IPUIPlugin
2025-04-26 18:40:03,737 [INFO] PluginManager:220 - loadIPPluginJar : add spi
2025-04-26 18:40:03,744 [INFO] IPUIPlugin:80 - create IPUIPlugin
2025-04-26 18:40:03,744 [INFO] PluginManager:220 - loadIPPluginJar : add stm32_wpan
2025-04-26 18:40:03,746 [INFO] IPUIPlugin:80 - create IPUIPlugin
2025-04-26 18:40:03,746 [INFO] PluginManager:220 - loadIPPluginJar : add tim
2025-04-26 18:40:03,749 [INFO] IPUIPlugin:80 - create IPUIPlugin
2025-04-26 18:40:03,750 [INFO] PluginManager:220 - loadIPPluginJar : add touchsensing
2025-04-26 18:40:03,752 [INFO] IPUIPlugin:80 - create IPUIPlugin
2025-04-26 18:40:03,752 [INFO] PluginManager:220 - loadIPPluginJar : add tracer_emb
2025-04-26 18:40:03,755 [INFO] IPUIPlugin:80 - create IPUIPlugin
2025-04-26 18:40:03,755 [INFO] PluginManager:220 - loadIPPluginJar : add ts
2025-04-26 18:40:03,757 [INFO] IPUIPlugin:80 - create IPUIPlugin
2025-04-26 18:40:03,757 [INFO] PluginManager:220 - loadIPPluginJar : add tsc
2025-04-26 18:40:03,759 [INFO] IPUIPlugin:80 - create IPUIPlugin
2025-04-26 18:40:03,760 [INFO] PluginManager:220 - loadIPPluginJar : add ucpd
2025-04-26 18:40:03,763 [INFO] IPUIPlugin:80 - create IPUIPlugin
2025-04-26 18:40:03,763 [INFO] PluginManager:220 - loadIPPluginJar : add usart
2025-04-26 18:40:03,767 [INFO] IPUIPlugin:80 - create IPUIPlugin
2025-04-26 18:40:03,767 [INFO] PluginManager:220 - loadIPPluginJar : add usbx
2025-04-26 18:40:03,885 [FATAL] Updater:351 - Updater called before beeing initialized
2025-04-26 18:40:03,907 [INFO] RulesReader:64 - Compatibility file has been processed (302 Rules)
2025-04-26 18:40:03,914 [INFO] RulesReader:64 - Compatibility file has been processed (302 Rules)
2025-04-26 18:40:03,922 [INFO] CADModel:165 - CPN selected for project level
2025-04-26 18:40:03,922 [INFO] CADModel:114 - Register for checkConnection events
2025-04-26 18:40:03,922 [FATAL] Updater:351 - Updater called before beeing initialized
2025-04-26 18:40:03,922 [ERROR] CADModel:125 - Updater not yet initialized, retry later 
2025-04-26 18:40:04,066 [FATAL] Updater:351 - Updater called before beeing initialized
2025-04-26 18:40:04,068 [INFO] CADModel:165 - CPN selected for project level
2025-04-26 18:40:04,069 [INFO] CADModel:114 - Register for checkConnection events
2025-04-26 18:40:04,069 [FATAL] Updater:351 - Updater called before beeing initialized
2025-04-26 18:40:04,069 [ERROR] CADModel:125 - Updater not yet initialized, retry later 
2025-04-26 18:40:04,073 [FATAL] Updater:351 - Updater called before beeing initialized
2025-04-26 18:40:04,165 [FATAL] Updater:351 - Updater called before beeing initialized
2025-04-26 18:40:04,168 [INFO] DbMcusAds:53 - JSON generation date=Thu Mar 06 09:54:22 EST 2025 (1741272862078)
2025-04-26 18:40:04,168 [FATAL] Updater:351 - Updater called before beeing initialized
2025-04-26 18:40:04,199 [WARN] DetailPanel:346 - Failed to get advertising image, set to default
2025-04-26 18:40:04,384 [FATAL] Updater:351 - Updater called before beeing initialized
2025-04-26 18:40:04,386 [FATAL] Updater:351 - Updater called before beeing initialized
2025-04-26 18:40:04,386 [FATAL] Updater:351 - Updater called before beeing initialized
2025-04-26 18:40:04,386 [WARN] DetailPanel:346 - Failed to get advertising image, set to default
2025-04-26 18:40:04,387 [FATAL] Updater:351 - Updater called before beeing initialized
2025-04-26 18:40:04,427 [ERROR] Updater:1198 - MainUpdater not yet initialized. External WinMGr cannot be set.
2025-04-26 18:40:04,429 [INFO] Updater:1134 - Updater Version found : 6.14.1
2025-04-26 18:40:04,448 [INFO] ApplicationProperties:184 - Using Application install path: C:\ST\STM32CubeIDE_1.17.0\STM32CubeIDE\plugins\com.st.stm32cube.common.mx_6.14.1.202504091515
2025-04-26 18:40:06,011 [ERROR] LogOutputStream:75 - [STDERR_REDIRECT] Apr 26, 2025 6:40:06 PM java.util.prefs.WindowsPreferences <init>
2025-04-26 18:40:06,012 [ERROR] LogOutputStream:75 - [STDERR_REDIRECT] WARNING: Could not open/create prefs root node Software\JavaSoft\Prefs at root 0xffffffff80000002. Windows RegCreateKeyEx(...) returned error code 5.
2025-04-26 18:40:06,013 [ERROR] LogOutputStream:75 - [STDERR_REDIRECT] 
2025-04-26 18:40:06,138 [INFO] ThirdPartyUpdaterWithRetryManager:70 - Updater plugin not ready yet. [2/15]
2025-04-26 18:40:06,284 [INFO] MainUpdater:2872 - connection check result : 10
2025-04-26 18:40:06,285 [INFO] MainUpdater:289 - Updater Check For Update Now.
2025-04-26 18:40:06,285 [INFO] MicroXplorer:498 - Change Database Version : DB.6.0.141
2025-04-26 18:40:06,300 [INFO] McuFinderGlobals:63 - Set McuFinder mode to 2 (CubeIDE integrated)
2025-04-26 18:40:06,301 [INFO] UserAuth:484 - Internet connection configuration mode: 1
2025-04-26 18:40:06,333 [INFO] JxBrowserEngine:152 - Initiate JxBrowser Engine with user profile folder
2025-04-26 18:40:06,449 [INFO] CheckServerUpdateThread:120 - End of CheckServer Thread
2025-04-26 18:40:07,228 [INFO] WebApp:169 - Instantiating new browser for Auth
2025-04-26 18:40:07,894 [INFO] WebApp:463 - Apply proxy settings
2025-04-26 18:40:07,895 [INFO] WebApp:548 - Chromium requires no authentication
2025-04-26 18:40:07,907 [INFO] WebApp:491 - Direct internet connection detected
2025-04-26 18:40:07,993 [INFO] WebApp:894 - Register for checkConnection events
2025-04-26 18:40:07,994 [INFO] WebApp:463 - Apply proxy settings
2025-04-26 18:40:07,994 [INFO] WebApp:548 - Chromium requires no authentication
2025-04-26 18:40:07,995 [INFO] WebApp:491 - Direct internet connection detected
2025-04-26 18:40:08,101 [INFO] WebApp:191 - Connection restablished
2025-04-26 18:40:08,795 [INFO] WebApp:225 - Starting web application
2025-04-26 18:40:08,795 [INFO] WebApp:593 - Web application path used C:\ST\STM32CubeIDE_1.17.0\STM32CubeIDE\plugins\com.st.stm32cube.common.mx_6.14.1.202504091515\db\plugins\mcufinder\reactClient1\index.html
2025-04-26 18:40:08,877 [INFO] UserAuth:484 - Internet connection configuration mode: 1
2025-04-26 18:40:09,322 [ERROR] LogOutputStream:75 - [STDERR_REDIRECT] 
